#
# A fatal error has been detected by the Java Runtime Environment:
#
#  EXCEPTION_ACCESS_VIOLATION (0xc0000005) at pc=0x06491a9b, pid=4548, tid=1952
#
# JRE version: 7.0-b147
# Java VM: Java HotSpot(TM) Client VM (21.0-b17 mixed mode, sharing windows-x86 )
# Problematic frame:
# C  [jmddraw.dll+0x1a9b]
#
# Failed to write core dump. Minidumps are not enabled by default on client versions of Windows
#
# If you would like to submit a bug report, please visit:
#   http://bugreport.sun.com/bugreport/crash.jsp
# The crash happened outside the Java Virtual Machine in native code.
# See problematic frame for where to report the bug.
#

---------------  T H R E A D  ---------------

Current thread (0x04b68c00):  JavaThread "Loop thread: com.sun.media.renderer.video.DDRenderer@596a7a" [_thread_in_native, id=1952, stack(0x086a0000,0x086f0000)]

siginfo: ExceptionCode=0xc0000005, writing address 0x00000000

Registers:
EAX=0x00000000, EBX=0x06b906b0, ECX=0x00000000, EDX=0x28d61ac0
ESP=0x086ef548, EBP=0x09550020, ESI=0x04b68d28, EDI=0x00000000
EIP=0x06491a9b, EFLAGS=0x00010206

Top of Stack: (sp=0x086ef548)
0x086ef548:   04b68c00 335e3928 086ef698 335e3928
0x086ef558:   086ef5e0 00000000 09550020 04b72cf0
0x086ef568:   00000000 28d61ac0 71714b26 00000004
0x086ef578:   04b1d3b8 000001b5 04b68c00 000002fb
0x086ef588:   04b68d46 0127a2a0 00000000 00000000
0x086ef598:   00000000 00000000 00000280 000001e0
0x086ef5a8:   7603685c 0000012c 28d61ac0 0176e666
0x086ef5b8:   28d61ac0 04b68c00 086ef5e4 7172dc09 

Instructions: (pc=0x06491a9b)
0x06491a7b:   85 c0 0f 84 31 01 00 00 83 f8 20 0f 84 28 01 00
0x06491a8b:   00 50 e8 6b 07 00 00 8b 54 24 28 8b f8 83 c4 04
0x06491a9b:   89 17 8b 43 1c 8d 54 24 24 8b 08 52 8d 54 24 38
0x06491aab:   57 52 50 ff 51 0c 57 e8 17 07 00 00 83 c4 04 c7 


Register to memory mapping:

EAX=0x00000000 is an unknown value
EBX=0x06b906b0 is an unknown value
ECX=0x00000000 is an unknown value
EDX=0x28d61ac0 is an oop
com.sun.media.CircularBuffer 
 - klass: 'com/sun/media/CircularBuffer'
ESP=0x086ef548 is pointing into the stack for thread: 0x04b68c00
EBP=0x09550020 is an unknown value
ESI=0x04b68d28 is an unknown value
EDI=0x00000000 is an unknown value


Stack: [0x086a0000,0x086f0000],  sp=0x086ef548,  free space=317k
Native frames: (J=compiled Java code, j=interpreted, Vv=VM code, C=native code)
C  [jmddraw.dll+0x1a9b]  Java_com_sun_media_renderer_video_DDRenderer_dxDraw+0x1db

Java frames: (J=compiled Java code, j=interpreted, Vv=VM code)
j  com.sun.media.renderer.video.DDRenderer.dxDraw(Ljava/lang/Object;JII)Z+0
j  com.sun.media.renderer.video.DDRenderer.doProcess(Ljavax/media/Buffer;)I+217
j  com.sun.media.renderer.video.BasicVideoRenderer.process(Ljavax/media/Buffer;)I+18
j  com.sun.media.BasicRendererModule.processBuffer(Ljavax/media/Buffer;)I+357
j  com.sun.media.BasicRendererModule.scheduleBuffer(Ljavax/media/Buffer;)Z+164
j  com.sun.media.BasicRendererModule.doProcess()Z+330
j  com.sun.media.RenderThread.process()Z+4
j  com.sun.media.util.LoopThread.run()V+14
v  ~StubRoutines::call_stub

---------------  P R O C E S S  ---------------

Java Threads: ( => current thread )
  0x04b6c000 JavaThread "Thread-0" daemon [_thread_blocked, id=5456, stack(0x0ad80000,0x0add0000)]
  0x04b6ac00 JavaThread "Image Fetcher 0" daemon [_thread_blocked, id=5484, stack(0x0aaa0000,0x0aaf0000)]
=>0x04b68c00 JavaThread "Loop thread: com.sun.media.renderer.video.DDRenderer@596a7a" [_thread_in_native, id=1952, stack(0x086a0000,0x086f0000)]
  0x04b6b000 JavaThread "Loop thread: com.sun.media.parser.RawBufferParser$FrameTrack@150dcd3" [_thread_blocked, id=6088, stack(0x08770000,0x087c0000)]
  0x04b6a000 JavaThread "Loop thread" [_thread_blocked, id=2412, stack(0x06ce0000,0x06d30000)]
  0x04b69800 JavaThread "VFW TransferDataThread" [_thread_blocked, id=5584, stack(0x06b40000,0x06b90000)]
  0x04b69400 JavaThread "VFW VideoPollThread" [_thread_blocked, id=156, stack(0x06890000,0x068e0000)]
  0x04b41400 JavaThread "JMF thread: SendEventQueue: com.sun.media.PlaybackEngine" [_thread_blocked, id=4184, stack(0x068e0000,0x06930000)]
  0x04b51000 JavaThread "JMF thread: SendEventQueue: com.sun.media.content.unknown.Handler" [_thread_blocked, id=3272, stack(0x06640000,0x06690000)]
  0x03e11400 JavaThread "VFW Request Thread" [_thread_blocked, id=4944, stack(0x05dd0000,0x05e20000)]
  0x04a88400 JavaThread "TimerQueue" daemon [_thread_blocked, id=5460, stack(0x040c0000,0x04110000)]
  0x03e5bc00 JavaThread "Thread-1" [_thread_blocked, id=4776, stack(0x049c0000,0x04a10000)]
  0x0127b800 JavaThread "DestroyJavaVM" [_thread_blocked, id=6024, stack(0x01670000,0x016c0000)]
  0x03ed9000 JavaThread "AWT-EventQueue-0" [_thread_blocked, id=5928, stack(0x042d0000,0x04320000)]
  0x03ed7c00 JavaThread "AWT-Shutdown" [_thread_blocked, id=5780, stack(0x039d0000,0x03a20000)]
  0x03ed7400 JavaThread "Java2D Disposer" daemon [_thread_blocked, id=5340, stack(0x03f10000,0x03f60000)]
  0x0177e000 JavaThread "Service Thread" daemon [_thread_blocked, id=5112, stack(0x03c30000,0x03c80000)]
  0x0177c800 JavaThread "C1 CompilerThread0" daemon [_thread_blocked, id=4420, stack(0x03b80000,0x03bd0000)]
  0x0177b400 JavaThread "Attach Listener" daemon [_thread_blocked, id=5060, stack(0x03be0000,0x03c30000)]
  0x0177a400 JavaThread "Signal Dispatcher" daemon [_thread_blocked, id=5140, stack(0x038a0000,0x038f0000)]
  0x0176fc00 JavaThread "Finalizer" daemon [_thread_blocked, id=492, stack(0x01620000,0x01670000)]
  0x0176b000 JavaThread "Reference Handler" daemon [_thread_blocked, id=4884, stack(0x03a50000,0x03aa0000)]

Other Threads:
  0x01768800 VMThread [stack: 0x03960000,0x039b0000] [id=1844]

VM state:at safepoint (normal execution)

VM Mutex/Monitor currently owned by a thread:  ([mutex/lock_event])
[0x012799b0] Threads_lock - owner thread: 0x01768800

Heap
 def new generation   total 17856K, used 16387K [0x23590000, 0x248e0000, 0x28a30000)
  eden space 15936K,  95% used [0x23590000, 0x244782f8, 0x24520000)
  from space 1920K,  58% used [0x24700000, 0x24818ac0, 0x248e0000)
  to   space 1920K,   0% used [0x24520000, 0x24520000, 0x24700000)
 tenured generation   total 39340K, used 23603K [0x28a30000, 0x2b09b000, 0x33390000)
   the space 39340K,  59% used [0x28a30000, 0x2a13cc70, 0x2a13ce00, 0x2b09b000)
 compacting perm gen  total 12288K, used 10507K [0x33390000, 0x33f90000, 0x37390000)
   the space 12288K,  85% used [0x33390000, 0x33dd2c90, 0x33dd2e00, 0x33f90000)
    ro space 10240K,  45% used [0x37390000, 0x37811888, 0x37811a00, 0x37d90000)
    rw space 12288K,  54% used [0x37d90000, 0x384104f8, 0x38410600, 0x38990000)

Code Cache  [0x017c0000, 0x01a80000, 0x037c0000)
 total_blobs=1692 nmethods=1409 adapters=215 free_code_cache=29970Kb largest_free_block=30689280

Dynamic libraries:
0x000b0000 - 0x000de000 	C:\Program Files\Java\jdk1.7.0\bin\java.exe
0x77d40000 - 0x77e7c000 	C:\Windows\SYSTEM32\ntdll.dll
