#
# A fatal error has been detected by the Java Runtime Environment:
#
#  EXCEPTION_ACCESS_VIOLATION (0xc0000005) at pc=0x04fe1a9b, pid=5248, tid=5408
#
# JRE version: 7.0-b147
# Java VM: Java HotSpot(TM) Client VM (21.0-b17 mixed mode, sharing windows-x86 )
# Problematic frame:
# C  [jmddraw.dll+0x1a9b]
#
# Failed to write core dump. Minidumps are not enabled by default on client versions of Windows
#
# If you would like to submit a bug report, please visit:
#   http://bugreport.sun.com/bugreport/crash.jsp
# The crash happened outside the Java Virtual Machine in native code.
# See problematic frame for where to report the bug.
#

---------------  T H R E A D  ---------------

Current thread (0x040aa400):  JavaThread "Loop thread: com.sun.media.renderer.video.DDRenderer@ea8847" [_thread_in_native, id=5408, stack(0x06c10000,0x06c60000)]

siginfo: ExceptionCode=0xc0000005, writing address 0x00000000

Registers:
EAX=0x00000000, EBX=0x06c606b0, ECX=0x00000000, EDX=0x28d649b0
ESP=0x06c5f458, EBP=0x09520020, ESI=0x040aa528, EDI=0x00000000
EIP=0x04fe1a9b, EFLAGS=0x00010202

Top of Stack: (sp=0x06c5f458)
0x06c5f458:   040aa400 335e3510 06c5f5a8 335e3510
0x06c5f468:   65104b26 00000000 09520020 04082628
0x06c5f478:   00000000 28d649b0 017d3f00 00000004
0x06c5f488:   650232ad 000001b5 040aa400 000002fb
0x06c5f498:   040aa546 000005dc 00000000 00000000
0x06c5f4a8:   00000000 00000000 00000280 000001e0
0x06c5f4b8:   650fa2a2 017d3f64 28d649b0 0180936e
0x06c5f4c8:   28d649b0 040aa400 06c5f4f4 6511dc09 

Instructions: (pc=0x04fe1a9b)
0x04fe1a7b:   85 c0 0f 84 31 01 00 00 83 f8 20 0f 84 28 01 00
0x04fe1a8b:   00 50 e8 6b 07 00 00 8b 54 24 28 8b f8 83 c4 04
0x04fe1a9b:   89 17 8b 43 1c 8d 54 24 24 8b 08 52 8d 54 24 38
0x04fe1aab:   57 52 50 ff 51 0c 57 e8 17 07 00 00 83 c4 04 c7 


Register to memory mapping:

EAX=0x00000000 is an unknown value
EBX=0x06c606b0 is an unknown value
ECX=0x00000000 is an unknown value
EDX=0x28d649b0 is an oop
com.sun.media.CircularBuffer 
 - klass: 'com/sun/media/CircularBuffer'
ESP=0x06c5f458 is pointing into the stack for thread: 0x040aa400
EBP=0x09520020 is an unknown value
ESI=0x040aa528 is an unknown value
EDI=0x00000000 is an unknown value


Stack: [0x06c10000,0x06c60000],  sp=0x06c5f458,  free space=317k
Native frames: (J=compiled Java code, j=interpreted, Vv=VM code, C=native code)
C  [jmddraw.dll+0x1a9b]  Java_com_sun_media_renderer_video_DDRenderer_dxDraw+0x1db

Java frames: (J=compiled Java code, j=interpreted, Vv=VM code)
j  com.sun.media.renderer.video.DDRenderer.dxDraw(Ljava/lang/Object;JII)Z+0
j  com.sun.media.renderer.video.DDRenderer.doProcess(Ljavax/media/Buffer;)I+217
j  com.sun.media.renderer.video.BasicVideoRenderer.process(Ljavax/media/Buffer;)I+18
j  com.sun.media.BasicRendererModule.processBuffer(Ljavax/media/Buffer;)I+357
j  com.sun.media.BasicRendererModule.scheduleBuffer(Ljavax/media/Buffer;)Z+164
j  com.sun.media.BasicRendererModule.doProcess()Z+330
j  com.sun.media.RenderThread.process()Z+4
j  com.sun.media.util.LoopThread.run()V+14
v  ~StubRoutines::call_stub

---------------  P R O C E S S  ---------------

Java Threads: ( => current thread )
=>0x040aa400 JavaThread "Loop thread: com.sun.media.renderer.video.DDRenderer@ea8847" [_thread_in_native, id=5408, stack(0x06c10000,0x06c60000)]
  0x040ab000 JavaThread "Loop thread: com.sun.media.parser.RawBufferParser$FrameTrack@1d4f6b4" [_thread_blocked, id=5180, stack(0x08580000,0x085d0000)]
  0x040aa000 JavaThread "Loop thread" [_thread_blocked, id=1540, stack(0x08760000,0x087b0000)]
  0x040a9800 JavaThread "VFW TransferDataThread" [_thread_blocked, id=5732, stack(0x06500000,0x06550000)]
  0x040a9400 JavaThread "VFW VideoPollThread" [_thread_blocked, id=6000, stack(0x06bb0000,0x06c00000)]
  0x017b8000 JavaThread "JMF thread: SendEventQueue: com.sun.media.PlaybackEngine" [_thread_blocked, id=5708, stack(0x06ac0000,0x06b10000)]
  0x04007c00 JavaThread "JMF thread: SendEventQueue: com.sun.media.content.unknown.Handler" [_thread_blocked, id=6140, stack(0x068e0000,0x06930000)]
  0x0407d000 JavaThread "VFW Request Thread" [_thread_blocked, id=3628, stack(0x065f0000,0x06640000)]
  0x03f5bc00 JavaThread "TimerQueue" daemon [_thread_blocked, id=1396, stack(0x04d80000,0x04dd0000)]
  0x03ef0000 JavaThread "Thread-1" [_thread_blocked, id=2272, stack(0x04430000,0x04480000)]
  0x011cb800 JavaThread "DestroyJavaVM" [_thread_blocked, id=4552, stack(0x01260000,0x012b0000)]
  0x03ffa000 JavaThread "AWT-EventQueue-0" [_thread_blocked, id=5744, stack(0x046a0000,0x046f0000)]
  0x03ff8c00 JavaThread "AWT-Shutdown" [_thread_blocked, id=6128, stack(0x04530000,0x04580000)]
  0x03ff8000 JavaThread "Java2D Disposer" daemon [_thread_blocked, id=4452, stack(0x043b0000,0x04400000)]
  0x017e6800 JavaThread "Service Thread" daemon [_thread_blocked, id=2192, stack(0x03c60000,0x03cb0000)]
  0x017ccc00 JavaThread "C1 CompilerThread0" daemon [_thread_blocked, id=5396, stack(0x03a00000,0x03a50000)]
  0x017cb400 JavaThread "Attach Listener" daemon [_thread_blocked, id=5356, stack(0x03aa0000,0x03af0000)]
  0x017ca400 JavaThread "Signal Dispatcher" daemon [_thread_blocked, id=5512, stack(0x03910000,0x03960000)]
  0x017bc800 JavaThread "Finalizer" daemon [_thread_blocked, id=3576, stack(0x03840000,0x03890000)]
  0x017bb000 JavaThread "Reference Handler" daemon [_thread_blocked, id=4496, stack(0x03970000,0x039c0000)]

Other Threads:
  0x017b8800 VMThread [stack: 0x038a0000,0x038f0000] [id=4104]

VM state:at safepoint (normal execution)

VM Mutex/Monitor currently owned by a thread:  ([mutex/lock_event])
[0x011c99b0] Threads_lock - owner thread: 0x017b8800

Heap
 def new generation   total 15680K, used 9864K [0x23590000, 0x24690000, 0x28a30000)
  eden space 13952K,  66% used [0x23590000, 0x23eaa550, 0x24330000)
  from space 1728K,  31% used [0x24330000, 0x243b7d50, 0x244e0000)
  to   space 1728K,   0% used [0x244e0000, 0x244e0000, 0x24690000)
 tenured generation   total 34620K, used 22358K [0x28a30000, 0x2abff000, 0x33390000)
   the space 34620K,  64% used [0x28a30000, 0x2a005b68, 0x2a005c00, 0x2abff000)
 compacting perm gen  total 12288K, used 10652K [0x33390000, 0x33f90000, 0x37390000)
   the space 12288K,  86% used [0x33390000, 0x33df72c0, 0x33df7400, 0x33f90000)
    ro space 10240K,  45% used [0x37390000, 0x37811888, 0x37811a00, 0x37d90000)
    rw space 12288K,  54% used [0x37d90000, 0x384104f8, 0x38410600, 0x38990000)

Code Cache  [0x01810000, 0x01ad0000, 0x03810000)
 total_blobs=1740 nmethods=1457 adapters=213 free_code_cache=29983Kb largest_free_block=30702336

Dynamic libraries:
0x011d0000 - 0x011fe000 	C:\Program Files\Java\jdk1.7.0\bin\java.exe
0x76f30000 - 0x7706c000 	C:\Windows\SYSTEM32\ntdll.dll
0x76910000 - 0x769e4000 	C:\Windows\system32\kernel32.dll
0x75140000 - 0x7518b000 	C:\Windows\system32\KERNELBASE.dll
0x76d60000 - 0x76e00000 	C:\Windows\system32\ADVAPI32.dll
0x76230000 - 0x762dc000 	C:\Windows\system32\msvcrt.dll
0x768a0000 - 0x768b9000 	C:\Windows\SYSTEM32\sechost.dll
0x76e80000 - 0x76f21000 	C:\Windows\system32\RPCRT4.dll
0x767d0000 - 0x76899000 	C:\Windows\system32\USER32.dll
0x76780000 - 0x767ce000 	C:\Windows\system32\GDI32.dll
0x761c0000 - 0x761ca000 	C:\Windows\system32\LPK.dll
0x770c0000 - 0x7715e000 	C:\Windows\system32\USP10.dll
0x73f60000 - 0x740fe000 	C:\Windows\WinSxS\x86_microsoft.windows.common-controls_6595b64144ccf1df_6.0.7600.16661_none_420fe3fa2b8113bd\COMCTL32.dll
0x761d0000 - 0x76227000 	C:\Windows\system32\SHLWAPI.dll
0x76650000 - 0x7666f000 	C:\Windows\system32\IMM32.DLL
0x766b0000 - 0x7677c000 	C:\Windows\system32\MSCTF.dll
0x72610000 - 0x726ce000 	C:\Program Files\Java\jdk1.7.0\jre\bin\msvcr100.dll
0x64fe0000 - 0x65301000 	C:\Program Files\Java\jdk1.7.0\jre\bin\client\jvm.dll
0x6eb30000 - 0x6eb37000 	C:\Windows\system32\WSOCK32.dll
0x76670000 - 0x766a5000 	C:\Windows\system32\WS2_32.dll
0x77070000 - 0x77076000 	C:\Windows\system32\NSI.dll
0x73220000 - 0x73252000 	C:\Windows\system32\WINMM.dll
0x770b0000 - 0x770b5000 	C:\Windows\system32\PSAPI.DLL
0x72f30000 - 0x72f3c000 	C:\Program Files\Java\jdk1.7.0\jre\bin\verify.dll
0x72f10000 - 0x72f30000 	C:\Program Files\Java\jdk1.7.0\jre\bin\java.dll
0x72ef0000 - 0x72f03000 	C:\Program Files\Java\jdk1.7.0\jre\bin\zip.dll
0x724c0000 - 0x72602000 	C:\Program Files\Java\jdk1.7.0\jre\bin\awt.dll
0x769f0000 - 0x76a7f000 	C:\Windows\system32\OLEAUT32.dll
0x76490000 - 0x765ec000 	C:\Windows\system32\ole32.dll
0x73de0000 - 0x73e20000 	C:\Windows\system32\uxtheme.dll
0x660a0000 - 0x660ba000 	C:\Program Files\TeamViewer\Version8\tv_w32.dll
0x74490000 - 0x74499000 	C:\Windows\system32\VERSION.dll
0x6c240000 - 0x6c267000 	C:\Windows\system32\CRTDLL.dll
0x75570000 - 0x761b9000 	C:\Windows\system32\SHELL32.dll
0x739a0000 - 0x739b3000 	C:\Windows\system32\dwmapi.dll
0x75010000 - 0x7501c000 	C:\Windows\system32\CRYPTBASE.dll
0x72ed0000 - 0x72ee4000 	C:\Program Files\Java\jdk1.7.0\jre\bin\net.dll
0x74b00000 - 0x74b3c000 	C:\Windows\system32\mswsock.dll
0x74af0000 - 0x74af6000 	C:\Windows\System32\wship6.dll
0x73430000 - 0x7343f000 	C:\Program Files\Java\jdk1.7.0\jre\bin\nio.dll
0x74b40000 - 0x74b56000 	C:\Windows\system32\CRYPTSP.dll
0x748e0000 - 0x7491b000 	C:\Windows\system32\rsaenh.dll
0x746e0000 - 0x746f7000 	C:\Windows\system32\USERENV.dll
0x750c0000 - 0x750cb000 	C:\Windows\system32\profapi.dll
0x73110000 - 0x73120000 	C:\Windows\system32\NLAapi.dll
0x749c0000 - 0x74a04000 	C:\Windows\system32\DNSAPI.dll
0x6fe60000 - 0x6fe68000 	C:\Windows\System32\winrnr.dll
0x6fe50000 - 0x6fe60000 	C:\Windows\system32\napinsp.dll
0x6fe30000 - 0x6fe42000 	C:\Windows\system32\pnrpnsp.dll
0x6fe70000 - 0x6fe97000 	C:\Program Files\Common Files\Microsoft Shared\Windows Live\WLIDNSP.DLL
0x74610000 - 0x74615000 	C:\Windows\System32\wshtcpip.dll
0x72e00000 - 0x72e1c000 	C:\Windows\system32\IPHLPAPI.DLL
0x72de0000 - 0x72de7000 	C:\Windows\system32\WINNSI.DLL
0x6fcb0000 - 0x6fcb6000 	C:\Windows\system32\rasadhlp.dll
0x72af0000 - 0x72b28000 	C:\Windows\System32\fwpuclnt.dll
0x72e60000 - 0x72e85000 	C:\Program Files\Java\jdk1.7.0\jre\bin\jpeg.dll
0x72490000 - 0x724ba000 	C:\Program Files\Java\jdk1.7.0\jre\bin\fontmanager.dll
0x754e0000 - 0x75563000 	C:\Windows\system32\CLBCatQ.DLL
0x73810000 - 0x7390b000 	C:\Windows\system32\WindowsCodecs.dll
0x74fc0000 - 0x7500b000 	C:\Windows\system32\apphelp.dll
0x6fa70000 - 0x6faa1000 	C:\Windows\system32\EhStorShell.dll
0x762f0000 - 0x7648d000 	C:\Windows\system32\SETUPAPI.dll
0x75390000 - 0x753b7000 	C:\Windows\system32\CFGMGR32.dll
0x75190000 - 0x751a2000 	C:\Windows\system32\DEVOBJ.dll
0x73e20000 - 0x73f15000 	C:\Windows\system32\PROPSYS.dll
0x6fa00000 - 0x6fa6a000 	C:\Windows\System32\cscui.dll
0x6f9f0000 - 0x6f9f9000 	C:\Windows\System32\CSCDLL.dll
0x6f9e0000 - 0x6f9eb000 	C:\Windows\system32\CSCAPI.dll
0x6f3c0000 - 0x6f42f000 	C:\Windows\system32\ntshrui.dll
0x74de0000 - 0x74df9000 	C:\Windows\system32\srvcli.dll
0x72fa0000 - 0x72faa000 	C:\Windows\system32\slc.dll
0x72450000 - 0x72481000 	C:\Program Files\Java\jdk1.7.0\jre\bin\t2k.dll
0x10000000 - 0x10015000 	C:\Windows\System32\jmutil.dll
0x05290000 - 0x0529d000 	C:\Windows\System32\jmvfw.dll
0x710e0000 - 0x710f3000 	C:\Windows\system32\AVICAP32.dll
0x6c610000 - 0x6c631000 	C:\Windows\system32\MSVFW32.dll
0x73ad0000 - 0x73b09000 	C:\Windows\system32\MMDevAPI.DLL
0x731f0000 - 0x73220000 	C:\Windows\system32\wdmaud.drv
0x73330000 - 0x73334000 	C:\Windows\system32\ksuser.dll
0x73750000 - 0x73757000 	C:\Windows\system32\AVRT.dll
0x730c0000 - 0x730f6000 	C:\Windows\system32\AUDIOSES.DLL
0x72ff0000 - 0x72ff8000 	C:\Windows\system32\msacm32.drv
0x72fd0000 - 0x72fe4000 	C:\Windows\system32\MSACM32.dll
0x72fc0000 - 0x72fc7000 	C:\Windows\system32\midimap.dll
0x66070000 - 0x66084000 	C:\Windows\system32\devenum.dll
0x743c0000 - 0x743e1000 	C:\Windows\system32\ntmarta.dll
0x768c0000 - 0x76905000 	C:\Windows\system32\WLDAP32.dll
0x75240000 - 0x7526d000 	C:\Windows\system32\WINTRUST.dll
0x75270000 - 0x7538e000 	C:\Windows\system32\CRYPT32.dll
0x75130000 - 0x7513c000 	C:\Windows\system32\MSASN1.dll
0x65dd0000 - 0x65ddb000 	C:\Windows\system32\msdmo.dll
0x67bd0000 - 0x67c03000 	C:\Windows\system32\ksproxy.ax
0x6ebd0000 - 0x6ed93000 	C:\Windows\system32\d3d9.dll
0x6fb50000 - 0x6fb56000 	C:\Windows\system32\d3d8thk.dll
0x73f50000 - 0x73f59000 	C:\Windows\system32\vidcap.ax
0x73550000 - 0x7356d000 	C:\Windows\system32\kswdmcap.ax
0x5f980000 - 0x5fa9c000 	C:\Windows\system32\MFC42.dll
0x67a80000 - 0x67b0c000 	C:\Windows\system32\ODBC32.dll
0x6eaf0000 - 0x6eb28000 	C:\Windows\system32\odbcint.dll
0x73510000 - 0x73542000 	C:\Windows\system32\qcap.dll
0x64860000 - 0x649d7000 	C:\Windows\system32\quartz.dll
0x6fbc0000 - 0x6fbc6000 	C:\Windows\system32\DCIMAN32.DLL
0x72e90000 - 0x72ea1000 	C:\Windows\system32\vfwwdm32.dll
0x73730000 - 0x73739000 	C:\Windows\system32\msyuv.dll
0x04fe0000 - 0x04fe8000 	C:\Windows\System32\jmddraw.dll
0x6eee0000 - 0x6efc7000 	C:\Windows\system32\DDRAW.dll
0x06b10000 - 0x06b95000 	C:\Windows\system32\igdumdx32.dll
0x06fc0000 - 0x07377000 	C:\Windows\system32\igdumd32.dll
0x05e90000 - 0x05e9b000 	C:\Windows\System32\jmvcm.dll
0x735d0000 - 0x735d6000 	C:\Program Files\Java\jdk1.7.0\jre\bin\jawt.dll
0x05eb0000 - 0x05eb9000 	C:\Windows\System32\jmfjawt.dll
0x65a90000 - 0x65ab4000 	C:\Program Files\Java\jdk1.7.0\jre\bin\dcpr.dll
0x702f0000 - 0x70374000 	C:\Windows\WinSxS\x86_microsoft.windows.common-controls_6595b64144ccf1df_5.82.7600.16661_none_ebfb56996c72aefc\comctl32.dll
0x6dc90000 - 0x6de28000 	C:\Windows\system32\NetworkExplorer.dll
0x6e110000 - 0x6e13e000 	C:\Windows\System32\shdocvw.dll
0x701b0000 - 0x701c2000 	C:\Windows\system32\MPR.dll
0x6e580000 - 0x6e588000 	C:\Windows\System32\drprov.dll
0x75080000 - 0x750a9000 	C:\Windows\System32\WINSTA.dll
0x6e380000 - 0x6e394000 	C:\Windows\System32\ntlanman.dll
0x6e1f0000 - 0x6e207000 	C:\Windows\System32\davclnt.dll
0x6e180000 - 0x6e188000 	C:\Windows\System32\DAVHLPR.dll
0x735f0000 - 0x735ff000 	C:\Windows\system32\wkscli.dll
0x73600000 - 0x73609000 	C:\Windows\system32\netutils.dll
0x6c1a0000 - 0x6c229000 	C:\Windows\system32\PortableDeviceApi.dll
0x734c0000 - 0x734e2000 	C:\Windows\system32\EhStorAPI.dll
0x6e640000 - 0x6e649000 	C:\Windows\system32\LINKINFO.dll

VM Arguments:
jvm_args: -Dfile.encoding=UTF-8 
java_command: com.freelancersteam.www.java.tomafoto.vistas.Camara
Launcher Type: SUN_STANDARD

Environment Variables:
CLASSPATH=.;.;d:\ARCHIV~1\JMF21~1.1E\lib\sound.jar;d:\ARCHIV~1\JMF21~1.1E\lib\jmf.jar;d:\ARCHIV~1\JMF21~1.1E\lib;
PATH=C:\Program Files\Common Files\Microsoft Shared\Windows Live;C:\Windows\system32;C:\Windows;C:\Windows\System32\Wbem;C:\Windows\System32\WindowsPowerShell\v1.0\;C:\Program Files\NTRU Cryptosystems\NTRU TCG Software Stack\bin\;C:\Program Files\Windows Live\Shared
USERNAME=alumno
OS=Windows_NT
PROCESSOR_IDENTIFIER=x86 Family 6 Model 28 Stepping 10, GenuineIntel



---------------  S Y S T E M  ---------------

OS: Windows 7 Build 7600 

CPU:total 2 (1 cores per cpu, 2 threads per core) family 6 model 28 stepping 10, cmov, cx8, fxsr, mmx, sse, sse2, sse3, ssse3, ht

Memory: 4k page, physical 1037744k(104588k free), swap 2086320k(653892k free)

vm_info: Java HotSpot(TM) Client VM (21.0-b17) for windows-x86 JRE (1.7.0-b147), built on Jun 27 2011 02:25:52 by "java_re" with unknown MS VC++:1600

time: Fri May 03 03:11:14 2013
elapsed time: 125 seconds

