#
# A fatal error has been detected by the Java Runtime Environment:
#
#  EXCEPTION_ACCESS_VIOLATION (0xc0000005) at pc=0x050d1a9b, pid=6136, tid=4620
#
# JRE version: 7.0_17-b02
# Java VM: Java HotSpot(TM) Client VM (23.7-b01 mixed mode, sharing windows-x86 )
# Problematic frame:
# C  [jmddraw.dll+0x1a9b]  Java_com_sun_media_renderer_video_DDRenderer_dxDraw+0x1db
#
# Failed to write core dump. Minidumps are not enabled by default on client versions of Windows
#
# If you would like to submit a bug report, please visit:
#   http://bugreport.sun.com/bugreport/crash.jsp
# The crash happened outside the Java Virtual Machine in native code.
# See problematic frame for where to report the bug.
#

---------------  T H R E A D  ---------------

Current thread (0x03f80800):  JavaThread "Loop thread: com.sun.media.renderer.video.DDRenderer@108565d" [_thread_in_native, id=4620, stack(0x07b70000,0x07bc0000)]

siginfo: ExceptionCode=0xc0000005, writing address 0x00000000

Registers:
EAX=0x00000000, EBX=0x05fe06b0, ECX=0x00000000, EDX=0x29095f80
ESP=0x07bbf3d8, EBP=0x09660020, ESI=0x03f80928, EDI=0x00000000
EIP=0x050d1a9b, EFLAGS=0x00010206

Top of Stack: (sp=0x07bbf3d8)
0x07bbf3d8:   03f80800 338a2e00 07bbf528 338a2e00
0x07bbf3e8:   08fc0000 00000000 09660020 0116ef88
0x07bbf3f8:   00000000 29095f80 00000a00 00000004
0x07bbf408:   010bafb8 0000019b 03f80800 00000327
0x07bbf418:   03f8098c 00000001 00000000 00000000
0x07bbf428:   00000000 00000000 00000280 000001e0
0x07bbf438:   00000001 07bbf468 29095f80 03d99cc6
0x07bbf448:   29095f80 03f80800 07bbf474 5f083e69 

Instructions: (pc=0x050d1a9b)
0x050d1a7b:   85 c0 0f 84 31 01 00 00 83 f8 20 0f 84 28 01 00
0x050d1a8b:   00 50 e8 6b 07 00 00 8b 54 24 28 8b f8 83 c4 04
0x050d1a9b:   89 17 8b 43 1c 8d 54 24 24 8b 08 52 8d 54 24 38
0x050d1aab:   57 52 50 ff 51 0c 57 e8 17 07 00 00 83 c4 04 c7 


Register to memory mapping:

EAX=0x00000000 is an unknown value
EBX=0x05fe06b0 is an unknown value
ECX=0x00000000 is an unknown value
EDX=0x29095f80 is an oop
com.sun.media.CircularBuffer 
 - klass: 'com/sun/media/CircularBuffer'
ESP=0x07bbf3d8 is pointing into the stack for thread: 0x03f80800
EBP=0x09660020 is an unknown value
ESI=0x03f80928 is an unknown value
EDI=0x00000000 is an unknown value


Stack: [0x07b70000,0x07bc0000],  sp=0x07bbf3d8,  free space=316k
Native frames: (J=compiled Java code, j=interpreted, Vv=VM code, C=native code)
C  [jmddraw.dll+0x1a9b]  Java_com_sun_media_renderer_video_DDRenderer_dxDraw+0x1db

Java frames: (J=compiled Java code, j=interpreted, Vv=VM code)
j  com.sun.media.renderer.video.DDRenderer.dxDraw(Ljava/lang/Object;JII)Z+0
j  com.sun.media.renderer.video.DDRenderer.doProcess(Ljavax/media/Buffer;)I+217
j  com.sun.media.renderer.video.BasicVideoRenderer.process(Ljavax/media/Buffer;)I+18
j  com.sun.media.BasicRendererModule.processBuffer(Ljavax/media/Buffer;)I+357
j  com.sun.media.BasicRendererModule.scheduleBuffer(Ljavax/media/Buffer;)Z+164
j  com.sun.media.BasicRendererModule.doProcess()Z+330
j  com.sun.media.RenderThread.process()Z+4
j  com.sun.media.util.LoopThread.run()V+14
v  ~StubRoutines::call_stub

---------------  P R O C E S S  ---------------

Java Threads: ( => current thread )
  0x03f80c00 JavaThread "DestroyJavaVM" [_thread_blocked, id=648, stack(0x012f0000,0x01340000)]
=>0x03f80800 JavaThread "Loop thread: com.sun.media.renderer.video.DDRenderer@108565d" [_thread_in_native, id=4620, stack(0x07b70000,0x07bc0000)]
  0x03f81400 JavaThread "Loop thread: com.sun.media.parser.RawBufferParser$FrameTrack@1d03e78" [_thread_blocked, id=5008, stack(0x05cd0000,0x05d20000)]
  0x03f80000 JavaThread "Loop thread" [_thread_blocked, id=4104, stack(0x06630000,0x06680000)]
  0x03f7fc00 JavaThread "VFW TransferDataThread" [_thread_blocked, id=3528, stack(0x05c00000,0x05c50000)]
  0x03f7f400 JavaThread "VFW VideoPollThread" [_thread_blocked, id=2840, stack(0x05d40000,0x05d90000)]
  0x03fdb400 JavaThread "JMF thread: SendEventQueue: com.sun.media.PlaybackEngine" [_thread_blocked, id=1108, stack(0x05f00000,0x05f50000)]
  0x03e4a800 JavaThread "JMF thread: SendEventQueue: com.sun.media.content.unknown.Handler" [_thread_blocked, id=4304, stack(0x05f90000,0x05fe0000)]
  0x04035400 JavaThread "VFW Request Thread" [_thread_blocked, id=5512, stack(0x05410000,0x05460000)]
  0x03eef800 JavaThread "TimerQueue" daemon [_thread_blocked, id=1152, stack(0x045d0000,0x04620000)]
  0x03edd000 JavaThread "Thread-1" [_thread_blocked, id=5556, stack(0x017a0000,0x017f0000)]
  0x03edd800 JavaThread "AWT-EventQueue-0" [_thread_blocked, id=4692, stack(0x04ab0000,0x04b00000)]
  0x03e33800 JavaThread "AWT-Shutdown" [_thread_blocked, id=2836, stack(0x04370000,0x043c0000)]
  0x0119c400 JavaThread "Java2D Disposer" daemon [_thread_blocked, id=5048, stack(0x043f0000,0x04440000)]
  0x01186800 JavaThread "Service Thread" daemon [_thread_blocked, id=3628, stack(0x03c40000,0x03c90000)]
  0x01180c00 JavaThread "C1 CompilerThread0" daemon [_thread_blocked, id=5316, stack(0x03b30000,0x03b80000)]
  0x0117f800 JavaThread "Attach Listener" daemon [_thread_blocked, id=3044, stack(0x03bb0000,0x03c00000)]
  0x0117c400 JavaThread "Signal Dispatcher" daemon [_thread_blocked, id=5204, stack(0x038f0000,0x03940000)]
  0x0116bc00 JavaThread "Finalizer" daemon [_thread_blocked, id=5168, stack(0x017f0000,0x01840000)]
  0x01167000 JavaThread "Reference Handler" daemon [_thread_blocked, id=4720, stack(0x03a80000,0x03ad0000)]

Other Threads:
  0x01165000 VMThread [stack: 0x03970000,0x039c0000] [id=5452]
  0x011b3400 WatcherThread [stack: 0x039c0000,0x03a10000] [id=2216]

VM state:not at safepoint (normal execution)

VM Mutex/Monitor currently owned by a thread: None

Heap
 def new generation   total 15104K, used 9374K [0x23820000, 0x24880000, 0x28cc0000)
  eden space 13440K,  69% used [0x23820000, 0x24147868, 0x24540000)
  from space 1664K,   0% used [0x24540000, 0x24540000, 0x246e0000)
  to   space 1664K,   0% used [0x246e0000, 0x246e0000, 0x24880000)
 tenured generation   total 33332K, used 19997K [0x28cc0000, 0x2ad4d000, 0x33620000)
   the space 33332K,  59% used [0x28cc0000, 0x2a047478, 0x2a047600, 0x2ad4d000)
 compacting perm gen  total 12288K, used 9885K [0x33620000, 0x34220000, 0x37620000)
   the space 12288K,  80% used [0x33620000, 0x33fc7678, 0x33fc7800, 0x34220000)
    ro space 10240K,  45% used [0x37620000, 0x37aa73d8, 0x37aa7400, 0x38020000)
    rw space 12288K,  54% used [0x38020000, 0x386aacc8, 0x386aae00, 0x38c20000)

Card table byte_map: [0x016d0000,0x01780000] byte_map_base: 0x015b3f00

Polling page: 0x01080000

Code Cache  [0x018f0000, 0x01b20000, 0x038f0000)
 total_blobs=1254 nmethods=976 adapters=212 free_code_cache=30543Kb largest_free_block=31275904

Compilation events (10 events):
Event: 102.682 Thread 0x01180c00  984             sun.reflect.UnsafeFieldAccessorImpl::ensureObj (23 bytes)
Event: 102.685 Thread 0x01180c00 nmethod 984 0x01b19908 code [0x01b19a40, 0x01b19bf0]
Event: 102.812 Thread 0x01180c00  985             javax.media.format.VideoFormat::getSize (5 bytes)
Event: 102.812 Thread 0x01180c00 nmethod 985 0x01b19e08 code [0x01b19f00, 0x01b19f80]
Event: 102.870 Thread 0x01180c00  986             java.awt.Component$1::getAppContext (5 bytes)
Event: 102.870 Thread 0x01180c00 nmethod 986 0x01b19fc8 code [0x01b1a0c0, 0x01b1a140]
Event: 102.872 Thread 0x01180c00  987             java.lang.Math::max (12 bytes)
Event: 102.873 Thread 0x01180c00 nmethod 987 0x01b1a1c8 code [0x01b1a2c0, 0x01b1a350]
Event: 103.491 Thread 0x01180c00  988             java.awt.Component::calculateCurrentShape (193 bytes)
Event: 103.502 Thread 0x01180c00 nmethod 988 0x01b1a388 code [0x01b1a710, 0x01b1b434]

GC Heap History (10 events):
Event: 32.828 GC heap before
{Heap before GC invocations=8 (full 0):
 def new generation   total 4864K, used 3878K [0x23820000, 0x23d60000, 0x28cc0000)
  eden space 4352K,  88% used [0x23820000, 0x23be19e8, 0x23c60000)
  from space 512K,   6% used [0x23c60000, 0x23c67f40, 0x23ce0000)
  to   space 512K,   0% used [0x23ce0000, 0x23ce0000, 0x23d60000)
 tenured generation   total 10880K, used 10084K [0x28cc0000, 0x29760000, 0x33620000)
   the space 10880K,  92% used [0x28cc0000, 0x29699160, 0x29699200, 0x29760000)
 compacting perm gen  total 12288K, used 4947K [0x33620000, 0x34220000, 0x37620000)
   the space 12288K,  40% used [0x33620000, 0x33af4e80, 0x33af5000, 0x34220000)
    ro space 10240K,  45% used [0x37620000, 0x37aa73d8, 0x37aa7400, 0x38020000)
    rw space 12288K,  54% used [0x38020000, 0x386aacc8, 0x386aae00, 0x38c20000)
Event: 33.027 GC heap after
Heap after GC invocations=9 (full 1):
 def new generation   total 9408K, used 0K [0x23820000, 0x24250000, 0x28cc0000)
  eden space 8384K,   0% used [0x23820000, 0x23820000, 0x24050000)
  from space 1024K,   0% used [0x24050000, 0x24050000, 0x24150000)
  to   space 1024K,   0% used [0x24150000, 0x24150000, 0x24250000)
 tenured generation   total 20768K, used 12460K [0x28cc0000, 0x2a108000, 0x33620000)
   the space 20768K,  59% used [0x28cc0000, 0x298eb0e8, 0x298eb200, 0x2a108000)
 compacting perm gen  total 12288K, used 4947K [0x33620000, 0x34220000, 0x37620000)
   the space 12288K,  40% used [0x33620000, 0x33af4e80, 0x33af5000, 0x34220000)
    ro space 10240K,  45% used [0x37620000, 0x37aa73d8, 0x37aa7400, 0x38020000)
    rw space 12288K,  54% used [0x38020000, 0x386aacc8, 0x386aae00, 0x38c20000)
}
Event: 34.150 GC heap before
{Heap before GC invocations=9 (full 1):
 def new generation   total 9408K, used 8384K [0x23820000, 0x24250000, 0x28cc0000)
  eden space 8384K, 100% used [0x23820000, 0x24050000, 0x24050000)
  from space 1024K,   0% used [0x24050000, 0x24050000, 0x24150000)
  to   space 1024K,   0% used [0x24150000, 0x24150000, 0x24250000)
 tenured generation   total 20768K, used 12460K [0x28cc0000, 0x2a108000, 0x33620000)
   the space 20768K,  59% used [0x28cc0000, 0x298eb0e8, 0x298eb200, 0x2a108000)
 compacting perm gen  total 12288K, used 5538K [0x33620000, 0x34220000, 0x37620000)
   the space 12288K,  45% used [0x33620000, 0x33b88aa8, 0x33b88c00, 0x34220000)
    ro space 10240K,  45% used [0x37620000, 0x37aa73d8, 0x37aa7400, 0x38020000)
    rw space 12288K,  54% used [0x38020000, 0x386aacc8, 0x386aae00, 0x38c20000)
Event: 34.175 GC heap after
Heap after GC invocations=10 (full 1):
 def new generation   total 9408K, used 1024K [0x23820000, 0x24250000, 0x28cc0000)
  eden space 8384K,   0% used [0x23820000, 0x23820000, 0x24050000)
  from space 1024K, 100% used [0x24150000, 0x24250000, 0x24250000)
  to   space 1024K,   0% used [0x24050000, 0x24050000, 0x24150000)
 tenured generation   total 20768K, used 16534K [0x28cc0000, 0x2a108000, 0x33620000)
   the space 20768K,  79% used [0x28cc0000, 0x29ce5bf0, 0x29ce5c00, 0x2a108000)
 compacting perm gen  total 12288K, used 5538K [0x33620000, 0x34220000, 0x37620000)
   the space 12288K,  45% used [0x33620000, 0x33b88aa8, 0x33b88c00, 0x34220000)
    ro space 10240K,  45% used [0x37620000, 0x37aa73d8, 0x37aa7400, 0x38020000)
    rw space 12288K,  54% used [0x38020000, 0x386aacc8, 0x386aae00, 0x38c20000)
}
Event: 36.827 GC heap before
{Heap before GC invocations=10 (full 1):
 def new generation   total 9408K, used 9408K [0x23820000, 0x24250000, 0x28cc0000)
  eden space 8384K, 100% used [0x23820000, 0x24050000, 0x24050000)
  from space 1024K, 100% used [0x24150000, 0x24250000, 0x24250000)
  to   space 1024K,   0% used [0x24050000, 0x24050000, 0x24150000)
 tenured generation   total 20768K, used 16534K [0x28cc0000, 0x2a108000, 0x33620000)
   the space 20768K,  79% used [0x28cc0000, 0x29ce5bf0, 0x29ce5c00, 0x2a108000)
 compacting perm gen  total 12288K, used 7334K [0x33620000, 0x34220000, 0x37620000)
   the space 12288K,  59% used [0x33620000, 0x33d49818, 0x33d49a00, 0x34220000)
    ro space 10240K,  45% used [0x37620000, 0x37aa73d8, 0x37aa7400, 0x38020000)
    rw space 12288K,  54% used [0x38020000, 0x386aacc8, 0x386aae00, 0x38c20000)
Event: 36.860 GC heap after
Heap after GC invocations=11 (full 1):
 def new generation   total 9408K, used 1024K [0x23820000, 0x24250000, 0x28cc0000)
  eden space 8384K,   0% used [0x23820000, 0x23820000, 0x24050000)
  from space 1024K, 100% used [0x24050000, 0x24150000, 0x24150000)
  to   space 1024K,   0% used [0x24150000, 0x24150000, 0x24250000)
 tenured generation   total 20768K, used 18304K [0x28cc0000, 0x2a108000, 0x33620000)
   the space 20768K,  88% used [0x28cc0000, 0x29ea00f0, 0x29ea0200, 0x2a108000)
 compacting perm gen  total 12288K, used 7334K [0x33620000, 0x34220000, 0x37620000)
   the space 12288K,  59% used [0x33620000, 0x33d49818, 0x33d49a00, 0x34220000)
    ro space 10240K,  45% used [0x37620000, 0x37aa73d8, 0x37aa7400, 0x38020000)
    rw space 12288K,  54% used [0x38020000, 0x386aacc8, 0x386aae00, 0x38c20000)
}
Event: 38.506 GC heap before
{Heap before GC invocations=11 (full 1):
 def new generation   total 9408K, used 9408K [0x23820000, 0x24250000, 0x28cc0000)
  eden space 8384K, 100% used [0x23820000, 0x24050000, 0x24050000)
  from space 1024K, 100% used [0x24050000, 0x24150000, 0x24150000)
  to   space 1024K,   0% used [0x24150000, 0x24150000, 0x24250000)
 tenured generation   total 20768K, used 18304K [0x28cc0000, 0x2a108000, 0x33620000)
   the space 20768K,  88% used [0x28cc0000, 0x29ea00f0, 0x29ea0200, 0x2a108000)
 compacting perm gen  total 12288K, used 8570K [0x33620000, 0x34220000, 0x37620000)
   the space 12288K,  69% used [0x33620000, 0x33e7eb98, 0x33e7ec00, 0x34220000)
    ro space 10240K,  45% used [0x37620000, 0x37aa73d8, 0x37aa7400, 0x38020000)
    rw space 12288K,  54% used [0x38020000, 0x386aacc8, 0x386aae00, 0x38c20000)
Event: 38.535 GC heap after
Heap after GC invocations=12 (full 1):
 def new generation   total 9408K, used 1024K [0x23820000, 0x24250000, 0x28cc0000)
  eden space 8384K,   0% used [0x23820000, 0x23820000, 0x24050000)
  from space 1024K, 100% used [0x24150000, 0x24250000, 0x24250000)
  to   space 1024K,   0% used [0x24050000, 0x24050000, 0x24150000)
 tenured generation   total 20768K, used 19560K [0x28cc0000, 0x2a108000, 0x33620000)
   the space 20768K,  94% used [0x28cc0000, 0x29fda350, 0x29fda400, 0x2a108000)
 compacting perm gen  total 12288K, used 8570K [0x33620000, 0x34220000, 0x37620000)
   the space 12288K,  69% used [0x33620000, 0x33e7eb98, 0x33e7ec00, 0x34220000)
    ro space 10240K,  45% used [0x37620000, 0x37aa73d8, 0x37aa7400, 0x38020000)
    rw space 12288K,  54% used [0x38020000, 0x386aacc8, 0x386aae00, 0x38c20000)
}
Event: 42.968 GC heap before
{Heap before GC invocations=12 (full 1):
 def new generation   total 9408K, used 9152K [0x23820000, 0x24250000, 0x28cc0000)
  eden space 8384K,  96% used [0x23820000, 0x24010380, 0x24050000)
  from space 1024K, 100% used [0x24150000, 0x24250000, 0x24250000)
  to   space 1024K,   0% used [0x24050000, 0x24050000, 0x24150000)
 tenured generation   total 20768K, used 19560K [0x28cc0000, 0x2a108000, 0x33620000)
   the space 20768K,  94% used [0x28cc0000, 0x29fda350, 0x29fda400, 0x2a108000)
 compacting perm gen  total 12288K, used 9606K [0x33620000, 0x34220000, 0x37620000)
   the space 12288K,  78% used [0x33620000, 0x33f81b50, 0x33f81c00, 0x34220000)
    ro space 10240K,  45% used [0x37620000, 0x37aa73d8, 0x37aa7400, 0x38020000)
    rw space 12288K,  54% used [0x38020000, 0x386aacc8, 0x386aae00, 0x38c20000)
Event: 43.196 GC heap after
Heap after GC invocations=13 (full 2):
 def new generation   total 15104K, used 0K [0x23820000, 0x24880000, 0x28cc0000)
  eden space 13440K,   0% used [0x23820000, 0x23820000, 0x24540000)
  from space 1664K,   0% used [0x24540000, 0x24540000, 0x246e0000)
  to   space 1664K,   0% used [0x246e0000, 0x246e0000, 0x24880000)
 tenured generation   total 33332K, used 19997K [0x28cc0000, 0x2ad4d000, 0x33620000)
   the space 33332K,  59% used [0x28cc0000, 0x2a047478, 0x2a047600, 0x2ad4d000)
 compacting perm gen  total 12288K, used 9606K [0x33620000, 0x34220000, 0x37620000)
   the space 12288K,  78% used [0x33620000, 0x33f81b50, 0x33f81c00, 0x34220000)
    ro space 10240K,  45% used [0x37620000, 0x37aa73d8, 0x37aa7400, 0x38020000)
    rw space 12288K,  54% used [0x38020000, 0x386aacc8, 0x386aae00, 0x38c20000)
}

Deoptimization events (0 events):
No events

Internal exceptions (10 events):
Event: 44.942 Thread 0x03edd800 Threw 0x239e3fe8 at C:\jdk7u2_32P\jdk7u17\hotspot\src\share\vm\prims\jvm.cpp:1166
Event: 44.964 Thread 0x03edd800 Threw 0x239eca70 at C:\jdk7u2_32P\jdk7u17\hotspot\src\share\vm\prims\jvm.cpp:1166
Event: 44.970 Thread 0x03edd800 Threw 0x239f5520 at C:\jdk7u2_32P\jdk7u17\hotspot\src\share\vm\prims\jvm.cpp:1166
Event: 45.029 Thread 0x03edd800 Threw 0x23a047a0 at C:\jdk7u2_32P\jdk7u17\hotspot\src\share\vm\prims\jvm.cpp:1166
Event: 45.081 Thread 0x03edd800 Threw 0x23a23ff0 at C:\jdk7u2_32P\jdk7u17\hotspot\src\share\vm\prims\jvm.cpp:1166
Event: 50.860 Thread 0x03edd800 Threw 0x23c1c720 at C:\jdk7u2_32P\jdk7u17\hotspot\src\share\vm\prims\jvm.cpp:1166
Event: 50.871 Thread 0x03edd800 Threw 0x23c20210 at C:\jdk7u2_32P\jdk7u17\hotspot\src\share\vm\prims\jvm.cpp:1166
Event: 50.875 Thread 0x03edd800 Threw 0x23c2b5e8 at C:\jdk7u2_32P\jdk7u17\hotspot\src\share\vm\prims\jvm.cpp:1166
Event: 50.889 Thread 0x03edd800 Threw 0x23c34630 at C:\jdk7u2_32P\jdk7u17\hotspot\src\share\vm\prims\jvm.cpp:1166
Event: 103.494 Thread 0x03edd800 Threw 0x24126a18 at C:\jdk7u2_32P\jdk7u17\hotspot\src\share\vm\prims\jvm.cpp:1166

Events (10 events):
Event: 103.557 Thread 0x03f82000 Thread added: 0x03f82000
Event: 103.560 Executing VM operation: RevokeBias done
Event: 103.560 loading class 0x38c931e8
Event: 103.561 Thread 0x03f81800 Thread added: 0x03f81800
Event: 103.562 Thread 0x03f81800 Thread exited: 0x03f81800
Event: 103.577 Thread 0x03e34400 Thread exited: 0x03e34400
Event: 103.616 loading class 0x38c93190
Event: 103.624 loading class 0x38c93190 done
Event: 103.624 loading class 0x38c931e8 done
Event: 103.624 Thread 0x03f7ec00 Thread exited: 0x03f7ec00


Dynamic libraries:
0x01370000 - 0x0139f000 	C:\Program Files\Java\jdk1.7.0_17\bin\java.exe
0x77cf0000 - 0x77e2c000 	C:\Windows\SYSTEM32\ntdll.dll
0x77c10000 - 0x77ce4000 	C:\Windows\system32\kernel32.dll
0x76040000 - 0x7608b000 	C:\Windows\system32\KERNELBASE.dll
0x76630000 - 0x766d0000 	C:\Windows\system32\ADVAPI32.dll
0x77a90000 - 0x77b3c000 	C:\Windows\system32\msvcrt.dll
0x764a0000 - 0x764b9000 	C:\Windows\SYSTEM32\sechost.dll
0x76840000 - 0x768e1000 	C:\Windows\system32\RPCRT4.dll
0x77b40000 - 0x77c09000 	C:\Windows\system32\USER32.dll
0x76a10000 - 0x76a5e000 	C:\Windows\system32\GDI32.dll
0x765e0000 - 0x765ea000 	C:\Windows\system32\LPK.dll
0x76970000 - 0x76a0e000 	C:\Windows\system32\USP10.dll
0x74d20000 - 0x74ebe000 	C:\Windows\WinSxS\x86_microsoft.windows.common-controls_6595b64144ccf1df_6.0.7600.16661_none_420fe3fa2b8113bd\COMCTL32.dll
0x77e60000 - 0x77eb7000 	C:\Windows\system32\SHLWAPI.dll
0x768f0000 - 0x7690f000 	C:\Windows\system32\IMM32.DLL
0x76770000 - 0x7683c000 	C:\Windows\system32\MSCTF.dll
0x73a20000 - 0x73ade000 	C:\Program Files\Java\jdk1.7.0_17\jre\bin\msvcr100.dll
0x5ef40000 - 0x5f28c000 	C:\Program Files\Java\jdk1.7.0_17\jre\bin\client\jvm.dll
0x730a0000 - 0x730a7000 	C:\Windows\system32\WSOCK32.dll
0x765f0000 - 0x76625000 	C:\Windows\system32\WS2_32.dll
0x77ec0000 - 0x77ec6000 	C:\Windows\system32\NSI.dll
0x740d0000 - 0x74102000 	C:\Windows\system32\WINMM.dll
0x77a80000 - 0x77a85000 	C:\Windows\system32\PSAPI.DLL
0x74720000 - 0x7472c000 	C:\Program Files\Java\jdk1.7.0_17\jre\bin\verify.dll
0x73900000 - 0x73920000 	C:\Program Files\Java\jdk1.7.0_17\jre\bin\java.dll
0x73a00000 - 0x73a13000 	C:\Program Files\Java\jdk1.7.0_17\jre\bin\zip.dll
0x72ca0000 - 0x72cd5000 	C:\Program Files\Java\jdk1.7.0_17\jre\bin\splashscreen.dll
0x5ea60000 - 0x5eba2000 	C:\Program Files\Java\jdk1.7.0_17\jre\bin\awt.dll
0x779f0000 - 0x77a7f000 	C:\Windows\system32\OLEAUT32.dll
0x76340000 - 0x7649c000 	C:\Windows\system32\ole32.dll
0x74870000 - 0x74883000 	C:\Windows\system32\DWMAPI.DLL
0x74ba0000 - 0x74be0000 	C:\Windows\system32\uxtheme.dll
0x66eb0000 - 0x66eca000 	C:\Program Files\TeamViewer\Version8\tv_w32.dll
0x75250000 - 0x75259000 	C:\Windows\system32\VERSION.dll
0x6c240000 - 0x6c267000 	C:\Windows\system32\CRTDLL.dll
0x76d20000 - 0x77969000 	C:\Windows\system32\SHELL32.dll
0x75dd0000 - 0x75ddc000 	C:\Windows\system32\CRYPTBASE.dll
0x72d00000 - 0x72d14000 	C:\Program Files\Java\jdk1.7.0_17\jre\bin\net.dll
0x758c0000 - 0x758fc000 	C:\Windows\system32\mswsock.dll
0x758b0000 - 0x758b6000 	C:\Windows\System32\wship6.dll
0x73cf0000 - 0x73cfe000 	C:\Program Files\Java\jdk1.7.0_17\jre\bin\nio.dll
0x75900000 - 0x75916000 	C:\Windows\system32\CRYPTSP.dll
0x756a0000 - 0x756db000 	C:\Windows\system32\rsaenh.dll
0x754a0000 - 0x754b7000 	C:\Windows\system32\USERENV.dll
0x75e50000 - 0x75e5b000 	C:\Windows\system32\profapi.dll
0x73fb0000 - 0x73fc0000 	C:\Windows\system32\NLAapi.dll
0x75780000 - 0x757c4000 	C:\Windows\system32\DNSAPI.dll
0x707f0000 - 0x707f8000 	C:\Windows\System32\winrnr.dll
0x707e0000 - 0x707f0000 	C:\Windows\system32\napinsp.dll
0x707c0000 - 0x707d2000 	C:\Windows\system32\pnrpnsp.dll
0x71470000 - 0x71497000 	C:\Program Files\Common Files\Microsoft Shared\Windows Live\WLIDNSP.DLL
0x753d0000 - 0x753d5000 	C:\Windows\System32\wshtcpip.dll
0x73ca0000 - 0x73cbc000 	C:\Windows\system32\IPHLPAPI.DLL
0x73c90000 - 0x73c97000 	C:\Windows\system32\WINNSI.DLL
0x71460000 - 0x71466000 	C:\Windows\system32\rasadhlp.dll
0x73820000 - 0x73858000 	C:\Windows\System32\fwpuclnt.dll
0x73d40000 - 0x73d65000 	C:\Program Files\Java\jdk1.7.0_17\jre\bin\jpeg.dll
0x71d90000 - 0x71dba000 	C:\Program Files\Java\jdk1.7.0_17\jre\bin\fontmanager.dll
0x766e0000 - 0x76763000 	C:\Windows\system32\CLBCatQ.DLL
0x74600000 - 0x746fb000 	C:\Windows\system32\WindowsCodecs.dll
0x75d80000 - 0x75dcb000 	C:\Windows\system32\apphelp.dll
0x70c60000 - 0x70c91000 	C:\Windows\system32\EhStorShell.dll
0x76a60000 - 0x76bfd000 	C:\Windows\system32\SETUPAPI.dll
0x76120000 - 0x76147000 	C:\Windows\system32\CFGMGR32.dll
0x76020000 - 0x76032000 	C:\Windows\system32\DEVOBJ.dll
0x74be0000 - 0x74cd5000 	C:\Windows\system32\PROPSYS.dll
0x70b20000 - 0x70b8a000 	C:\Windows\System32\cscui.dll
0x70b10000 - 0x70b19000 	C:\Windows\System32\CSCDLL.dll
0x70ac0000 - 0x70acb000 	C:\Windows\system32\CSCAPI.dll
0x709c0000 - 0x70a2f000 	C:\Windows\system32\ntshrui.dll
0x75b10000 - 0x75b29000 	C:\Windows\system32\srvcli.dll
0x73e80000 - 0x73e8a000 	C:\Windows\system32\slc.dll
0x67be0000 - 0x67c11000 	C:\Program Files\Java\jdk1.7.0_17\jre\bin\t2k.dll
0x10000000 - 0x10015000 	C:\Windows\System32\jmutil.dll
0x03a30000 - 0x03a3d000 	C:\Windows\System32\jmvfw.dll
0x66e70000 - 0x66e83000 	C:\Windows\system32\AVICAP32.dll
0x66f70000 - 0x66f91000 	C:\Windows\system32\MSVFW32.dll
0x6f8a0000 - 0x6f8a6000 	C:\Windows\system32\DCIMAN32.DLL
0x74890000 - 0x748c9000 	C:\Windows\system32\MMDevAPI.DLL
0x73fd0000 - 0x74000000 	C:\Windows\system32\wdmaud.drv
0x73fc0000 - 0x73fc4000 	C:\Windows\system32\ksuser.dll
0x74380000 - 0x74387000 	C:\Windows\system32\AVRT.dll
0x73ea0000 - 0x73ed6000 	C:\Windows\system32\AUDIOSES.DLL
0x73e20000 - 0x73e28000 	C:\Windows\system32\msacm32.drv
0x73e00000 - 0x73e14000 	C:\Windows\system32\MSACM32.dll
0x73df0000 - 0x73df7000 	C:\Windows\system32\midimap.dll
0x6c440000 - 0x6c451000 	C:\Windows\system32\vfwwdm32.dll
0x668a0000 - 0x668b4000 	C:\Windows\system32\devenum.dll
0x75220000 - 0x75241000 	C:\Windows\system32\ntmarta.dll
0x77ed0000 - 0x77f15000 	C:\Windows\system32\WLDAP32.dll
0x76150000 - 0x7617d000 	C:\Windows\system32\WINTRUST.dll
0x75f00000 - 0x7601e000 	C:\Windows\system32\CRYPT32.dll
0x75ef0000 - 0x75efc000 	C:\Windows\system32\MSASN1.dll
0x66cb0000 - 0x66cbb000 	C:\Windows\system32\msdmo.dll
0x6c400000 - 0x6c433000 	C:\Windows\system32\ksproxy.ax
0x6f620000 - 0x6f7e3000 	C:\Windows\system32\d3d9.dll
0x6f610000 - 0x6f616000 	C:\Windows\system32\d3d8thk.dll
0x6f180000 - 0x6f189000 	C:\Windows\system32\vidcap.ax
0x6c280000 - 0x6c29d000 	C:\Windows\system32\kswdmcap.ax
0x05980000 - 0x05a9c000 	C:\Windows\system32\MFC42.dll
0x68f80000 - 0x6900c000 	C:\Windows\system32\ODBC32.dll
0x6f190000 - 0x6f1c8000 	C:\Windows\system32\odbcint.dll
0x6c120000 - 0x6c152000 	C:\Windows\system32\qcap.dll
0x6bfa0000 - 0x6c117000 	C:\Windows\system32\quartz.dll
0x6bf90000 - 0x6bf99000 	C:\Windows\system32\msyuv.dll
0x050d0000 - 0x050d8000 	C:\Windows\System32\jmddraw.dll
0x6f8b0000 - 0x6f997000 	C:\Windows\system32\DDRAW.dll
0x060e0000 - 0x06165000 	C:\Windows\system32\igdumdx32.dll
0x06240000 - 0x065f7000 	C:\Windows\system32\igdumd32.dll
0x05110000 - 0x0511b000 	C:\Windows\System32\jmvcm.dll
0x6bf80000 - 0x6bf86000 	C:\Program Files\Java\jdk1.7.0_17\jre\bin\jawt.dll
0x058d0000 - 0x058d9000 	C:\Windows\System32\jmfjawt.dll
0x73d90000 - 0x73db4000 	C:\Program Files\Java\jdk1.7.0_17\jre\bin\dcpr.dll
0x71370000 - 0x7145b000 	C:\Windows\system32\dbghelp.dll

VM Arguments:
jvm_args: -Dfile.encoding=UTF-8 
java_command: com.freelancersteam.www.java.tomafoto.main.Main
Launcher Type: SUN_STANDARD

Environment Variables:
CLASSPATH=.;.;d:\ARCHIV~1\JMF21~1.1E\lib\sound.jar;d:\ARCHIV~1\JMF21~1.1E\lib\jmf.jar;d:\ARCHIV~1\JMF21~1.1E\lib;
PATH=C:\Program Files\Common Files\Microsoft Shared\Windows Live;C:\Windows\system32;C:\Windows;C:\Windows\System32\Wbem;C:\Windows\System32\WindowsPowerShell\v1.0\;C:\Program Files\NTRU Cryptosystems\NTRU TCG Software Stack\bin\;C:\Program Files\Windows Live\Shared
USERNAME=alumno
OS=Windows_NT
PROCESSOR_IDENTIFIER=x86 Family 6 Model 28 Stepping 10, GenuineIntel



---------------  S Y S T E M  ---------------

OS: Windows 7 Build 7600 

CPU:total 2 (1 cores per cpu, 2 threads per core) family 6 model 28 stepping 10, cmov, cx8, fxsr, mmx, sse, sse2, sse3, ssse3, ht, tsc

Memory: 4k page, physical 1037744k(65100k free), swap 2086320k(699224k free)

vm_info: Java HotSpot(TM) Client VM (23.7-b01) for windows-x86 JRE (1.7.0_17-b02), built on Mar  1 2013 05:04:36 by "java_re" with unknown MS VC++:1600

time: Tue May 07 19:08:15 2013
elapsed time: 104 seconds

