#
# A fatal error has been detected by the Java Runtime Environment:
#
#  EXCEPTION_ACCESS_VIOLATION (0xc0000005) at pc=0x04971a9b, pid=2724, tid=3128
#
# JRE version: 7.0-b147
# Java VM: Java HotSpot(TM) Client VM (21.0-b17 mixed mode, sharing windows-x86 )
# Problematic frame:
# C  [jmddraw.dll+0x1a9b]
#
# Failed to write core dump. Minidumps are not enabled by default on client versions of Windows
#
# If you would like to submit a bug report, please visit:
#   http://bugreport.sun.com/bugreport/crash.jsp
# The crash happened outside the Java Virtual Machine in native code.
# See problematic frame for where to report the bug.
#

---------------  T H R E A D  ---------------

Current thread (0x03f06400):  JavaThread "Loop thread: com.sun.media.renderer.video.DDRenderer@e8709d" [_thread_in_native, id=3128, stack(0x05bf0000,0x05c40000)]

siginfo: ExceptionCode=0xc0000005, writing address 0x00000000

Registers:
EAX=0x00000000, EBX=0x05e906b0, ECX=0x00000000, EDX=0x28cabae8
ESP=0x05c3f5a8, EBP=0x09550020, ESI=0x03f06528, EDI=0x00000000
EIP=0x04971a9b, EFLAGS=0x00010202

Top of Stack: (sp=0x05c3f5a8)
0x05c3f5a8:   03f06400 335f0c30 05c3f6f8 335f0c30
0x05c3f5b8:   016f4bb0 00000000 09550020 03f16ba0
0x05c3f5c8:   00000000 28cabae8 016f5410 00000004
0x05c3f5d8:   ffffffff 00000195 03f06400 00000321
0x05c3f5e8:   03f0658c 05c3f674 00000000 00000000
0x05c3f5f8:   00000000 00000000 00000280 000001e0
0x05c3f608:   03f06400 28cabae8 03f06400 05c3f7f4
0x05c3f618:   03caf686 03f06400 05c3f644 03f06400 

Instructions: (pc=0x04971a9b)
0x04971a7b:   85 c0 0f 84 31 01 00 00 83 f8 20 0f 84 28 01 00
0x04971a8b:   00 50 e8 6b 07 00 00 8b 54 24 28 8b f8 83 c4 04
0x04971a9b:   89 17 8b 43 1c 8d 54 24 24 8b 08 52 8d 54 24 38
0x04971aab:   57 52 50 ff 51 0c 57 e8 17 07 00 00 83 c4 04 c7 


Register to memory mapping:

EAX=0x00000000 is an unknown value
EBX=0x05e906b0 is an unknown value
ECX=0x00000000 is an unknown value
EDX=0x28cabae8 is an oop
com.sun.media.CircularBuffer 
 - klass: 'com/sun/media/CircularBuffer'
ESP=0x05c3f5a8 is pointing into the stack for thread: 0x03f06400
EBP=0x09550020 is an unknown value
ESI=0x03f06528 is an unknown value
EDI=0x00000000 is an unknown value


Stack: [0x05bf0000,0x05c40000],  sp=0x05c3f5a8,  free space=317k
Native frames: (J=compiled Java code, j=interpreted, Vv=VM code, C=native code)
