#
# A fatal error has been detected by the Java Runtime Environment:
#
#  EXCEPTION_ACCESS_VIOLATION (0xc0000005) at pc=0x067b1a9b, pid=320, tid=8420
#
# JRE version: 7.0_17-b02
# Java VM: Java HotSpot(TM) Client VM (23.7-b01 mixed mode, sharing windows-x86 )
# Problematic frame:
# C  [jmddraw.dll+0x1a9b]  Java_com_sun_media_renderer_video_DDRenderer_dxDraw+0x1db
#
# Failed to write core dump. Minidumps are not enabled by default on client versions of Windows
#
# If you would like to submit a bug report, please visit:
#   http://bugreport.sun.com/bugreport/crash.jsp
# The crash happened outside the Java Virtual Machine in native code.
# See problematic frame for where to report the bug.
#

---------------  T H R E A D  ---------------

Current thread (0x04b78c00):  JavaThread "Loop thread: com.sun.media.renderer.video.DDRenderer@f7821d" [_thread_in_native, id=8420, stack(0x0a2a0000,0x0a2f0000)]

siginfo: ExceptionCode=0xc0000005, writing address 0x00000000

Registers:
EAX=0x00000000, EBX=0x07d20340, ECX=0x00000000, EDX=0x341f2e80
ESP=0x0a2ef5f8, EBP=0x0c030020, ESI=0x04b78d28, EDI=0x00000000
EIP=0x067b1a9b, EFLAGS=0x00010202

Top of Stack: (sp=0x0a2ef5f8)
0x0a2ef5f8:   04b78c00 34270158 0a2ef748 34270158
0x0a2ef608:   04b711d8 00000000 0c030020 0a2ef720
0x0a2ef618:   00000000 341f2e80 04b7162c 00000004
0x0a2ef628:   001ab620 00000255 000000cb 000003e1
0x0a2ef638:   00000257 0a2ef6c4 00000000 00000000
0x0a2ef648:   00000000 00000000 00000280 000001e0
0x0a2ef658:   0000014c 00000000 04b78c00 0a2ef840
0x0a2ef668:   01fd5366 0a2ef6f4 62230af0 049f1670 

Instructions: (pc=0x067b1a9b)
0x067b1a7b:   85 c0 0f 84 31 01 00 00 83 f8 20 0f 84 28 01 00
0x067b1a8b:   00 50 e8 6b 07 00 00 8b 54 24 28 8b f8 83 c4 04
0x067b1a9b:   89 17 8b 43 1c 8d 54 24 24 8b 08 52 8d 54 24 38
0x067b1aab:   57 52 50 ff 51 0c 57 e8 17 07 00 00 83 c4 04 c7 


Register to memory mapping:

EAX=0x00000000 is an unknown value
EBX=0x07d20340 is an unknown value
ECX=0x00000000 is an unknown value
EDX=0x341f2e80 is an oop
{instance class} 
 - klass: {other class}
ESP=0x0a2ef5f8 is pointing into the stack for thread: 0x04b78c00
EBP=0x0c030020 is an unknown value
ESI=0x04b78d28 is an unknown value
EDI=0x00000000 is an unknown value


Stack: [0x0a2a0000,0x0a2f0000],  sp=0x0a2ef5f8,  free space=317k
Native frames: (J=compiled Java code, j=interpreted, Vv=VM code, C=native code)
C  [jmddraw.dll+0x1a9b]  Java_com_sun_media_renderer_video_DDRenderer_dxDraw+0x1db

Java frames: (J=compiled Java code, j=interpreted, Vv=VM code)
j  com.sun.media.renderer.video.DDRenderer.dxDraw(Ljava/lang/Object;JII)Z+0
j  com.sun.media.renderer.video.DDRenderer.doProcess(Ljavax/media/Buffer;)I+217
j  com.sun.media.renderer.video.BasicVideoRenderer.process(Ljavax/media/Buffer;)I+18
j  com.sun.media.BasicRendererModule.processBuffer(Ljavax/media/Buffer;)I+357
j  com.sun.media.BasicRendererModule.scheduleBuffer(Ljavax/media/Buffer;)Z+164
j  com.sun.media.BasicRendererModule.doProcess()Z+330
j  com.sun.media.RenderThread.process()Z+4
j  com.sun.media.util.LoopThread.run()V+14
v  ~StubRoutines::call_stub

---------------  P R O C E S S  ---------------

Java Threads: ( => current thread )
  0x04b79400 JavaThread "Thread-0" daemon [_thread_in_native, id=10032, stack(0x06b80000,0x06bd0000)]
  0x04b78800 JavaThread "DestroyJavaVM" [_thread_blocked, id=5412, stack(0x01fe0000,0x02030000)]
  0x04b78000 JavaThread "Abandoned connection cleanup thread" daemon [_thread_blocked, id=2792, stack(0x08030000,0x08080000)]
=>0x04b78c00 JavaThread "Loop thread: com.sun.media.renderer.video.DDRenderer@f7821d" [_thread_in_native, id=8420, stack(0x0a2a0000,0x0a2f0000)]
  0x04b76800 JavaThread "Loop thread: com.sun.media.parser.RawBufferParser$FrameTrack@d7ad36" [_thread_blocked, id=7272, stack(0x0a3d0000,0x0a420000)]
  0x04b77c00 JavaThread "Loop thread" [_thread_blocked, id=444, stack(0x081e0000,0x08230000)]
  0x04b77400 JavaThread "VFW TransferDataThread" [_thread_blocked, id=8856, stack(0x07e30000,0x07e80000)]
  0x04b76c00 JavaThread "VFW VideoPollThread" [_thread_blocked, id=6532, stack(0x069d0000,0x06a20000)]
  0x04ab2400 JavaThread "JMF thread: SendEventQueue: com.sun.media.PlaybackEngine" [_thread_blocked, id=6240, stack(0x07c50000,0x07ca0000)]
  0x04860800 JavaThread "JMF thread: SendEventQueue: com.sun.media.content.unknown.Handler" [_thread_blocked, id=9572, stack(0x067d0000,0x06820000)]
  0x04c6fc00 JavaThread "VFW Request Thread" [_thread_blocked, id=5252, stack(0x054d0000,0x05520000)]
  0x04a83400 JavaThread "Image Fetcher 0" daemon [_thread_blocked, id=5800, stack(0x05e10000,0x05e60000)]
  0x049ff000 JavaThread "TimerQueue" daemon [_thread_blocked, id=1176, stack(0x059d0000,0x05a20000)]
  0x049dcc00 JavaThread "Thread-1" [_thread_blocked, id=3648, stack(0x05c80000,0x05cd0000)]
  0x049c1400 JavaThread "AWT-EventQueue-0" [_thread_blocked, id=2996, stack(0x05b10000,0x05b60000)]
  0x04944800 JavaThread "AWT-Shutdown" [_thread_blocked, id=8536, stack(0x050b0000,0x05100000)]
  0x049c4400 JavaThread "Java2D Disposer" daemon [_thread_blocked, id=6056, stack(0x05030000,0x05080000)]
  0x01fbf800 JavaThread "Service Thread" daemon [_thread_blocked, id=9708, stack(0x047b0000,0x04800000)]
  0x01fb1800 JavaThread "C1 CompilerThread0" daemon [_thread_blocked, id=8388, stack(0x01e40000,0x01e90000)]
  0x01fb0400 JavaThread "Attach Listener" daemon [_thread_blocked, id=3112, stack(0x04650000,0x046a0000)]
  0x01fad000 JavaThread "Signal Dispatcher" daemon [_thread_blocked, id=168, stack(0x04550000,0x045a0000)]
  0x01f96c00 JavaThread "Finalizer" daemon [_thread_blocked, id=5360, stack(0x04480000,0x044d0000)]
  0x01f95400 JavaThread "Reference Handler" daemon [_thread_blocked, id=8864, stack(0x04370000,0x043c0000)]

Other Threads:
  0x01f92800 VMThread [stack: 0x04170000,0x041c0000] [id=5368]
  0x01fd2c00 WatcherThread [stack: 0x04260000,0x042b0000] [id=6508]

VM state:not at safepoint (normal execution)

VM Mutex/Monitor currently owned by a thread: None

Heap
 def new generation   total 13952K, used 12694K [0x23ff0000, 0x24f10000, 0x29540000)
  eden space 12416K,  90% used [0x23ff0000, 0x24ae0cb8, 0x24c10000)
  from space 1536K,  97% used [0x24d90000, 0x24f04b78, 0x24f10000)
  to   space 1536K,   0% used [0x24c10000, 0x24c10000, 0x24d90000)
 tenured generation   total 30824K, used 18494K [0x29540000, 0x2b35a000, 0x33ff0000)
   the space 30824K,  59% used [0x29540000, 0x2a74f8f8, 0x2a74fa00, 0x2b35a000)
 compacting perm gen  total 12288K, used 9957K [0x33ff0000, 0x34bf0000, 0x37ff0000)
   the space 12288K,  81% used [0x33ff0000, 0x349a9568, 0x349a9600, 0x34bf0000)
    ro space 10240K,  45% used [0x37ff0000, 0x384773d8, 0x38477400, 0x389f0000)
    rw space 12288K,  54% used [0x389f0000, 0x3907acc8, 0x3907ae00, 0x395f0000)

Card table byte_map: [0x04030000,0x040e0000] byte_map_base: 0x03f10080

Polling page: 0x00130000

Code Cache  [0x02030000, 0x022a8000, 0x04030000)
 total_blobs=1453 nmethods=1174 adapters=213 free_code_cache=30270Kb largest_free_block=30995840

Compilation events (10 events):
Event: 41.710 Thread 0x01fb1800 1181             javax.swing.GroupLayout$AutoPreferredGapSpring::calculatePreferredSize (34 bytes)
Event: 41.710 Thread 0x01fb1800 nmethod 1181 0x0229eb88 code [0x0229ec80, 0x0229ed30]
Event: 41.958 Thread 0x01fb1800 1182             java.util.PriorityQueue::peek (16 bytes)
Event: 41.959 Thread 0x01fb1800 nmethod 1182 0x0229ed88 code [0x0229ee80, 0x0229ef40]
Event: 42.208 Thread 0x01fb1800 1183             java.util.HashMap::removeEntryForKey (150 bytes)
Event: 42.209 Thread 0x01fb1800 nmethod 1183 0x0229f008 code [0x0229f140, 0x0229f3a4]
Event: 42.240 Thread 0x01fb1800 1184   !         com.sun.media.BasicInputConnector::getValidBuffer (176 bytes)
Event: 42.241 Thread 0x01fb1800 nmethod 1184 0x0229f648 code [0x0229f7c0, 0x022a009c]
Event: 42.241 Thread 0x01fb1800 1185             com.sun.media.BasicInputConnector::isValidBufferAvailable (8 bytes)
Event: 42.241 Thread 0x01fb1800 nmethod 1185 0x022a06c8 code [0x022a07c0, 0x022a09d0]

GC Heap History (10 events):
Event: 15.929 GC heap before
{Heap before GC invocations=11 (full 0):
 def new generation   total 4928K, used 4927K [0x23ff0000, 0x24540000, 0x29540000)
  eden space 4416K, 100% used [0x23ff0000, 0x24440000, 0x24440000)
  from space 512K,  99% used [0x244c0000, 0x2453fff8, 0x24540000)
  to   space 512K,   0% used [0x24440000, 0x24440000, 0x244c0000)
 tenured generation   total 10944K, used 9816K [0x29540000, 0x29ff0000, 0x33ff0000)
   the space 10944K,  89% used [0x29540000, 0x29ed6000, 0x29ed6000, 0x29ff0000)
 compacting perm gen  total 12288K, used 8965K [0x33ff0000, 0x34bf0000, 0x37ff0000)
   the space 12288K,  72% used [0x33ff0000, 0x348b15f0, 0x348b1600, 0x34bf0000)
    ro space 10240K,  45% used [0x37ff0000, 0x384773d8, 0x38477400, 0x389f0000)
    rw space 12288K,  54% used [0x389f0000, 0x3907acc8, 0x3907ae00, 0x395f0000)
Event: 15.932 GC heap after
Heap after GC invocations=12 (full 0):
 def new generation   total 4928K, used 512K [0x23ff0000, 0x24540000, 0x29540000)
  eden space 4416K,   0% used [0x23ff0000, 0x23ff0000, 0x24440000)
  from space 512K, 100% used [0x24440000, 0x244c0000, 0x244c0000)
  to   space 512K,   0% used [0x244c0000, 0x244c0000, 0x24540000)
 tenured generation   total 10944K, used 10169K [0x29540000, 0x29ff0000, 0x33ff0000)
   the space 10944K,  92% used [0x29540000, 0x29f2e4c0, 0x29f2e600, 0x29ff0000)
 compacting perm gen  total 12288K, used 8965K [0x33ff0000, 0x34bf0000, 0x37ff0000)
   the space 12288K,  72% used [0x33ff0000, 0x348b15f0, 0x348b1600, 0x34bf0000)
    ro space 10240K,  45% used [0x37ff0000, 0x384773d8, 0x38477400, 0x389f0000)
    rw space 12288K,  54% used [0x389f0000, 0x3907acc8, 0x3907ae00, 0x395f0000)
}
Event: 16.470 GC heap before
{Heap before GC invocations=12 (full 0):
 def new generation   total 4928K, used 4591K [0x23ff0000, 0x24540000, 0x29540000)
  eden space 4416K,  92% used [0x23ff0000, 0x243ebcf0, 0x24440000)
  from space 512K, 100% used [0x24440000, 0x244c0000, 0x244c0000)
  to   space 512K,   0% used [0x244c0000, 0x244c0000, 0x24540000)
 tenured generation   total 10944K, used 10169K [0x29540000, 0x29ff0000, 0x33ff0000)
   the space 10944K,  92% used [0x29540000, 0x29f2e4c0, 0x29f2e600, 0x29ff0000)
 compacting perm gen  total 12288K, used 9680K [0x33ff0000, 0x34bf0000, 0x37ff0000)
   the space 12288K,  78% used [0x33ff0000, 0x349641a0, 0x34964200, 0x34bf0000)
    ro space 10240K,  45% used [0x37ff0000, 0x384773d8, 0x38477400, 0x389f0000)
    rw space 12288K,  54% used [0x389f0000, 0x3907acc8, 0x3907ae00, 0x395f0000)
Event: 16.549 GC heap after
Heap after GC invocations=13 (full 1):
 def new generation   total 6464K, used 0K [0x23ff0000, 0x246f0000, 0x29540000)
  eden space 5760K,   0% used [0x23ff0000, 0x23ff0000, 0x24590000)
  from space 704K,   0% used [0x24590000, 0x24590000, 0x24640000)
  to   space 704K,   0% used [0x24640000, 0x24640000, 0x246f0000)
 tenured generation   total 14216K, used 8527K [0x29540000, 0x2a322000, 0x33ff0000)
   the space 14216K,  59% used [0x29540000, 0x29d93d08, 0x29d93e00, 0x2a322000)
 compacting perm gen  total 12288K, used 9680K [0x33ff0000, 0x34bf0000, 0x37ff0000)
   the space 12288K,  78% used [0x33ff0000, 0x349641a0, 0x34964200, 0x34bf0000)
    ro space 10240K,  45% used [0x37ff0000, 0x384773d8, 0x38477400, 0x389f0000)
    rw space 12288K,  54% used [0x389f0000, 0x3907acc8, 0x3907ae00, 0x395f0000)
}
Event: 16.672 GC heap before
{Heap before GC invocations=13 (full 1):
 def new generation   total 6464K, used 5547K [0x23ff0000, 0x246f0000, 0x29540000)
  eden space 5760K,  96% used [0x23ff0000, 0x2455afa0, 0x24590000)
  from space 704K,   0% used [0x24590000, 0x24590000, 0x24640000)
  to   space 704K,   0% used [0x24640000, 0x24640000, 0x246f0000)
 tenured generation   total 14216K, used 8527K [0x29540000, 0x2a322000, 0x33ff0000)
   the space 14216K,  59% used [0x29540000, 0x29d93d08, 0x29d93e00, 0x2a322000)
 compacting perm gen  total 12288K, used 9685K [0x33ff0000, 0x34bf0000, 0x37ff0000)
   the space 12288K,  78% used [0x33ff0000, 0x34965788, 0x34965800, 0x34bf0000)
    ro space 10240K,  45% used [0x37ff0000, 0x384773d8, 0x38477400, 0x389f0000)
    rw space 12288K,  54% used [0x389f0000, 0x3907acc8, 0x3907ae00, 0x395f0000)
Event: 16.677 GC heap after
Heap after GC invocations=14 (full 1):
 def new generation   total 6464K, used 606K [0x23ff0000, 0x246f0000, 0x29540000)
  eden space 5760K,   0% used [0x23ff0000, 0x23ff0000, 0x24590000)
  from space 704K,  86% used [0x24640000, 0x246d7a90, 0x246f0000)
  to   space 704K,   0% used [0x24590000, 0x24590000, 0x24640000)
 tenured generation   total 14216K, used 13327K [0x29540000, 0x2a322000, 0x33ff0000)
   the space 14216K,  93% used [0x29540000, 0x2a243d58, 0x2a243e00, 0x2a322000)
 compacting perm gen  total 12288K, used 9685K [0x33ff0000, 0x34bf0000, 0x37ff0000)
   the space 12288K,  78% used [0x33ff0000, 0x34965788, 0x34965800, 0x34bf0000)
    ro space 10240K,  45% used [0x37ff0000, 0x384773d8, 0x38477400, 0x389f0000)
    rw space 12288K,  54% used [0x389f0000, 0x3907acc8, 0x3907ae00, 0x395f0000)
}
Event: 17.014 GC heap before
{Heap before GC invocations=14 (full 1):
 def new generation   total 6464K, used 6031K [0x23ff0000, 0x246f0000, 0x29540000)
  eden space 5760K,  94% used [0x23ff0000, 0x2453c1d8, 0x24590000)
  from space 704K,  86% used [0x24640000, 0x246d7a90, 0x246f0000)
  to   space 704K,   0% used [0x24590000, 0x24590000, 0x24640000)
 tenured generation   total 14216K, used 13327K [0x29540000, 0x2a322000, 0x33ff0000)
   the space 14216K,  93% used [0x29540000, 0x2a243d58, 0x2a243e00, 0x2a322000)
 compacting perm gen  total 12288K, used 9686K [0x33ff0000, 0x34bf0000, 0x37ff0000)
   the space 12288K,  78% used [0x33ff0000, 0x34965908, 0x34965a00, 0x34bf0000)
    ro space 10240K,  45% used [0x37ff0000, 0x384773d8, 0x38477400, 0x389f0000)
    rw space 12288K,  54% used [0x389f0000, 0x3907acc8, 0x3907ae00, 0x395f0000)
Event: 17.093 GC heap after
Heap after GC invocations=15 (full 2):
 def new generation   total 13952K, used 600K [0x23ff0000, 0x24f10000, 0x29540000)
  eden space 12416K,   4% used [0x23ff0000, 0x240860d0, 0x24c10000)
  from space 1536K,   0% used [0x24c10000, 0x24c10000, 0x24d90000)
  to   space 1536K,   0% used [0x24d90000, 0x24d90000, 0x24f10000)
 tenured generation   total 30824K, used 18494K [0x29540000, 0x2b35a000, 0x33ff0000)
   the space 30824K,  59% used [0x29540000, 0x2a74f898, 0x2a74fa00, 0x2b35a000)
 compacting perm gen  total 12288K, used 9686K [0x33ff0000, 0x34bf0000, 0x37ff0000)
   the space 12288K,  78% used [0x33ff0000, 0x34965908, 0x34965a00, 0x34bf0000)
    ro space 10240K,  45% used [0x37ff0000, 0x384773d8, 0x38477400, 0x389f0000)
    rw space 12288K,  54% used [0x389f0000, 0x3907acc8, 0x3907ae00, 0x395f0000)
}
Event: 26.927 GC heap before
{Heap before GC invocations=15 (full 2):
 def new generation   total 13952K, used 12408K [0x23ff0000, 0x24f10000, 0x29540000)
  eden space 12416K,  99% used [0x23ff0000, 0x24c0e118, 0x24c10000)
  from space 1536K,   0% used [0x24c10000, 0x24c10000, 0x24d90000)
  to   space 1536K,   0% used [0x24d90000, 0x24d90000, 0x24f10000)
 tenured generation   total 30824K, used 18494K [0x29540000, 0x2b35a000, 0x33ff0000)
   the space 30824K,  59% used [0x29540000, 0x2a74f898, 0x2a74fa00, 0x2b35a000)
 compacting perm gen  total 12288K, used 9850K [0x33ff0000, 0x34bf0000, 0x37ff0000)
   the space 12288K,  80% used [0x33ff0000, 0x3498e888, 0x3498ea00, 0x34bf0000)
    ro space 10240K,  45% used [0x37ff0000, 0x384773d8, 0x38477400, 0x389f0000)
    rw space 12288K,  54% used [0x389f0000, 0x3907acc8, 0x3907ae00, 0x395f0000)
Event: 26.936 GC heap after
Heap after GC invocations=16 (full 2):
 def new generation   total 13952K, used 1490K [0x23ff0000, 0x24f10000, 0x29540000)
  eden space 12416K,   0% used [0x23ff0000, 0x23ff0000, 0x24c10000)
  from space 1536K,  97% used [0x24d90000, 0x24f04b78, 0x24f10000)
  to   space 1536K,   0% used [0x24c10000, 0x24c10000, 0x24d90000)
 tenured generation   total 30824K, used 18494K [0x29540000, 0x2b35a000, 0x33ff0000)
   the space 30824K,  59% used [0x29540000, 0x2a74f8f8, 0x2a74fa00, 0x2b35a000)
 compacting perm gen  total 12288K, used 9850K [0x33ff0000, 0x34bf0000, 0x37ff0000)
   the space 12288K,  80% used [0x33ff0000, 0x3498e888, 0x3498ea00, 0x34bf0000)
    ro space 10240K,  45% used [0x37ff0000, 0x384773d8, 0x38477400, 0x389f0000)
    rw space 12288K,  54% used [0x389f0000, 0x3907acc8, 0x3907ae00, 0x395f0000)
}

Deoptimization events (0 events):
No events

Internal exceptions (10 events):
Event: 18.328 Thread 0x049c1400 Threw 0x241cb300 at C:\jdk7u2_32P\jdk7u17\hotspot\src\share\vm\prims\jvm.cpp:1166
Event: 18.329 Thread 0x049c1400 Threw 0x241d44b8 at C:\jdk7u2_32P\jdk7u17\hotspot\src\share\vm\prims\jvm.cpp:1166
Event: 18.333 Thread 0x049c1400 Threw 0x241e3c90 at C:\jdk7u2_32P\jdk7u17\hotspot\src\share\vm\prims\jvm.cpp:1166
Event: 18.337 Thread 0x049c1400 Threw 0x24204ca0 at C:\jdk7u2_32P\jdk7u17\hotspot\src\share\vm\prims\jvm.cpp:1166
Event: 19.921 Thread 0x049c1400 Threw 0x24375068 at C:\jdk7u2_32P\jdk7u17\hotspot\src\share\vm\prims\jvm.cpp:1166
Event: 22.424 Thread 0x049c1400 Threw 0x24529a80 at C:\jdk7u2_32P\jdk7u17\hotspot\src\share\vm\prims\jvm.cpp:1166
Event: 22.426 Thread 0x049c1400 Threw 0x245335f8 at C:\jdk7u2_32P\jdk7u17\hotspot\src\share\vm\prims\jvm.cpp:1166
Event: 22.429 Thread 0x049c1400 Threw 0x2453c348 at C:\jdk7u2_32P\jdk7u17\hotspot\src\share\vm\prims\jvm.cpp:1166
Event: 23.574 Thread 0x049c1400 Threw 0x2468c530 at C:\jdk7u2_32P\jdk7u17\hotspot\src\share\vm\prims\jvm.cpp:1166
Event: 42.297 Thread 0x049c1400 Threw 0x24ab72b8 at C:\jdk7u2_32P\jdk7u17\hotspot\src\share\vm\prims\jvm.cpp:1166

Events (10 events):
Event: 42.300 Thread 0x04b7a800 Thread added: 0x04b7a800
Event: 42.300 Thread 0x04b7a000 Thread exited: 0x04b7a000
Event: 42.300 Executing VM operation: RevokeBias
Event: 42.301 Executing VM operation: RevokeBias done
Event: 42.301 loading class 0x396631e8
Event: 42.301 loading class 0x39663190
Event: 42.301 loading class 0x39663190 done
Event: 42.301 loading class 0x396631e8 done
Event: 42.301 Thread 0x04b7a800 Thread exited: 0x04b7a800
Event: 42.313 Thread 0x04945000 Thread exited: 0x04945000


Dynamic libraries:
0x00140000 - 0x0016f000 	C:\Program Files (x86)\Java\jdk1.7.0_17\bin\java.exe
0x77780000 - 0x77900000 	C:\Windows\SysWOW64\ntdll.dll
0x766a0000 - 0x767b0000 	C:\Windows\syswow64\kernel32.dll
0x76df0000 - 0x76e37000 	C:\Windows\syswow64\KERNELBASE.dll
0x76cb0000 - 0x76d50000 	C:\Windows\syswow64\ADVAPI32.dll
0x77090000 - 0x7713c000 	C:\Windows\syswow64\msvcrt.dll
0x765f0000 - 0x76609000 	C:\Windows\SysWOW64\sechost.dll
0x77210000 - 0x77300000 	C:\Windows\syswow64\RPCRT4.dll
0x751d0000 - 0x75230000 	C:\Windows\syswow64\SspiCli.dll
0x751c0000 - 0x751cc000 	C:\Windows\syswow64\CRYPTBASE.dll
0x764e0000 - 0x765e0000 	C:\Windows\syswow64\USER32.dll
0x77000000 - 0x77090000 	C:\Windows\syswow64\GDI32.dll
0x76810000 - 0x7681a000 	C:\Windows\syswow64\LPK.dll
0x76210000 - 0x762ad000 	C:\Windows\syswow64\USP10.dll
0x72ea0000 - 0x7303e000 	C:\Windows\WinSxS\x86_microsoft.windows.common-controls_6595b64144ccf1df_6.0.7601.17514_none_41e6975e2bd6f2b2\COMCTL32.dll
0x767b0000 - 0x76807000 	C:\Windows\syswow64\SHLWAPI.dll
0x76f90000 - 0x76ff0000 	C:\Windows\system32\IMM32.DLL
0x77140000 - 0x7720c000 	C:\Windows\syswow64\MSCTF.dll
0x626f0000 - 0x627ae000 	C:\Program Files (x86)\Java\jdk1.7.0_17\jre\bin\msvcr100.dll
0x62110000 - 0x6245c000 	C:\Program Files (x86)\Java\jdk1.7.0_17\jre\bin\client\jvm.dll
0x71a00000 - 0x71a07000 	C:\Windows\system32\WSOCK32.dll
0x77330000 - 0x77365000 	C:\Windows\syswow64\WS2_32.dll
0x76ff0000 - 0x76ff6000 	C:\Windows\syswow64\NSI.dll
0x72900000 - 0x72932000 	C:\Windows\system32\WINMM.dll
0x77750000 - 0x77755000 	C:\Windows\syswow64\PSAPI.DLL
0x63ad0000 - 0x63adc000 	C:\Program Files (x86)\Java\jdk1.7.0_17\jre\bin\verify.dll
0x635c0000 - 0x635e0000 	C:\Program Files (x86)\Java\jdk1.7.0_17\jre\bin\java.dll
0x62690000 - 0x626a3000 	C:\Program Files (x86)\Java\jdk1.7.0_17\jre\bin\zip.dll
0x626b0000 - 0x626e5000 	C:\Program Files (x86)\Java\jdk1.7.0_17\jre\bin\splashscreen.dll
0x62520000 - 0x62662000 	C:\Program Files (x86)\Java\jdk1.7.0_17\jre\bin\awt.dll
0x76d60000 - 0x76def000 	C:\Windows\syswow64\OLEAUT32.dll
0x76820000 - 0x7697c000 	C:\Windows\syswow64\ole32.dll
0x72ca0000 - 0x72cb3000 	C:\Windows\system32\DWMAPI.DLL
0x72950000 - 0x729d0000 	C:\Windows\system32\uxtheme.dll
0x73840000 - 0x7385a000 	C:\Program Files (x86)\TeamViewer\Version8\tv_w32.dll
0x73200000 - 0x73209000 	C:\Windows\system32\VERSION.dll
0x6c240000 - 0x6c267000 	C:\Windows\system32\CRTDLL.dll
0x755c0000 - 0x7620a000 	C:\Windows\syswow64\SHELL32.dll
0x62670000 - 0x62684000 	C:\Program Files (x86)\Java\jdk1.7.0_17\jre\bin\net.dll
0x72d50000 - 0x72d8c000 	C:\Windows\system32\mswsock.dll
0x73790000 - 0x73796000 	C:\Windows\System32\wship6.dll
0x635b0000 - 0x635be000 	C:\Program Files (x86)\Java\jdk1.7.0_17\jre\bin\nio.dll
0x731a0000 - 0x731b6000 	C:\Windows\system32\CRYPTSP.dll
0x73050000 - 0x7308b000 	C:\Windows\system32\rsaenh.dll
0x72e60000 - 0x72e77000 	C:\Windows\system32\USERENV.dll
0x72e50000 - 0x72e5b000 	C:\Windows\system32\profapi.dll
0x72d40000 - 0x72d50000 	C:\Windows\system32\NLAapi.dll
0x720f0000 - 0x72100000 	C:\Windows\system32\napinsp.dll
0x720d0000 - 0x720e2000 	C:\Windows\system32\pnrpnsp.dll
0x72430000 - 0x72474000 	C:\Windows\system32\DNSAPI.dll
0x720c0000 - 0x720c8000 	C:\Windows\System32\winrnr.dll
0x71e70000 - 0x71e7d000 	C:\Windows\system32\wshbth.dll
0x71650000 - 0x71677000 	C:\Program Files (x86)\Common Files\Microsoft Shared\Windows Live\WLIDNSP.DLL
0x72060000 - 0x72065000 	C:\Windows\System32\wshtcpip.dll
0x731e0000 - 0x731fc000 	C:\Windows\system32\IPHLPAPI.DLL
0x731d0000 - 0x731d7000 	C:\Windows\system32\WINNSI.DLL
0x72070000 - 0x72076000 	C:\Windows\system32\rasadhlp.dll
0x72080000 - 0x720b8000 	C:\Windows\System32\fwpuclnt.dll
0x624f0000 - 0x6251a000 	C:\Program Files (x86)\Java\jdk1.7.0_17\jre\bin\fontmanager.dll
0x75530000 - 0x755b3000 	C:\Windows\syswow64\CLBCatQ.DLL
0x6a7f0000 - 0x6a920000 	C:\Windows\system32\WindowsCodecs.dll
0x71f40000 - 0x71f8c000 	C:\Windows\system32\apphelp.dll
0x620d0000 - 0x62101000 	C:\Windows\system32\EhStorShell.dll
0x76340000 - 0x764dd000 	C:\Windows\syswow64\SETUPAPI.dll
0x76c00000 - 0x76c27000 	C:\Windows\syswow64\CFGMGR32.dll
0x76f70000 - 0x76f82000 	C:\Windows\syswow64\DEVOBJ.dll
0x72100000 - 0x721f5000 	C:\Windows\system32\PROPSYS.dll
0x61eb0000 - 0x620cf000 	C:\Program Files (x86)\Microsoft Office\Office12\GrooveShellExtensions.dll
0x61bd0000 - 0x61cc3000 	C:\Program Files (x86)\Microsoft Office\Office12\GrooveUtil.DLL
0x75370000 - 0x75528000 	C:\Windows\syswow64\WININET.dll
0x75350000 - 0x75354000 	C:\Windows\syswow64\api-ms-win-downlevel-user32-l1-1-0.dll
0x76d50000 - 0x76d55000 	C:\Windows\syswow64\api-ms-win-downlevel-advapi32-l1-1-0.dll
0x76bf0000 - 0x76bf4000 	C:\Windows\syswow64\api-ms-win-downlevel-shlwapi-l1-1-0.dll
0x765e0000 - 0x765e4000 	C:\Windows\syswow64\api-ms-win-downlevel-version-l1-1-0.dll
0x75360000 - 0x75363000 	C:\Windows\syswow64\api-ms-win-downlevel-normaliz-l1-1-0.dll
0x769e0000 - 0x769e3000 	C:\Windows\syswow64\normaliz.DLL
0x769f0000 - 0x76be8000 	C:\Windows\syswow64\iertutil.dll
0x75230000 - 0x7534e000 	C:\Windows\syswow64\CRYPT32.dll
0x77370000 - 0x7737c000 	C:\Windows\syswow64\MSASN1.dll
0x70870000 - 0x7090b000 	C:\Windows\WinSxS\x86_microsoft.vc80.crt_1fc8b3b9a1e18e3b_8.0.50727.6195_none_d09154e044272b9a\MSVCR80.dll
0x63e30000 - 0x63e37000 	C:\Program Files (x86)\Microsoft Office\Office12\GrooveNew.DLL
0x62480000 - 0x6249b000 	C:\Windows\WinSxS\x86_microsoft.vc80.atl_1fc8b3b9a1e18e3b_8.0.50727.6195_none_d1cb102c435421de\ATL80.DLL
0x6fd50000 - 0x6fd55000 	C:\Windows\system32\MSImg32.dll
0x635e0000 - 0x63650000 	C:\Windows\system32\ntshrui.dll
0x72ce0000 - 0x72cf9000 	C:\Windows\system32\srvcli.dll
0x74840000 - 0x7484b000 	C:\Windows\system32\cscapi.dll
0x74690000 - 0x7469a000 	C:\Windows\system32\slc.dll
0x624b0000 - 0x624e1000 	C:\Program Files (x86)\Java\jdk1.7.0_17\jre\bin\t2k.dll
0x10000000 - 0x10015000 	C:\Windows\System32\jmutil.dll
0x05400000 - 0x0540d000 	C:\Windows\System32\jmvfw.dll
0x71e50000 - 0x71e63000 	C:\Windows\system32\AVICAP32.dll
0x71f10000 - 0x71f31000 	C:\Windows\system32\MSVFW32.dll
0x74790000 - 0x747c9000 	C:\Windows\system32\MMDevAPI.DLL
0x74740000 - 0x74770000 	C:\Windows\system32\wdmaud.drv
0x74780000 - 0x74784000 	C:\Windows\system32\ksuser.dll
0x74770000 - 0x74777000 	C:\Windows\system32\AVRT.dll
0x74700000 - 0x74736000 	C:\Windows\system32\AUDIOSES.DLL
0x746d0000 - 0x746d8000 	C:\Windows\system32\msacm32.drv
0x746e0000 - 0x746f4000 	C:\Windows\system32\MSACM32.dll
0x746c0000 - 0x746c7000 	C:\Windows\system32\midimap.dll
0x747e0000 - 0x747f4000 	C:\Windows\SysWOW64\devenum.dll
0x72540000 - 0x72561000 	C:\Windows\system32\ntmarta.dll
0x76c60000 - 0x76ca5000 	C:\Windows\syswow64\WLDAP32.dll
0x76c30000 - 0x76c5d000 	C:\Windows\syswow64\WINTRUST.dll
0x747d0000 - 0x747db000 	C:\Windows\system32\msdmo.dll
0x736c0000 - 0x736f3000 	C:\Windows\SysWOW64\ksproxy.ax
0x72730000 - 0x728f3000 	C:\Windows\SysWOW64\d3d9.dll
0x72940000 - 0x72946000 	C:\Windows\SysWOW64\d3d8thk.dll
0x73600000 - 0x73609000 	C:\Windows\SysWOW64\vidcap.ax
0x6b590000 - 0x6b5ad000 	C:\Windows\SysWOW64\kswdmcap.ax
0x68b00000 - 0x68c1c000 	C:\Windows\SysWOW64\MFC42.dll
0x64470000 - 0x644fc000 	C:\Windows\SysWOW64\ODBC32.dll
0x64430000 - 0x64468000 	C:\Windows\SysWOW64\odbcint.dll
0x6b150000 - 0x6b182000 	C:\Windows\SysWOW64\qcap.dll
0x66e60000 - 0x66fd7000 	C:\Windows\SysWOW64\quartz.dll
0x72ac0000 - 0x72ac6000 	C:\Windows\system32\DCIMAN32.DLL
0x6a740000 - 0x6a751000 	C:\Windows\system32\vfwwdm32.dll
0x73710000 - 0x73719000 	C:\Windows\system32\msyuv.dll
0x067b0000 - 0x067b8000 	C:\Windows\System32\jmddraw.dll
0x729d0000 - 0x72ab7000 	C:\Windows\system32\DDRAW.dll
0x08270000 - 0x08858000 	C:\Windows\system32\igdumd32.dll
0x06890000 - 0x0689b000 	C:\Windows\System32\jmvcm.dll
0x61e80000 - 0x61ea4000 	C:\Program Files (x86)\Java\jdk1.7.0_17\jre\bin\dcpr.dll
0x73700000 - 0x73706000 	C:\Program Files (x86)\Java\jdk1.7.0_17\jre\bin\jawt.dll
0x068b0000 - 0x068b9000 	C:\Windows\System32\jmfjawt.dll
0x68700000 - 0x687eb000 	C:\Windows\system32\dbghelp.dll

VM Arguments:
jvm_args: -Dfile.encoding=UTF-8 
java_command: com.freelancersteam.www.java.tomafoto.main.Main
Launcher Type: SUN_STANDARD

Environment Variables:
JAVA_HOME=C:\Program Files (x86)\Java\jdk1.7.0_25
CLASSPATH=.;c:\JMF\lib\sound.jar;c:\JMF\lib\jmf.jar;c:\JMF\lib;.;.;.;C:\JMF21~1.1E\lib\sound.jar;C:\JMF21~1.1E\lib\jmf.jar;C:\JMF21~1.1E\lib;.;c:\lib\sound.jar;c:\lib\jmf.jar;c:\lib;.;.;C:\PROGRA~2\JMF21~1.1E\lib\sound.jar;C:\PROGRA~2\JMF21~1.1E\lib\jmf.jar;C:\PROGRA~2\JMF21~1.1E\lib;
PATH=C:\Program Files\Common Files\Microsoft Shared\Windows Live;C:\Program Files (x86)\Common Files\Microsoft Shared\Windows Live;C:\Program Files (x86)\Intel\iCLS Client\;C:\Program Files\Intel\iCLS Client\;C:\Windows\system32;C:\Windows;C:\Windows\System32\Wbem;C:\Windows\System32\WindowsPowerShell\v1.0\;C:\Program Files\Intel\WiFi\bin\;C:\Program Files\Common Files\Intel\WirelessCommon\;C:\Program Files (x86)\Windows Live\Shared;C:\Program Files (x86)\Java\jdk1.7.0_25\bin
USERNAME=Joel
OS=Windows_NT
PROCESSOR_IDENTIFIER=Intel64 Family 6 Model 58 Stepping 9, GenuineIntel



---------------  S Y S T E M  ---------------

OS: Windows 7 , 64 bit Build 7601 Service Pack 1

CPU:total 4 (2 cores per cpu, 2 threads per core) family 6 model 58 stepping 9, cmov, cx8, fxsr, mmx, sse, sse2, sse3, ssse3, sse4.1, sse4.2, popcnt, avx, ht, tsc, tscinvbit, tscinv

Memory: 4k page, physical 6159780k(3875148k free), swap 12317700k(9065656k free)

vm_info: Java HotSpot(TM) Client VM (23.7-b01) for windows-x86 JRE (1.7.0_17-b02), built on Mar  1 2013 05:04:36 by "java_re" with unknown MS VC++:1600

time: Sat Jul 27 16:09:04 2013
elapsed time: 42 seconds

