#
# A fatal error has been detected by the Java Runtime Environment:
#
#  EXCEPTION_ACCESS_VIOLATION (0xc0000005) at pc=0x052b1a9b, pid=9072, tid=9780
#
# JRE version: 7.0_17-b02
# Java VM: Java HotSpot(TM) Client VM (23.7-b01 mixed mode, sharing windows-x86 )
# Problematic frame:
# C  [jmddraw.dll+0x1a9b]  Java_com_sun_media_renderer_video_DDRenderer_dxDraw+0x1db
#
# Failed to write core dump. Minidumps are not enabled by default on client versions of Windows
#
# If you would like to submit a bug report, please visit:
#   http://bugreport.sun.com/bugreport/crash.jsp
# The crash happened outside the Java Virtual Machine in native code.
# See problematic frame for where to report the bug.
#

---------------  T H R E A D  ---------------

Current thread (0x04b59400):  JavaThread "Loop thread: com.sun.media.renderer.video.DDRenderer@1c65f7" [_thread_in_native, id=9780, stack(0x09e90000,0x09ee0000)]

siginfo: ExceptionCode=0xc0000005, writing address 0x00000000

Registers:
EAX=0x00000000, EBX=0x079d0340, ECX=0x00000000, EDX=0x298a8530
ESP=0x09edeff8, EBP=0x0b960020, ESI=0x04b59528, EDI=0x00000000
EIP=0x052b1a9b, EFLAGS=0x00010202

Top of Stack: (sp=0x09edeff8)
0x09edeff8:   04b59400 34270178 09edf148 34270178
0x09edf008:   0b560000 00000000 0b960020 0484b978
0x09edf018:   00000000 298a8530 00000a00 00000004
0x09edf028:   0016b620 00000255 04b59400 000003e1
0x09edf038:   04b5958c 00000001 00000000 00000000
0x09edf048:   00000000 00000000 00000280 000001e0
0x09edf058:   00000000 09edf088 298a8530 04c84e26
0x09edf068:   298a8530 04b59400 09edf094 62253e69 

Instructions: (pc=0x052b1a9b)
0x052b1a7b:   85 c0 0f 84 31 01 00 00 83 f8 20 0f 84 28 01 00
0x052b1a8b:   00 50 e8 6b 07 00 00 8b 54 24 28 8b f8 83 c4 04
0x052b1a9b:   89 17 8b 43 1c 8d 54 24 24 8b 08 52 8d 54 24 38
0x052b1aab:   57 52 50 ff 51 0c 57 e8 17 07 00 00 83 c4 04 c7 


Register to memory mapping:

EAX=0x00000000 is an unknown value
EBX=0x079d0340 is an unknown value
ECX=0x00000000 is an unknown value
EDX=0x298a8530 is an oop
com.sun.media.CircularBuffer 
 - klass: 'com/sun/media/CircularBuffer'
ESP=0x09edeff8 is pointing into the stack for thread: 0x04b59400
EBP=0x0b960020 is an unknown value
ESI=0x04b59528 is an unknown value
EDI=0x00000000 is an unknown value


Stack: [0x09e90000,0x09ee0000],  sp=0x09edeff8,  free space=315k
Native frames: (J=compiled Java code, j=interpreted, Vv=VM code, C=native code)
C  [jmddraw.dll+0x1a9b]  Java_com_sun_media_renderer_video_DDRenderer_dxDraw+0x1db

Java frames: (J=compiled Java code, j=interpreted, Vv=VM code)
j  com.sun.media.renderer.video.DDRenderer.dxDraw(Ljava/lang/Object;JII)Z+0
j  com.sun.media.renderer.video.DDRenderer.doProcess(Ljavax/media/Buffer;)I+217
j  com.sun.media.renderer.video.BasicVideoRenderer.process(Ljavax/media/Buffer;)I+18
j  com.sun.media.BasicRendererModule.processBuffer(Ljavax/media/Buffer;)I+357
j  com.sun.media.BasicRendererModule.scheduleBuffer(Ljavax/media/Buffer;)Z+164
j  com.sun.media.BasicRendererModule.doProcess()Z+330
j  com.sun.media.RenderThread.process()Z+4
j  com.sun.media.util.LoopThread.run()V+14
v  ~StubRoutines::call_stub

---------------  P R O C E S S  ---------------

Java Threads: ( => current thread )
  0x04b5c000 JavaThread "Thread-0" daemon [_thread_in_native, id=10036, stack(0x0c6b0000,0x0c700000)]
  0x04b5cc00 JavaThread "Image Fetcher 0" daemon [_thread_blocked, id=6512, stack(0x0c450000,0x0c4a0000)]
  0x04b5b800 JavaThread "DestroyJavaVM" [_thread_blocked, id=2872, stack(0x003d0000,0x00420000)]
  0x04b5ac00 JavaThread "Abandoned connection cleanup thread" daemon [_thread_blocked, id=8320, stack(0x0a700000,0x0a750000)]
=>0x04b59400 JavaThread "Loop thread: com.sun.media.renderer.video.DDRenderer@1c65f7" [_thread_in_native, id=9780, stack(0x09e90000,0x09ee0000)]
  0x04b5b000 JavaThread "Loop thread: com.sun.media.parser.RawBufferParser$FrameTrack@1480d96" [_thread_blocked, id=8408, stack(0x07000000,0x07050000)]
  0x04b5a400 JavaThread "Loop thread" [_thread_blocked, id=9080, stack(0x07bb0000,0x07c00000)]
  0x04b5a000 JavaThread "VFW TransferDataThread" [_thread_blocked, id=5844, stack(0x05300000,0x05350000)]
  0x04b59800 JavaThread "VFW VideoPollThread" [_thread_blocked, id=1404, stack(0x07c10000,0x07c60000)]
  0x04845000 JavaThread "JMF thread: SendEventQueue: com.sun.media.PlaybackEngine" [_thread_blocked, id=7380, stack(0x06810000,0x06860000)]
  0x04c8a800 JavaThread "JMF thread: SendEventQueue: com.sun.media.content.unknown.Handler" [_thread_blocked, id=9792, stack(0x06d30000,0x06d80000)]
  0x04c63c00 JavaThread "VFW Request Thread" [_thread_blocked, id=5192, stack(0x05390000,0x053e0000)]
  0x049ea000 JavaThread "TimerQueue" daemon [_thread_blocked, id=10172, stack(0x05c70000,0x05cc0000)]
  0x049d2800 JavaThread "Thread-1" [_thread_blocked, id=1684, stack(0x05b50000,0x05ba0000)]
  0x049da000 JavaThread "AWT-EventQueue-0" [_thread_blocked, id=9172, stack(0x05a50000,0x05aa0000)]
  0x047f6c00 JavaThread "AWT-Shutdown" [_thread_blocked, id=7684, stack(0x04f70000,0x04fc0000)]
  0x047f4400 JavaThread "Java2D Disposer" daemon [_thread_blocked, id=9304, stack(0x04690000,0x046e0000)]
  0x00be4800 JavaThread "Service Thread" daemon [_thread_blocked, id=9400, stack(0x047a0000,0x047f0000)]
  0x00bdf400 JavaThread "C1 CompilerThread0" daemon [_thread_blocked, id=6396, stack(0x00ea0000,0x00ef0000)]
  0x00bde400 JavaThread "Attach Listener" daemon [_thread_blocked, id=8016, stack(0x010e0000,0x01130000)]
  0x00bdb000 JavaThread "Signal Dispatcher" daemon [_thread_blocked, id=9676, stack(0x00d20000,0x00d70000)]
  0x00bc6c00 JavaThread "Finalizer" daemon [_thread_blocked, id=10156, stack(0x00e40000,0x00e90000)]
  0x00bc5400 JavaThread "Reference Handler" daemon [_thread_blocked, id=8804, stack(0x00ef0000,0x00f40000)]

Other Threads:
  0x00bc2800 VMThread [stack: 0x00dc0000,0x00e10000] [id=6772]
  0x00bf6c00 WatcherThread [stack: 0x04700000,0x04750000] [id=3268]

VM state:not at safepoint (normal execution)

VM Mutex/Monitor currently owned by a thread: None

Heap
 def new generation   total 13952K, used 9899K [0x23ff0000, 0x24f10000, 0x29540000)
  eden space 12416K,  79% used [0x23ff0000, 0x2499ae70, 0x24c10000)
  from space 1536K,   0% used [0x24c10000, 0x24c10000, 0x24d90000)
  to   space 1536K,   0% used [0x24d90000, 0x24d90000, 0x24f10000)
 tenured generation   total 30836K, used 18500K [0x29540000, 0x2b35d000, 0x33ff0000)
   the space 30836K,  59% used [0x29540000, 0x2a751048, 0x2a751200, 0x2b35d000)
 compacting perm gen  total 12288K, used 9873K [0x33ff0000, 0x34bf0000, 0x37ff0000)
   the space 12288K,  80% used [0x33ff0000, 0x34994490, 0x34994600, 0x34bf0000)
    ro space 10240K,  45% used [0x37ff0000, 0x384773d8, 0x38477400, 0x389f0000)
    rw space 12288K,  54% used [0x389f0000, 0x3907acc8, 0x3907ae00, 0x395f0000)

Card table byte_map: [0x00a00000,0x00ab0000] byte_map_base: 0x008e0080

Polling page: 0x00130000

Code Cache  [0x02660000, 0x02888000, 0x04660000)
 total_blobs=1212 nmethods=934 adapters=212 free_code_cache=30570Kb largest_free_block=31303360

Compilation events (10 events):
Event: 33.638 Thread 0x00bdf400  941             java.util.IdentityHashMap::get (60 bytes)
Event: 33.639 Thread 0x00bdf400 nmethod 941 0x02884988 code [0x02884a90, 0x02884bcc]
Event: 33.719 Thread 0x00bdf400  942             sun.awt.SunToolkit::targetToAppContext (36 bytes)
Event: 33.720 Thread 0x00bdf400 nmethod 942 0x02884d08 code [0x02884e30, 0x02884f94]
Event: 33.732 Thread 0x00bdf400  943             java.security.ProtectionDomain$1::doIntersectionPrivilege (32 bytes)
Event: 33.733 Thread 0x00bdf400 nmethod 943 0x028850c8 code [0x028851f0, 0x02885384]
Event: 33.785 Thread 0x00bdf400  944             com.sun.media.protocol.vfw.VFWSourceStream::getStarted (5 bytes)
Event: 33.785 Thread 0x00bdf400 nmethod 944 0x02885488 code [0x02885580, 0x02885600]
Event: 34.599 Thread 0x00bdf400  945             java.awt.Container::getMouseEventTarget (50 bytes)
Event: 34.599 Thread 0x00bdf400 nmethod 945 0x02885648 code [0x02885750, 0x02885888]

GC Heap History (10 events):
Event: 15.777 GC heap before
{Heap before GC invocations=10 (full 0):
 def new generation   total 4928K, used 4927K [0x23ff0000, 0x24540000, 0x29540000)
  eden space 4416K, 100% used [0x23ff0000, 0x24440000, 0x24440000)
  from space 512K,  99% used [0x24440000, 0x244bfff8, 0x244c0000)
  to   space 512K,   0% used [0x244c0000, 0x244c0000, 0x24540000)
 tenured generation   total 10944K, used 8778K [0x29540000, 0x29ff0000, 0x33ff0000)
   the space 10944K,  80% used [0x29540000, 0x29dd28d0, 0x29dd2a00, 0x29ff0000)
 compacting perm gen  total 12288K, used 8412K [0x33ff0000, 0x34bf0000, 0x37ff0000)
   the space 12288K,  68% used [0x33ff0000, 0x34827160, 0x34827200, 0x34bf0000)
    ro space 10240K,  45% used [0x37ff0000, 0x384773d8, 0x38477400, 0x389f0000)
    rw space 12288K,  54% used [0x389f0000, 0x3907acc8, 0x3907ae00, 0x395f0000)
Event: 15.782 GC heap after
Heap after GC invocations=11 (full 0):
 def new generation   total 4928K, used 512K [0x23ff0000, 0x24540000, 0x29540000)
  eden space 4416K,   0% used [0x23ff0000, 0x23ff0000, 0x24440000)
  from space 512K, 100% used [0x244c0000, 0x24540000, 0x24540000)
  to   space 512K,   0% used [0x24440000, 0x24440000, 0x244c0000)
 tenured generation   total 10944K, used 9909K [0x29540000, 0x29ff0000, 0x33ff0000)
   the space 10944K,  90% used [0x29540000, 0x29eed6d0, 0x29eed800, 0x29ff0000)
 compacting perm gen  total 12288K, used 8412K [0x33ff0000, 0x34bf0000, 0x37ff0000)
   the space 12288K,  68% used [0x33ff0000, 0x34827160, 0x34827200, 0x34bf0000)
    ro space 10240K,  45% used [0x37ff0000, 0x384773d8, 0x38477400, 0x389f0000)
    rw space 12288K,  54% used [0x389f0000, 0x3907acc8, 0x3907ae00, 0x395f0000)
}
Event: 15.897 GC heap before
{Heap before GC invocations=11 (full 0):
 def new generation   total 4928K, used 4928K [0x23ff0000, 0x24540000, 0x29540000)
  eden space 4416K, 100% used [0x23ff0000, 0x24440000, 0x24440000)
  from space 512K, 100% used [0x244c0000, 0x24540000, 0x24540000)
  to   space 512K,   0% used [0x24440000, 0x24440000, 0x244c0000)
 tenured generation   total 10944K, used 9909K [0x29540000, 0x29ff0000, 0x33ff0000)
   the space 10944K,  90% used [0x29540000, 0x29eed6d0, 0x29eed800, 0x29ff0000)
 compacting perm gen  total 12288K, used 8998K [0x33ff0000, 0x34bf0000, 0x37ff0000)
   the space 12288K,  73% used [0x33ff0000, 0x348b98a0, 0x348b9a00, 0x34bf0000)
    ro space 10240K,  45% used [0x37ff0000, 0x384773d8, 0x38477400, 0x389f0000)
    rw space 12288K,  54% used [0x389f0000, 0x3907acc8, 0x3907ae00, 0x395f0000)
Event: 15.900 GC heap after
Heap after GC invocations=12 (full 0):
 def new generation   total 4928K, used 512K [0x23ff0000, 0x24540000, 0x29540000)
  eden space 4416K,   0% used [0x23ff0000, 0x23ff0000, 0x24440000)
  from space 512K, 100% used [0x24440000, 0x244c0000, 0x244c0000)
  to   space 512K,   0% used [0x244c0000, 0x244c0000, 0x24540000)
 tenured generation   total 10944K, used 10265K [0x29540000, 0x29ff0000, 0x33ff0000)
   the space 10944K,  93% used [0x29540000, 0x29f465c8, 0x29f46600, 0x29ff0000)
 compacting perm gen  total 12288K, used 8998K [0x33ff0000, 0x34bf0000, 0x37ff0000)
   the space 12288K,  73% used [0x33ff0000, 0x348b98a0, 0x348b9a00, 0x34bf0000)
    ro space 10240K,  45% used [0x37ff0000, 0x384773d8, 0x38477400, 0x389f0000)
    rw space 12288K,  54% used [0x389f0000, 0x3907acc8, 0x3907ae00, 0x395f0000)
}
Event: 16.506 GC heap before
{Heap before GC invocations=12 (full 0):
 def new generation   total 4928K, used 4378K [0x23ff0000, 0x24540000, 0x29540000)
  eden space 4416K,  87% used [0x23ff0000, 0x243b6820, 0x24440000)
  from space 512K, 100% used [0x24440000, 0x244c0000, 0x244c0000)
  to   space 512K,   0% used [0x244c0000, 0x244c0000, 0x24540000)
 tenured generation   total 10944K, used 10265K [0x29540000, 0x29ff0000, 0x33ff0000)
   the space 10944K,  93% used [0x29540000, 0x29f465c8, 0x29f46600, 0x29ff0000)
 compacting perm gen  total 12288K, used 9680K [0x33ff0000, 0x34bf0000, 0x37ff0000)
   the space 12288K,  78% used [0x33ff0000, 0x349641c0, 0x34964200, 0x34bf0000)
    ro space 10240K,  45% used [0x37ff0000, 0x384773d8, 0x38477400, 0x389f0000)
    rw space 12288K,  54% used [0x389f0000, 0x3907acc8, 0x3907ae00, 0x395f0000)
Event: 16.586 GC heap after
Heap after GC invocations=13 (full 1):
 def new generation   total 6464K, used 0K [0x23ff0000, 0x246f0000, 0x29540000)
  eden space 5760K,   0% used [0x23ff0000, 0x23ff0000, 0x24590000)
  from space 704K,   0% used [0x24590000, 0x24590000, 0x24640000)
  to   space 704K,   0% used [0x24640000, 0x24640000, 0x246f0000)
 tenured generation   total 14164K, used 8497K [0x29540000, 0x2a315000, 0x33ff0000)
   the space 14164K,  59% used [0x29540000, 0x29d8c500, 0x29d8c600, 0x2a315000)
 compacting perm gen  total 12288K, used 9680K [0x33ff0000, 0x34bf0000, 0x37ff0000)
   the space 12288K,  78% used [0x33ff0000, 0x349641c0, 0x34964200, 0x34bf0000)
    ro space 10240K,  45% used [0x37ff0000, 0x384773d8, 0x38477400, 0x389f0000)
    rw space 12288K,  54% used [0x389f0000, 0x3907acc8, 0x3907ae00, 0x395f0000)
}
Event: 16.710 GC heap before
{Heap before GC invocations=13 (full 1):
 def new generation   total 6464K, used 5548K [0x23ff0000, 0x246f0000, 0x29540000)
  eden space 5760K,  96% used [0x23ff0000, 0x2455b0e8, 0x24590000)
  from space 704K,   0% used [0x24590000, 0x24590000, 0x24640000)
  to   space 704K,   0% used [0x24640000, 0x24640000, 0x246f0000)
 tenured generation   total 14164K, used 8497K [0x29540000, 0x2a315000, 0x33ff0000)
   the space 14164K,  59% used [0x29540000, 0x29d8c500, 0x29d8c600, 0x2a315000)
 compacting perm gen  total 12288K, used 9685K [0x33ff0000, 0x34bf0000, 0x37ff0000)
   the space 12288K,  78% used [0x33ff0000, 0x349657a8, 0x34965800, 0x34bf0000)
    ro space 10240K,  45% used [0x37ff0000, 0x384773d8, 0x38477400, 0x389f0000)
    rw space 12288K,  54% used [0x389f0000, 0x3907acc8, 0x3907ae00, 0x395f0000)
Event: 16.714 GC heap after
Heap after GC invocations=14 (full 1):
 def new generation   total 6464K, used 606K [0x23ff0000, 0x246f0000, 0x29540000)
  eden space 5760K,   0% used [0x23ff0000, 0x23ff0000, 0x24590000)
  from space 704K,  86% used [0x24640000, 0x246d7a90, 0x246f0000)
  to   space 704K,   0% used [0x24590000, 0x24590000, 0x24640000)
 tenured generation   total 14164K, used 13297K [0x29540000, 0x2a315000, 0x33ff0000)
   the space 14164K,  93% used [0x29540000, 0x2a23c550, 0x2a23c600, 0x2a315000)
 compacting perm gen  total 12288K, used 9685K [0x33ff0000, 0x34bf0000, 0x37ff0000)
   the space 12288K,  78% used [0x33ff0000, 0x349657a8, 0x34965800, 0x34bf0000)
    ro space 10240K,  45% used [0x37ff0000, 0x384773d8, 0x38477400, 0x389f0000)
    rw space 12288K,  54% used [0x389f0000, 0x3907acc8, 0x3907ae00, 0x395f0000)
}
Event: 17.051 GC heap before
{Heap before GC invocations=14 (full 1):
 def new generation   total 6464K, used 6061K [0x23ff0000, 0x246f0000, 0x29540000)
  eden space 5760K,  94% used [0x23ff0000, 0x24543b10, 0x24590000)
  from space 704K,  86% used [0x24640000, 0x246d7a90, 0x246f0000)
  to   space 704K,   0% used [0x24590000, 0x24590000, 0x24640000)
 tenured generation   total 14164K, used 13297K [0x29540000, 0x2a315000, 0x33ff0000)
   the space 14164K,  93% used [0x29540000, 0x2a23c550, 0x2a23c600, 0x2a315000)
 compacting perm gen  total 12288K, used 9690K [0x33ff0000, 0x34bf0000, 0x37ff0000)
   the space 12288K,  78% used [0x33ff0000, 0x34966ad8, 0x34966c00, 0x34bf0000)
    ro space 10240K,  45% used [0x37ff0000, 0x384773d8, 0x38477400, 0x389f0000)
    rw space 12288K,  54% used [0x389f0000, 0x3907acc8, 0x3907ae00, 0x395f0000)
Event: 17.127 GC heap after
Heap after GC invocations=15 (full 2):
 def new generation   total 13952K, used 603K [0x23ff0000, 0x24f10000, 0x29540000)
  eden space 12416K,   4% used [0x23ff0000, 0x24086e80, 0x24c10000)
  from space 1536K,   0% used [0x24c10000, 0x24c10000, 0x24d90000)
  to   space 1536K,   0% used [0x24d90000, 0x24d90000, 0x24f10000)
 tenured generation   total 30836K, used 18500K [0x29540000, 0x2b35d000, 0x33ff0000)
   the space 30836K,  59% used [0x29540000, 0x2a751048, 0x2a751200, 0x2b35d000)
 compacting perm gen  total 12288K, used 9690K [0x33ff0000, 0x34bf0000, 0x37ff0000)
   the space 12288K,  78% used [0x33ff0000, 0x34966ad8, 0x34966c00, 0x34bf0000)
    ro space 10240K,  45% used [0x37ff0000, 0x384773d8, 0x38477400, 0x389f0000)
    rw space 12288K,  54% used [0x389f0000, 0x3907acc8, 0x3907ae00, 0x395f0000)
}

Deoptimization events (0 events):
No events

Internal exceptions (10 events):
Event: 15.953 Thread 0x0016d000 Threw 0x2412e580 at C:\jdk7u2_32P\jdk7u17\hotspot\src\share\vm\prims\jvm.cpp:1166
Event: 15.954 Thread 0x0016d000 Threw 0x24134040 at C:\jdk7u2_32P\jdk7u17\hotspot\src\share\vm\prims\jvm.cpp:1166
Event: 15.954 Thread 0x0016d000 Threw 0x24137050 at C:\jdk7u2_32P\jdk7u17\hotspot\src\share\vm\prims\jvm.cpp:1166
Event: 15.955 Thread 0x0016d000 Threw 0x2413a278 at C:\jdk7u2_32P\jdk7u17\hotspot\src\share\vm\prims\jvm.cpp:1166
Event: 16.031 Thread 0x049da000 Threw 0x242bf0c8 at C:\jdk7u2_32P\jdk7u17\hotspot\src\share\vm\prims\jvm.cpp:1166
Event: 16.080 Thread 0x049da000 Threw 0x2431a598 at C:\jdk7u2_32P\jdk7u17\hotspot\src\share\vm\prims\jvm.cpp:1166
Event: 16.104 Thread 0x049da000 Threw 0x24398db0 at C:\jdk7u2_32P\jdk7u17\hotspot\src\share\vm\prims\jvm.cpp:1166
Event: 18.903 Thread 0x049da000 Threw 0x24171630 at C:\jdk7u2_32P\jdk7u17\hotspot\src\share\vm\prims\jvm.cpp:1166
Event: 23.415 Thread 0x049da000 Threw 0x24223378 at C:\jdk7u2_32P\jdk7u17\hotspot\src\share\vm\prims\jvm.cpp:1166
Event: 24.118 Thread 0x049da000 Threw 0x243cbaf0 at C:\jdk7u2_32P\jdk7u17\hotspot\src\share\vm\prims\jvm.cpp:1166

Events (10 events):
Event: 33.465 Executing VM operation: BulkRevokeBias done
Event: 34.608 Thread 0x04b5c000 Thread added: 0x04b5c000
Event: 34.608 Thread 0x04b5d000 Thread added: 0x04b5d000
Event: 34.608 Thread 0x04b5d800 Thread added: 0x04b5d800
Event: 34.608 Thread 0x04b5d000 Thread exited: 0x04b5d000
Event: 34.609 loading class 0x396631e8
Event: 34.609 loading class 0x39663190
Event: 34.609 loading class 0x39663190 done
Event: 34.609 loading class 0x396631e8 done
Event: 34.609 Thread 0x04b5d800 Thread exited: 0x04b5d800


Dynamic libraries:
0x01230000 - 0x0125f000 	C:\Program Files (x86)\Java\jdk1.7.0_17\bin\java.exe
0x77780000 - 0x77900000 	C:\Windows\SysWOW64\ntdll.dll
0x766a0000 - 0x767b0000 	C:\Windows\syswow64\kernel32.dll
0x76df0000 - 0x76e37000 	C:\Windows\syswow64\KERNELBASE.dll
0x76cb0000 - 0x76d50000 	C:\Windows\syswow64\ADVAPI32.dll
0x77090000 - 0x7713c000 	C:\Windows\syswow64\msvcrt.dll
0x765f0000 - 0x76609000 	C:\Windows\SysWOW64\sechost.dll
0x77210000 - 0x77300000 	C:\Windows\syswow64\RPCRT4.dll
0x751d0000 - 0x75230000 	C:\Windows\syswow64\SspiCli.dll
0x751c0000 - 0x751cc000 	C:\Windows\syswow64\CRYPTBASE.dll
0x764e0000 - 0x765e0000 	C:\Windows\syswow64\USER32.dll
0x77000000 - 0x77090000 	C:\Windows\syswow64\GDI32.dll
0x76810000 - 0x7681a000 	C:\Windows\syswow64\LPK.dll
0x76210000 - 0x762ad000 	C:\Windows\syswow64\USP10.dll
0x72ea0000 - 0x7303e000 	C:\Windows\WinSxS\x86_microsoft.windows.common-controls_6595b64144ccf1df_6.0.7601.17514_none_41e6975e2bd6f2b2\COMCTL32.dll
0x767b0000 - 0x76807000 	C:\Windows\syswow64\SHLWAPI.dll
0x76f90000 - 0x76ff0000 	C:\Windows\system32\IMM32.DLL
0x77140000 - 0x7720c000 	C:\Windows\syswow64\MSCTF.dll
0x626f0000 - 0x627ae000 	C:\Program Files (x86)\Java\jdk1.7.0_17\jre\bin\msvcr100.dll
0x62110000 - 0x6245c000 	C:\Program Files (x86)\Java\jdk1.7.0_17\jre\bin\client\jvm.dll
0x71a00000 - 0x71a07000 	C:\Windows\system32\WSOCK32.dll
0x77330000 - 0x77365000 	C:\Windows\syswow64\WS2_32.dll
0x76ff0000 - 0x76ff6000 	C:\Windows\syswow64\NSI.dll
0x72900000 - 0x72932000 	C:\Windows\system32\WINMM.dll
0x77750000 - 0x77755000 	C:\Windows\syswow64\PSAPI.DLL
0x63ad0000 - 0x63adc000 	C:\Program Files (x86)\Java\jdk1.7.0_17\jre\bin\verify.dll
0x635c0000 - 0x635e0000 	C:\Program Files (x86)\Java\jdk1.7.0_17\jre\bin\java.dll
0x62690000 - 0x626a3000 	C:\Program Files (x86)\Java\jdk1.7.0_17\jre\bin\zip.dll
0x626b0000 - 0x626e5000 	C:\Program Files (x86)\Java\jdk1.7.0_17\jre\bin\splashscreen.dll
0x62520000 - 0x62662000 	C:\Program Files (x86)\Java\jdk1.7.0_17\jre\bin\awt.dll
0x76d60000 - 0x76def000 	C:\Windows\syswow64\OLEAUT32.dll
0x76820000 - 0x7697c000 	C:\Windows\syswow64\ole32.dll
0x72ca0000 - 0x72cb3000 	C:\Windows\system32\DWMAPI.DLL
0x72950000 - 0x729d0000 	C:\Windows\system32\uxtheme.dll
0x73840000 - 0x7385a000 	C:\Program Files (x86)\TeamViewer\Version8\tv_w32.dll
0x73200000 - 0x73209000 	C:\Windows\system32\VERSION.dll
0x6c240000 - 0x6c267000 	C:\Windows\system32\CRTDLL.dll
0x755c0000 - 0x7620a000 	C:\Windows\syswow64\SHELL32.dll
0x62670000 - 0x62684000 	C:\Program Files (x86)\Java\jdk1.7.0_17\jre\bin\net.dll
0x72d50000 - 0x72d8c000 	C:\Windows\system32\mswsock.dll
0x73790000 - 0x73796000 	C:\Windows\System32\wship6.dll
0x635b0000 - 0x635be000 	C:\Program Files (x86)\Java\jdk1.7.0_17\jre\bin\nio.dll
0x731a0000 - 0x731b6000 	C:\Windows\system32\CRYPTSP.dll
0x73050000 - 0x7308b000 	C:\Windows\system32\rsaenh.dll
0x72e60000 - 0x72e77000 	C:\Windows\system32\USERENV.dll
0x72e50000 - 0x72e5b000 	C:\Windows\system32\profapi.dll
0x72d40000 - 0x72d50000 	C:\Windows\system32\NLAapi.dll
0x720f0000 - 0x72100000 	C:\Windows\system32\napinsp.dll
0x720d0000 - 0x720e2000 	C:\Windows\system32\pnrpnsp.dll
0x72430000 - 0x72474000 	C:\Windows\system32\DNSAPI.dll
0x720c0000 - 0x720c8000 	C:\Windows\System32\winrnr.dll
0x71e70000 - 0x71e7d000 	C:\Windows\system32\wshbth.dll
0x71650000 - 0x71677000 	C:\Program Files (x86)\Common Files\Microsoft Shared\Windows Live\WLIDNSP.DLL
0x72060000 - 0x72065000 	C:\Windows\System32\wshtcpip.dll
0x731e0000 - 0x731fc000 	C:\Windows\system32\IPHLPAPI.DLL
0x731d0000 - 0x731d7000 	C:\Windows\system32\WINNSI.DLL
0x72070000 - 0x72076000 	C:\Windows\system32\rasadhlp.dll
0x72080000 - 0x720b8000 	C:\Windows\System32\fwpuclnt.dll
0x624f0000 - 0x6251a000 	C:\Program Files (x86)\Java\jdk1.7.0_17\jre\bin\fontmanager.dll
0x75530000 - 0x755b3000 	C:\Windows\syswow64\CLBCatQ.DLL
0x6a7f0000 - 0x6a920000 	C:\Windows\system32\WindowsCodecs.dll
0x71f40000 - 0x71f8c000 	C:\Windows\system32\apphelp.dll
0x620d0000 - 0x62101000 	C:\Windows\system32\EhStorShell.dll
0x76340000 - 0x764dd000 	C:\Windows\syswow64\SETUPAPI.dll
0x76c00000 - 0x76c27000 	C:\Windows\syswow64\CFGMGR32.dll
0x76f70000 - 0x76f82000 	C:\Windows\syswow64\DEVOBJ.dll
0x72100000 - 0x721f5000 	C:\Windows\system32\PROPSYS.dll
0x61eb0000 - 0x620cf000 	C:\Program Files (x86)\Microsoft Office\Office12\GrooveShellExtensions.dll
0x61bd0000 - 0x61cc3000 	C:\Program Files (x86)\Microsoft Office\Office12\GrooveUtil.DLL
0x75370000 - 0x75528000 	C:\Windows\syswow64\WININET.dll
0x75350000 - 0x75354000 	C:\Windows\syswow64\api-ms-win-downlevel-user32-l1-1-0.dll
0x76d50000 - 0x76d55000 	C:\Windows\syswow64\api-ms-win-downlevel-advapi32-l1-1-0.dll
0x76bf0000 - 0x76bf4000 	C:\Windows\syswow64\api-ms-win-downlevel-shlwapi-l1-1-0.dll
0x765e0000 - 0x765e4000 	C:\Windows\syswow64\api-ms-win-downlevel-version-l1-1-0.dll
0x75360000 - 0x75363000 	C:\Windows\syswow64\api-ms-win-downlevel-normaliz-l1-1-0.dll
0x769e0000 - 0x769e3000 	C:\Windows\syswow64\normaliz.DLL
0x769f0000 - 0x76be8000 	C:\Windows\syswow64\iertutil.dll
0x75230000 - 0x7534e000 	C:\Windows\syswow64\CRYPT32.dll
0x77370000 - 0x7737c000 	C:\Windows\syswow64\MSASN1.dll
0x70870000 - 0x7090b000 	C:\Windows\WinSxS\x86_microsoft.vc80.crt_1fc8b3b9a1e18e3b_8.0.50727.6195_none_d09154e044272b9a\MSVCR80.dll
0x63e30000 - 0x63e37000 	C:\Program Files (x86)\Microsoft Office\Office12\GrooveNew.DLL
0x62480000 - 0x6249b000 	C:\Windows\WinSxS\x86_microsoft.vc80.atl_1fc8b3b9a1e18e3b_8.0.50727.6195_none_d1cb102c435421de\ATL80.DLL
0x6fd50000 - 0x6fd55000 	C:\Windows\system32\MSImg32.dll
0x635e0000 - 0x63650000 	C:\Windows\system32\ntshrui.dll
0x72ce0000 - 0x72cf9000 	C:\Windows\system32\srvcli.dll
0x74840000 - 0x7484b000 	C:\Windows\system32\cscapi.dll
0x74690000 - 0x7469a000 	C:\Windows\system32\slc.dll
0x624b0000 - 0x624e1000 	C:\Program Files (x86)\Java\jdk1.7.0_17\jre\bin\t2k.dll
0x10000000 - 0x10015000 	C:\Windows\System32\jmutil.dll
0x06400000 - 0x0640d000 	C:\Windows\System32\jmvfw.dll
0x71e50000 - 0x71e63000 	C:\Windows\system32\AVICAP32.dll
0x71f10000 - 0x71f31000 	C:\Windows\system32\MSVFW32.dll
0x74790000 - 0x747c9000 	C:\Windows\system32\MMDevAPI.DLL
0x74740000 - 0x74770000 	C:\Windows\system32\wdmaud.drv
0x74780000 - 0x74784000 	C:\Windows\system32\ksuser.dll
0x74770000 - 0x74777000 	C:\Windows\system32\AVRT.dll
0x74700000 - 0x74736000 	C:\Windows\system32\AUDIOSES.DLL
0x746d0000 - 0x746d8000 	C:\Windows\system32\msacm32.drv
0x746e0000 - 0x746f4000 	C:\Windows\system32\MSACM32.dll
0x746c0000 - 0x746c7000 	C:\Windows\system32\midimap.dll
0x747e0000 - 0x747f4000 	C:\Windows\SysWOW64\devenum.dll
0x72540000 - 0x72561000 	C:\Windows\system32\ntmarta.dll
0x76c60000 - 0x76ca5000 	C:\Windows\syswow64\WLDAP32.dll
0x76c30000 - 0x76c5d000 	C:\Windows\syswow64\WINTRUST.dll
0x747d0000 - 0x747db000 	C:\Windows\system32\msdmo.dll
0x6b150000 - 0x6b183000 	C:\Windows\SysWOW64\ksproxy.ax
0x72730000 - 0x728f3000 	C:\Windows\SysWOW64\d3d9.dll
0x72940000 - 0x72946000 	C:\Windows\SysWOW64\d3d8thk.dll
0x73710000 - 0x73719000 	C:\Windows\SysWOW64\vidcap.ax
0x735f0000 - 0x7360d000 	C:\Windows\SysWOW64\kswdmcap.ax
0x69060000 - 0x6917c000 	C:\Windows\SysWOW64\MFC42.dll
0x64470000 - 0x644fc000 	C:\Windows\SysWOW64\ODBC32.dll
0x64430000 - 0x64468000 	C:\Windows\SysWOW64\odbcint.dll
0x6a720000 - 0x6a752000 	C:\Windows\SysWOW64\qcap.dll
0x68bc0000 - 0x68d37000 	C:\Windows\SysWOW64\quartz.dll
0x72ac0000 - 0x72ac6000 	C:\Windows\system32\DCIMAN32.DLL
0x6b590000 - 0x6b5a1000 	C:\Windows\system32\vfwwdm32.dll
0x736d0000 - 0x736d9000 	C:\Windows\system32\msyuv.dll
0x052b0000 - 0x052b8000 	C:\Windows\System32\jmddraw.dll
0x729d0000 - 0x72ab7000 	C:\Windows\system32\DDRAW.dll
0x07c60000 - 0x08248000 	C:\Windows\system32\igdumd32.dll
0x054f0000 - 0x054fb000 	C:\Windows\System32\jmvcm.dll
0x61e80000 - 0x61ea4000 	C:\Program Files (x86)\Java\jdk1.7.0_17\jre\bin\dcpr.dll
0x73700000 - 0x73706000 	C:\Program Files (x86)\Java\jdk1.7.0_17\jre\bin\jawt.dll
0x05510000 - 0x05519000 	C:\Windows\System32\jmfjawt.dll
0x68700000 - 0x687eb000 	C:\Windows\system32\dbghelp.dll

VM Arguments:
jvm_args: -Dfile.encoding=UTF-8 
java_command: com.freelancersteam.www.java.tomafoto.main.Main
Launcher Type: SUN_STANDARD

Environment Variables:
JAVA_HOME=C:\Program Files (x86)\Java\jdk1.7.0_25
CLASSPATH=.;c:\JMF\lib\sound.jar;c:\JMF\lib\jmf.jar;c:\JMF\lib;.;.;.;C:\JMF21~1.1E\lib\sound.jar;C:\JMF21~1.1E\lib\jmf.jar;C:\JMF21~1.1E\lib;.;c:\lib\sound.jar;c:\lib\jmf.jar;c:\lib;.;.;C:\PROGRA~2\JMF21~1.1E\lib\sound.jar;C:\PROGRA~2\JMF21~1.1E\lib\jmf.jar;C:\PROGRA~2\JMF21~1.1E\lib;
PATH=C:\Program Files\Common Files\Microsoft Shared\Windows Live;C:\Program Files (x86)\Common Files\Microsoft Shared\Windows Live;C:\Program Files (x86)\Intel\iCLS Client\;C:\Program Files\Intel\iCLS Client\;C:\Windows\system32;C:\Windows;C:\Windows\System32\Wbem;C:\Windows\System32\WindowsPowerShell\v1.0\;C:\Program Files\Intel\WiFi\bin\;C:\Program Files\Common Files\Intel\WirelessCommon\;C:\Program Files (x86)\Windows Live\Shared;C:\Program Files (x86)\Java\jdk1.7.0_25\bin
USERNAME=Joel
OS=Windows_NT
PROCESSOR_IDENTIFIER=Intel64 Family 6 Model 58 Stepping 9, GenuineIntel



---------------  S Y S T E M  ---------------

OS: Windows 7 , 64 bit Build 7601 Service Pack 1

CPU:total 4 (2 cores per cpu, 2 threads per core) family 6 model 58 stepping 9, cmov, cx8, fxsr, mmx, sse, sse2, sse3, ssse3, sse4.1, sse4.2, popcnt, avx, ht, tsc, tscinvbit, tscinv

Memory: 4k page, physical 6159780k(3871828k free), swap 12317700k(9058716k free)

vm_info: Java HotSpot(TM) Client VM (23.7-b01) for windows-x86 JRE (1.7.0_17-b02), built on Mar  1 2013 05:04:36 by "java_re" with unknown MS VC++:1600

time: Sat Jul 27 16:13:20 2013
elapsed time: 34 seconds

