#
# A fatal error has been detected by the Java Runtime Environment:
#
#  EXCEPTION_ACCESS_VIOLATION (0xc0000005) at pc=0x05161a9b, pid=7276, tid=5004
#
# JRE version: 7.0-b147
# Java VM: Java HotSpot(TM) Client VM (21.0-b17 mixed mode, sharing windows-x86 )
# Problematic frame:
# C  [jmddraw.dll+0x1a9b]
#
# Failed to write core dump. Minidumps are not enabled by default on client versions of Windows
#
# If you would like to submit a bug report, please visit:
#   http://bugreport.sun.com/bugreport/crash.jsp
# The crash happened outside the Java Virtual Machine in native code.
# See problematic frame for where to report the bug.
#

---------------  T H R E A D  ---------------

Current thread (0x045c0000):  JavaThread "Loop thread: com.sun.media.renderer.video.DDRenderer@132967d" [_thread_in_native, id=5004, stack(0x084a0000,0x084f0000)]

siginfo: ExceptionCode=0xc0000005, writing address 0x00000000

Registers:
EAX=0x00000000, EBX=0x069506b0, ECX=0x00000000, EDX=0x28caa428
ESP=0x084ef458, EBP=0x09600020, ESI=0x045c0128, EDI=0x00000000
EIP=0x05161a9b, EFLAGS=0x00010202

Top of Stack: (sp=0x084ef458)
0x084ef458:   045c0000 335f0598 084ef5a8 335f0598
0x084ef468:   6b249690 00000000 09600020 03d6d6a8
0x084ef478:   00000000 28caa428 00000a00 00000004
0x084ef488:   017f9c88 00000195 045c0000 00000321
0x084ef498:   045c018c 01271e00 00000000 00000000
0x084ef4a8:   00000000 00000000 00000280 000001e0
0x084ef4b8:   00000128 00000000 28caa428 03d7c39e
0x084ef4c8:   28caa428 045c0000 084ef4f4 6b26dc09 

Instructions: (pc=0x05161a9b)
0x05161a7b:   85 c0 0f 84 31 01 00 00 83 f8 20 0f 84 28 01 00
0x05161a8b:   00 50 e8 6b 07 00 00 8b 54 24 28 8b f8 83 c4 04
0x05161a9b:   89 17 8b 43 1c 8d 54 24 24 8b 08 52 8d 54 24 38
0x05161aab:   57 52 50 ff 51 0c 57 e8 17 07 00 00 83 c4 04 c7 


Register to memory mapping:

EAX=0x00000000 is an unknown value
EBX=0x069506b0 is an unknown value
ECX=0x00000000 is an unknown value
EDX=0x28caa428 is an oop
com.sun.media.CircularBuffer 
 - klass: 'com/sun/media/CircularBuffer'
ESP=0x084ef458 is pointing into the stack for thread: 0x045c0000
EBP=0x09600020 is an unknown value
ESI=0x045c0128 is an unknown value
EDI=0x00000000 is an unknown value


Stack: [0x084a0000,0x084f0000],  sp=0x084ef458,  free space=317k
Native frames: (J=compiled Java code, j=interpreted, Vv=VM code, C=native code)
C  [jmddraw.dll+0x1a9b]  Java_com_sun_media_renderer_video_DDRenderer_dxDraw+0x1db

Java frames: (J=compiled Java code, j=interpreted, Vv=VM code)
j  com.sun.media.renderer.video.DDRenderer.dxDraw(Ljava/lang/Object;JII)Z+0
j  com.sun.media.renderer.video.DDRenderer.doProcess(Ljavax/media/Buffer;)I+217
j  com.sun.media.renderer.video.BasicVideoRenderer.process(Ljavax/media/Buffer;)I+18
j  com.sun.media.BasicRendererModule.processBuffer(Ljavax/media/Buffer;)I+357
j  com.sun.media.BasicRendererModule.scheduleBuffer(Ljavax/media/Buffer;)Z+164
j  com.sun.media.BasicRendererModule.doProcess()Z+330
j  com.sun.media.RenderThread.process()Z+4
j  com.sun.media.util.LoopThread.run()V+14
v  ~StubRoutines::call_stub

---------------  P R O C E S S  ---------------

Java Threads: ( => current thread )
  0x045c2000 JavaThread "Image Fetcher 0" daemon [_thread_blocked, id=6052, stack(0x0aea0000,0x0aef0000)]
=>0x045c0000 JavaThread "Loop thread: com.sun.media.renderer.video.DDRenderer@132967d" [_thread_in_native, id=5004, stack(0x084a0000,0x084f0000)]
  0x045c1000 JavaThread "Loop thread: com.sun.media.parser.RawBufferParser$FrameTrack@1400f33" [_thread_blocked, id=4460, stack(0x06620000,0x06670000)]
  0x045bfc00 JavaThread "Loop thread" [_thread_blocked, id=4464, stack(0x06a60000,0x06ab0000)]
  0x045bf400 JavaThread "VFW TransferDataThread" [_thread_blocked, id=4980, stack(0x06900000,0x06950000)]
  0x045bf000 JavaThread "VFW VideoPollThread" [_thread_blocked, id=5316, stack(0x06860000,0x068b0000)]
  0x03d8c800 JavaThread "JMF thread: SendEventQueue: com.sun.media.PlaybackEngine" [_thread_blocked, id=7188, stack(0x06590000,0x065e0000)]
  0x0456f400 JavaThread "JMF thread: SendEventQueue: com.sun.media.content.unknown.Handler" [_thread_blocked, id=5224, stack(0x05ad0000,0x05b20000)]
  0x04508800 JavaThread "VFW Request Thread" [_thread_blocked, id=8048, stack(0x05840000,0x05890000)]
  0x03ef4000 JavaThread "TimerQueue" daemon [_thread_blocked, id=5100, stack(0x04950000,0x049a0000)]
  0x03ee3000 JavaThread "Thread-1" [_thread_blocked, id=6008, stack(0x04350000,0x043a0000)]
  0x017fb800 JavaThread "DestroyJavaVM" [_thread_blocked, id=4588, stack(0x01670000,0x016c0000)]
  0x03ec8400 JavaThread "AWT-EventQueue-0" [_thread_blocked, id=5468, stack(0x01940000,0x01990000)]
  0x03ec6c00 JavaThread "AWT-Shutdown" [_thread_blocked, id=6424, stack(0x04000000,0x04050000)]
  0x03ec6400 JavaThread "Java2D Disposer" daemon [_thread_blocked, id=5264, stack(0x01990000,0x019e0000)]
  0x0127e000 JavaThread "Service Thread" daemon [_thread_blocked, id=5476, stack(0x03c70000,0x03cc0000)]
  0x0127c800 JavaThread "C1 CompilerThread0" daemon [_thread_blocked, id=5136, stack(0x03b00000,0x03b50000)]
  0x0127b800 JavaThread "Attach Listener" daemon [_thread_blocked, id=1328, stack(0x03a30000,0x03a80000)]
  0x0127a400 JavaThread "Signal Dispatcher" daemon [_thread_blocked, id=5916, stack(0x01880000,0x018d0000)]
  0x0126fc00 JavaThread "Finalizer" daemon [_thread_blocked, id=248, stack(0x01820000,0x01870000)]
  0x0126b000 JavaThread "Reference Handler" daemon [_thread_blocked, id=4024, stack(0x018f0000,0x01940000)]

Other Threads:
  0x01268800 VMThread [stack: 0x012d0000,0x01320000] [id=7400]
  0x012a4800 WatcherThread [stack: 0x03ce0000,0x03d30000] [id=5068]

VM state:not at safepoint (normal execution)

VM Mutex/Monitor currently owned by a thread: None

Heap
 def new generation   total 16512K, used 2654K [0x23590000, 0x24770000, 0x28a30000)
  eden space 14720K,   6% used [0x23590000, 0x23688cc8, 0x243f0000)
  from space 1792K,  92% used [0x243f0000, 0x2458ebf8, 0x245b0000)
  to   space 1792K,   0% used [0x245b0000, 0x245b0000, 0x24770000)
 tenured generation   total 36400K, used 24971K [0x28a30000, 0x2adbc000, 0x33390000)
   the space 36400K,  68% used [0x28a30000, 0x2a292f58, 0x2a293000, 0x2adbc000)
 compacting perm gen  total 12288K, used 10418K [0x33390000, 0x33f90000, 0x37390000)
   the space 12288K,  84% used [0x33390000, 0x33dbc8b0, 0x33dbca00, 0x33f90000)
    ro space 10240K,  45% used [0x37390000, 0x37811888, 0x37811a00, 0x37d90000)
    rw space 12288K,  54% used [0x37d90000, 0x384104f8, 0x38410600, 0x38990000)

Code Cache  [0x01a20000, 0x01c90000, 0x03a20000)
 total_blobs=1537 nmethods=1256 adapters=213 free_code_cache=30289Kb largest_free_block=31015424

Dynamic libraries:
0x00240000 - 0x0026e000 	C:\Program Files\Java\jdk1.7.0\bin\java.exe
0x77370000 - 0x774ac000 	C:\Windows\SYSTEM32\ntdll.dll
0x76db0000 - 0x76e84000 	C:\Windows\system32\kernel32.dll
0x75780000 - 0x757cb000 	C:\Windows\system32\KERNELBASE.dll
0x76d10000 - 0x76db0000 	C:\Windows\system32\ADVAPI32.dll
0x75f40000 - 0x75fec000 	C:\Windows\system32\msvcrt.dll
0x75810000 - 0x75829000 	C:\Windows\SYSTEM32\sechost.dll
0x77040000 - 0x770e1000 	C:\Windows\system32\RPCRT4.dll
0x75cb0000 - 0x75d79000 	C:\Windows\system32\USER32.dll
0x77550000 - 0x7759e000 	C:\Windows\system32\GDI32.dll
0x774c0000 - 0x774ca000 	C:\Windows\system32\LPK.dll
0x75c10000 - 0x75cae000 	C:\Windows\system32\USP10.dll
0x743a0000 - 0x7453e000 	C:\Windows\WinSxS\x86_microsoft.windows.common-controls_6595b64144ccf1df_6.0.7600.16661_none_420fe3fa2b8113bd\COMCTL32.dll
0x76f60000 - 0x76fb7000 	C:\Windows\system32\SHLWAPI.dll
0x774d0000 - 0x774ef000 	C:\Windows\system32\IMM32.DLL
0x76e90000 - 0x76f5c000 	C:\Windows\system32\MSCTF.dll
0x6b7d0000 - 0x6b88e000 	C:\Program Files\Java\jdk1.7.0\jre\bin\msvcr100.dll
0x6b130000 - 0x6b451000 	C:\Program Files\Java\jdk1.7.0\jre\bin\client\jvm.dll
0x70980000 - 0x70987000 	C:\Windows\system32\WSOCK32.dll
0x76080000 - 0x760b5000 	C:\Windows\system32\WS2_32.dll
0x774b0000 - 0x774b6000 	C:\Windows\system32\NSI.dll
0x73670000 - 0x736a2000 	C:\Windows\system32\WINMM.dll
0x75800000 - 0x75805000 	C:\Windows\system32\PSAPI.DLL
0x73410000 - 0x7341c000 	C:\Program Files\Java\jdk1.7.0\jre\bin\verify.dll
0x733f0000 - 0x73410000 	C:\Program Files\Java\jdk1.7.0\jre\bin\java.dll
0x71630000 - 0x71643000 	C:\Program Files\Java\jdk1.7.0\jre\bin\zip.dll
0x6a610000 - 0x6a752000 	C:\Program Files\Java\jdk1.7.0\jre\bin\awt.dll
0x759e0000 - 0x75a6f000 	C:\Windows\system32\OLEAUT32.dll
0x770f0000 - 0x7724c000 	C:\Windows\system32\ole32.dll
0x6a5f0000 - 0x6a60a000 	C:\Program Files\TeamViewer\Version8\tv_w32.dll
0x748d0000 - 0x748d9000 	C:\Windows\system32\VERSION.dll
0x6c240000 - 0x6c267000 	C:\Windows\system32\CRTDLL.dll
0x760c0000 - 0x76d09000 	C:\Windows\system32\SHELL32.dll
0x75480000 - 0x7548c000 	C:\Windows\system32\CRYPTBASE.dll
0x73ef0000 - 0x73f03000 	C:\Windows\system32\DWMAPI.DLL
0x6b640000 - 0x6b654000 	C:\Program Files\Java\jdk1.7.0\jre\bin\net.dll
0x74f40000 - 0x74f7c000 	C:\Windows\system32\mswsock.dll
0x74f30000 - 0x74f36000 	C:\Windows\System32\wship6.dll
0x733e0000 - 0x733ef000 	C:\Program Files\Java\jdk1.7.0\jre\bin\nio.dll
0x74f80000 - 0x74f96000 	C:\Windows\system32\CRYPTSP.dll
0x74d20000 - 0x74d5b000 	C:\Windows\system32\rsaenh.dll
0x74b20000 - 0x74b37000 	C:\Windows\system32\USERENV.dll
0x75500000 - 0x7550b000 	C:\Windows\system32\profapi.dll
0x73560000 - 0x73570000 	C:\Windows\system32\NLAapi.dll
0x74e00000 - 0x74e44000 	C:\Windows\system32\DNSAPI.dll
0x6f6b0000 - 0x6f6b8000 	C:\Windows\System32\winrnr.dll
0x6f6a0000 - 0x6f6b0000 	C:\Windows\system32\napinsp.dll
0x6f660000 - 0x6f672000 	C:\Windows\system32\pnrpnsp.dll
0x706d0000 - 0x706f7000 	C:\Program Files\Common Files\Microsoft Shared\Windows Live\WLIDNSP.DLL
0x74a50000 - 0x74a55000 	C:\Windows\System32\wshtcpip.dll
0x73240000 - 0x7325c000 	C:\Windows\system32\IPHLPAPI.DLL
0x73230000 - 0x73237000 	C:\Windows\system32\WINNSI.DLL
0x708e0000 - 0x708e6000 	C:\Windows\system32\rasadhlp.dll
0x72e60000 - 0x72e98000 	C:\Windows\System32\fwpuclnt.dll
0x684d0000 - 0x684f5000 	C:\Program Files\Java\jdk1.7.0\jre\bin\jpeg.dll
0x6a540000 - 0x6a56a000 	C:\Program Files\Java\jdk1.7.0\jre\bin\fontmanager.dll
0x75ff0000 - 0x76073000 	C:\Windows\system32\CLBCatQ.DLL
0x73cb0000 - 0x73dab000 	C:\Windows\system32\WindowsCodecs.dll
0x75430000 - 0x7547b000 	C:\Windows\system32\apphelp.dll
0x6fdf0000 - 0x6fe21000 	C:\Windows\system32\EhStorShell.dll
0x75a70000 - 0x75c0d000 	C:\Windows\system32\SETUPAPI.dll
0x75580000 - 0x755a7000 	C:\Windows\system32\CFGMGR32.dll
0x75760000 - 0x75772000 	C:\Windows\system32\DEVOBJ.dll
0x74260000 - 0x74355000 	C:\Windows\system32\PROPSYS.dll
0x70090000 - 0x700fa000 	C:\Windows\System32\cscui.dll
0x70080000 - 0x70089000 	C:\Windows\System32\CSCDLL.dll
0x708d0000 - 0x708db000 	C:\Windows\system32\CSCAPI.dll
0x6ff70000 - 0x6ffdf000 	C:\Windows\system32\ntshrui.dll
0x75120000 - 0x75139000 	C:\Windows\system32\srvcli.dll
0x73420000 - 0x7342a000 	C:\Windows\system32\slc.dll
0x6d110000 - 0x6d141000 	C:\Program Files\Java\jdk1.7.0\jre\bin\t2k.dll
0x10000000 - 0x10015000 	C:\Windows\System32\jmutil.dll
0x04f10000 - 0x04f1d000 	C:\Windows\System32\jmvfw.dll
0x71610000 - 0x71623000 	C:\Windows\system32\AVICAP32.dll
0x6b6e0000 - 0x6b701000 	C:\Windows\system32\MSVFW32.dll
0x73f10000 - 0x73f49000 	C:\Windows\system32\MMDevAPI.DLL
0x73570000 - 0x735a0000 	C:\Windows\system32\wdmaud.drv
0x73550000 - 0x73554000 	C:\Windows\system32\ksuser.dll
0x73880000 - 0x73887000 	C:\Windows\system32\AVRT.dll
0x73480000 - 0x734b6000 	C:\Windows\system32\AUDIOSES.DLL
0x73c90000 - 0x73c98000 	C:\Windows\system32\msacm32.drv
0x73c70000 - 0x73c84000 	C:\Windows\system32\MSACM32.dll
0x73c60000 - 0x73c67000 	C:\Windows\system32\midimap.dll
0x6a4b0000 - 0x6a4c4000 	C:\Windows\system32\devenum.dll
0x74800000 - 0x74821000 	C:\Windows\system32\ntmarta.dll
0x77500000 - 0x77545000 	C:\Windows\system32\WLDAP32.dll
0x757d0000 - 0x757fd000 	C:\Windows\system32\WINTRUST.dll
0x755b0000 - 0x756ce000 	C:\Windows\system32\CRYPT32.dll
0x75570000 - 0x7557c000 	C:\Windows\system32\MSASN1.dll
0x6a770000 - 0x6a77b000 	C:\Windows\system32\msdmo.dll
0x726d0000 - 0x72703000 	C:\Windows\system32\ksproxy.ax
0x6c9d0000 - 0x6cb93000 	C:\Windows\system32\d3d9.dll
0x6c9c0000 - 0x6c9c6000 	C:\Windows\system32\d3d8thk.dll
0x72cf0000 - 0x72cf9000 	C:\Windows\system32\vidcap.ax
0x728d0000 - 0x728ed000 	C:\Windows\system32\kswdmcap.ax
0x6ecd0000 - 0x6edec000 	C:\Windows\system32\MFC42.dll
0x6b710000 - 0x6b79c000 	C:\Windows\system32\ODBC32.dll
0x71650000 - 0x71688000 	C:\Windows\system32\odbcint.dll
0x72750000 - 0x72782000 	C:\Windows\system32\qcap.dll
0x56540000 - 0x566b7000 	C:\Windows\system32\quartz.dll
0x74220000 - 0x74260000 	C:\Windows\system32\UxTheme.dll
0x6cc20000 - 0x6cc26000 	C:\Windows\system32\DCIMAN32.DLL
0x72810000 - 0x72821000 	C:\Windows\system32\vfwwdm32.dll
0x72c80000 - 0x72c89000 	C:\Windows\system32\msyuv.dll
0x05160000 - 0x05168000 	C:\Windows\System32\jmddraw.dll
0x6cc30000 - 0x6cd17000 	C:\Windows\system32\DDRAW.dll
0x067b0000 - 0x06835000 	C:\Windows\system32\igdumdx32.dll
0x06b20000 - 0x06ed7000 	C:\Windows\system32\igdumd32.dll
0x05340000 - 0x0534b000 	C:\Windows\System32\jmvcm.dll
0x72c70000 - 0x72c76000 	C:\Program Files\Java\jdk1.7.0\jre\bin\jawt.dll
0x05360000 - 0x05369000 	C:\Windows\System32\jmfjawt.dll
0x69060000 - 0x69084000 	C:\Program Files\Java\jdk1.7.0\jre\bin\dcpr.dll
0x70990000 - 0x70a14000 	C:\Windows\WinSxS\x86_microsoft.windows.common-controls_6595b64144ccf1df_5.82.7600.16661_none_ebfb56996c72aefc\comctl32.dll
0x6f1e0000 - 0x6f378000 	C:\Windows\system32\NetworkExplorer.dll
0x6f780000 - 0x6f7ae000 	C:\Windows\System32\shdocvw.dll
0x70730000 - 0x70742000 	C:\Windows\system32\MPR.dll
0x6f6f0000 - 0x6f6f8000 	C:\Windows\System32\drprov.dll
0x752d0000 - 0x752f9000 	C:\Windows\System32\WINSTA.dll
0x6f6d0000 - 0x6f6e4000 	C:\Windows\System32\ntlanman.dll
0x6f680000 - 0x6f697000 	C:\Windows\System32\davclnt.dll
0x6f6c0000 - 0x6f6c8000 	C:\Windows\System32\DAVHLPR.dll
0x73a70000 - 0x73a7f000 	C:\Windows\system32\wkscli.dll
0x73a80000 - 0x73a89000 	C:\Windows\system32\netutils.dll
0x6d500000 - 0x6d589000 	C:\Windows\system32\PortableDeviceApi.dll
0x68420000 - 0x68442000 	C:\Windows\system32\EhStorAPI.dll
0x6f770000 - 0x6f779000 	C:\Windows\system32\LINKINFO.dll

VM Arguments:
jvm_args: -Dfile.encoding=UTF-8 
java_command: com.freelancersteam.www.java.tomafoto.vistas.main.Camara
Launcher Type: SUN_STANDARD

Environment Variables:
CLASSPATH=.;.;d:\ARCHIV~1\JMF21~1.1E\lib\sound.jar;d:\ARCHIV~1\JMF21~1.1E\lib\jmf.jar;d:\ARCHIV~1\JMF21~1.1E\lib;
PATH=C:\Program Files\Common Files\Microsoft Shared\Windows Live;C:\Windows\system32;C:\Windows;C:\Windows\System32\Wbem;C:\Windows\System32\WindowsPowerShell\v1.0\;C:\Program Files\NTRU Cryptosystems\NTRU TCG Software Stack\bin\;C:\Program Files\Windows Live\Shared
USERNAME=alumno
OS=Windows_NT
PROCESSOR_IDENTIFIER=x86 Family 6 Model 28 Stepping 10, GenuineIntel



---------------  S Y S T E M  ---------------

OS: Windows 7 Build 7600 

CPU:total 2 (1 cores per cpu, 2 threads per core) family 6 model 28 stepping 10, cmov, cx8, fxsr, mmx, sse, sse2, sse3, ssse3, ht

Memory: 4k page, physical 1037744k(70872k free), swap 2147392k(248060k free)

vm_info: Java HotSpot(TM) Client VM (21.0-b17) for windows-x86 JRE (1.7.0-b147), built on Jun 27 2011 02:25:52 by "java_re" with unknown MS VC++:1600

time: Sun May 05 03:10:21 2013
elapsed time: 69 seconds

