#
# A fatal error has been detected by the Java Runtime Environment:
#
#  EXCEPTION_ACCESS_VIOLATION (0xc0000005) at pc=0x06301a9b, pid=4088, tid=4644
#
# JRE version: 7.0_17-b02
# Java VM: Java HotSpot(TM) Client VM (23.7-b01 mixed mode, sharing windows-x86 )
# Problematic frame:
# C  [jmddraw.dll+0x1a9b]  Java_com_sun_media_renderer_video_DDRenderer_dxDraw+0x1db
#
# Failed to write core dump. Minidumps are not enabled by default on client versions of Windows
#
# If you would like to submit a bug report, please visit:
#   http://bugreport.sun.com/bugreport/crash.jsp
# The crash happened outside the Java Virtual Machine in native code.
# See problematic frame for where to report the bug.
#

---------------  T H R E A D  ---------------

Current thread (0x04002c00):  JavaThread "Loop thread: com.sun.media.renderer.video.DDRenderer@175beef" [_thread_in_native, id=4644, stack(0x07030000,0x07080000)]

siginfo: ExceptionCode=0xc0000005, writing address 0x00000000

Registers:
EAX=0x00000000, EBX=0x069f06b0, ECX=0x00000000, EDX=0x28fe1148
ESP=0x0707f038, EBP=0x09740020, ESI=0x04002d28, EDI=0x00000000
EIP=0x06301a9b, EFLAGS=0x00010202

Top of Stack: (sp=0x0707f038)
0x0707f038:   04002c00 3388d0e0 0707f188 3388d0e0
0x0707f048:   04002c00 00000000 09740020 0057d778
0x0707f058:   00000000 28fe1148 6189c1f6 00000004
0x0707f068:   618a8238 000001b5 04002c00 000002fb
0x0707f078:   04002d46 33809af4 00000000 00000000
0x0707f088:   00000000 00000000 00000280 000001e0
0x0707f098:   00000001 00abafb8 28fe1148 03cde41e
0x0707f0a8:   28fe1148 04002c00 0707f0d4 618b3e69 

Instructions: (pc=0x06301a9b)
0x06301a7b:   85 c0 0f 84 31 01 00 00 83 f8 20 0f 84 28 01 00
0x06301a8b:   00 50 e8 6b 07 00 00 8b 54 24 28 8b f8 83 c4 04
0x06301a9b:   89 17 8b 43 1c 8d 54 24 24 8b 08 52 8d 54 24 38
0x06301aab:   57 52 50 ff 51 0c 57 e8 17 07 00 00 83 c4 04 c7 


Register to memory mapping:

EAX=0x00000000 is an unknown value
EBX=0x069f06b0 is an unknown value
ECX=0x00000000 is an unknown value
EDX=0x28fe1148 is an oop
com.sun.media.CircularBuffer 
 - klass: 'com/sun/media/CircularBuffer'
ESP=0x0707f038 is pointing into the stack for thread: 0x04002c00
EBP=0x09740020 is an unknown value
ESI=0x04002d28 is an unknown value
EDI=0x00000000 is an unknown value


Stack: [0x07030000,0x07080000],  sp=0x0707f038,  free space=316k
Native frames: (J=compiled Java code, j=interpreted, Vv=VM code, C=native code)
C  [jmddraw.dll+0x1a9b]  Java_com_sun_media_renderer_video_DDRenderer_dxDraw+0x1db

Java frames: (J=compiled Java code, j=interpreted, Vv=VM code)
j  com.sun.media.renderer.video.DDRenderer.dxDraw(Ljava/lang/Object;JII)Z+0
j  com.sun.media.renderer.video.DDRenderer.doProcess(Ljavax/media/Buffer;)I+217
j  com.sun.media.renderer.video.BasicVideoRenderer.process(Ljavax/media/Buffer;)I+18
j  com.sun.media.BasicRendererModule.processBuffer(Ljavax/media/Buffer;)I+357
j  com.sun.media.BasicRendererModule.scheduleBuffer(Ljavax/media/Buffer;)Z+164
j  com.sun.media.BasicRendererModule.doProcess()Z+330
j  com.sun.media.RenderThread.process()Z+4
j  com.sun.media.util.LoopThread.run()V+14
v  ~StubRoutines::call_stub

---------------  P R O C E S S  ---------------

Java Threads: ( => current thread )
=>0x04002c00 JavaThread "Loop thread: com.sun.media.renderer.video.DDRenderer@175beef" [_thread_in_native, id=4644, stack(0x07030000,0x07080000)]
  0x04005400 JavaThread "Loop thread: com.sun.media.parser.RawBufferParser$FrameTrack@e7736c" [_thread_in_native, id=1992, stack(0x068c0000,0x06910000)]
  0x04004000 JavaThread "Loop thread" [_thread_blocked, id=6032, stack(0x06750000,0x067a0000)]
  0x04003c00 JavaThread "VFW TransferDataThread" [_thread_blocked, id=5916, stack(0x06800000,0x06850000)]
  0x04003400 JavaThread "VFW VideoPollThread" [_thread_in_vm, id=872, stack(0x065c0000,0x06610000)]
  0x03e4d800 JavaThread "JMF thread: SendEventQueue: com.sun.media.PlaybackEngine" [_thread_blocked, id=5060, stack(0x067b0000,0x06800000)]
  0x03e4f000 JavaThread "JMF thread: SendEventQueue: com.sun.media.content.unknown.Handler" [_thread_blocked, id=2348, stack(0x063a0000,0x063f0000)]
  0x03ce8800 JavaThread "VFW Request Thread" [_thread_blocked, id=3184, stack(0x050b0000,0x05100000)]
  0x03e9e400 JavaThread "TimerQueue" daemon [_thread_blocked, id=4264, stack(0x047b0000,0x04800000)]
  0x03e9cc00 JavaThread "Thread-1" [_thread_blocked, id=4452, stack(0x04620000,0x04670000)]
  0x00abc800 JavaThread "DestroyJavaVM" [_thread_blocked, id=2164, stack(0x00980000,0x009d0000)]
  0x03ec7800 JavaThread "AWT-EventQueue-0" [_thread_blocked, id=5876, stack(0x04580000,0x045d0000)]
  0x03ec6c00 JavaThread "AWT-Shutdown" [_thread_blocked, id=2032, stack(0x043b0000,0x04400000)]
  0x03ec4400 JavaThread "Java2D Disposer" daemon [_thread_blocked, id=244, stack(0x042c0000,0x04310000)]
  0x005a8400 JavaThread "Service Thread" daemon [_thread_blocked, id=6024, stack(0x00dc0000,0x00e10000)]
  0x00594800 JavaThread "C1 CompilerThread0" daemon [_thread_blocked, id=6000, stack(0x03c70000,0x03cc0000)]
  0x0058f800 JavaThread "Attach Listener" daemon [_thread_blocked, id=4744, stack(0x00fd0000,0x01020000)]
  0x0058c400 JavaThread "Signal Dispatcher" daemon [_thread_blocked, id=4600, stack(0x00cd0000,0x00d20000)]
  0x0057bc00 JavaThread "Finalizer" daemon [_thread_blocked, id=2212, stack(0x00e10000,0x00e60000)]
  0x00577000 JavaThread "Reference Handler" daemon [_thread_blocked, id=4564, stack(0x00e70000,0x00ec0000)]

Other Threads:
  0x00575000 VMThread [stack: 0x00d70000,0x00dc0000] [id=5556]
  0x03cc8400 WatcherThread [stack: 0x00b80000,0x00bd0000] [id=4192]

VM state:not at safepoint (normal execution)

VM Mutex/Monitor currently owned by a thread: None

Heap
 def new generation   total 13952K, used 5452K [0x23820000, 0x24740000, 0x28cc0000)
  eden space 12416K,  42% used [0x23820000, 0x23d38db0, 0x24440000)
  from space 1536K,  15% used [0x24440000, 0x2447a548, 0x245c0000)
  to   space 1536K,   0% used [0x245c0000, 0x245c0000, 0x24740000)
 tenured generation   total 30800K, used 23085K [0x28cc0000, 0x2aad4000, 0x33620000)
   the space 30800K,  74% used [0x28cc0000, 0x2a34b6e8, 0x2a34b800, 0x2aad4000)
 compacting perm gen  total 12288K, used 10301K [0x33620000, 0x34220000, 0x37620000)
   the space 12288K,  83% used [0x33620000, 0x3402f730, 0x3402f800, 0x34220000)
    ro space 10240K,  45% used [0x37620000, 0x37aa73d8, 0x37aa7400, 0x38020000)
    rw space 12288K,  54% used [0x38020000, 0x386aacc8, 0x386aae00, 0x38c20000)

Card table byte_map: [0x00ac0000,0x00b70000] byte_map_base: 0x009a3f00

Polling page: 0x00360000

Code Cache  [0x01c50000, 0x01ea0000, 0x03c50000)
 total_blobs=1352 nmethods=1074 adapters=212 free_code_cache=30405Kb largest_free_block=31134336

Compilation events (10 events):
Event: 105.408 Thread 0x00594800 1078             javax.media.Buffer::isEOM (15 bytes)
Event: 105.408 Thread 0x00594800 nmethod 1078 0x01e9e1c8 code [0x01e9e2c0, 0x01e9e350]
Event: 106.576 Thread 0x00594800 1079             javax.swing.JComponent::reshape (10 bytes)
Event: 106.577 Thread 0x00594800 nmethod 1079 0x01e9e388 code [0x01e9e480, 0x01e9e52c]
Event: 106.998 Thread 0x00594800 1080             javax.media.format.VideoFormat::getSize (5 bytes)
Event: 106.998 Thread 0x00594800 nmethod 1080 0x01e9e588 code [0x01e9e680, 0x01e9e700]
Event: 108.576 Thread 0x00594800 1081             java.awt.ComponentOrientation::isLeftToRight (15 bytes)
Event: 108.576 Thread 0x00594800 nmethod 1081 0x01e9e748 code [0x01e9e840, 0x01e9e8d0]
Event: 109.338 Thread 0x00594800 1082             sun.util.locale.LocaleUtils::isAlpha (30 bytes)
Event: 109.339 Thread 0x00594800 nmethod 1082 0x01e9e908 code [0x01e9ea00, 0x01e9eac0]

GC Heap History (10 events):
Event: 28.317 GC heap before
{Heap before GC invocations=11 (full 1):
 def new generation   total 8192K, used 8192K [0x23820000, 0x24100000, 0x28cc0000)
  eden space 7296K, 100% used [0x23820000, 0x23f40000, 0x23f40000)
  from space 896K, 100% used [0x23f40000, 0x24020000, 0x24020000)
  to   space 896K,   0% used [0x24020000, 0x24020000, 0x24100000)
 tenured generation   total 17972K, used 17044K [0x28cc0000, 0x29e4d000, 0x33620000)
   the space 17972K,  94% used [0x28cc0000, 0x29d65250, 0x29d65400, 0x29e4d000)
 compacting perm gen  total 12288K, used 8314K [0x33620000, 0x34220000, 0x37620000)
   the space 12288K,  67% used [0x33620000, 0x33e3eb68, 0x33e3ec00, 0x34220000)
    ro space 10240K,  45% used [0x37620000, 0x37aa73d8, 0x37aa7400, 0x38020000)
    rw space 12288K,  54% used [0x38020000, 0x386aacc8, 0x386aae00, 0x38c20000)
Event: 28.515 GC heap after
Heap after GC invocations=12 (full 2):
 def new generation   total 13952K, used 0K [0x23820000, 0x24740000, 0x28cc0000)
  eden space 12416K,   0% used [0x23820000, 0x23820000, 0x24440000)
  from space 1536K,   0% used [0x24440000, 0x24440000, 0x245c0000)
  to   space 1536K,   0% used [0x245c0000, 0x245c0000, 0x24740000)
 tenured generation   total 30800K, used 18479K [0x28cc0000, 0x2aad4000, 0x33620000)
   the space 30800K,  59% used [0x28cc0000, 0x29ecbf50, 0x29ecc000, 0x2aad4000)
 compacting perm gen  total 12288K, used 8314K [0x33620000, 0x34220000, 0x37620000)
   the space 12288K,  67% used [0x33620000, 0x33e3eb68, 0x33e3ec00, 0x34220000)
    ro space 10240K,  45% used [0x37620000, 0x37aa73d8, 0x37aa7400, 0x38020000)
    rw space 12288K,  54% used [0x38020000, 0x386aacc8, 0x386aae00, 0x38c20000)
}
Event: 51.963 GC heap before
{Heap before GC invocations=12 (full 2):
 def new generation   total 13952K, used 12416K [0x23820000, 0x24740000, 0x28cc0000)
  eden space 12416K, 100% used [0x23820000, 0x24440000, 0x24440000)
  from space 1536K,   0% used [0x24440000, 0x24440000, 0x245c0000)
  to   space 1536K,   0% used [0x245c0000, 0x245c0000, 0x24740000)
 tenured generation   total 30800K, used 18479K [0x28cc0000, 0x2aad4000, 0x33620000)
   the space 30800K,  59% used [0x28cc0000, 0x29ecbf50, 0x29ecc000, 0x2aad4000)
 compacting perm gen  total 12288K, used 10173K [0x33620000, 0x34220000, 0x37620000)
   the space 12288K,  82% used [0x33620000, 0x3400f6f8, 0x3400f800, 0x34220000)
    ro space 10240K,  45% used [0x37620000, 0x37aa73d8, 0x37aa7400, 0x38020000)
    rw space 12288K,  54% used [0x38020000, 0x386aacc8, 0x386aae00, 0x38c20000)
Event: 52.015 GC heap after
Heap after GC invocations=13 (full 2):
 def new generation   total 13952K, used 1536K [0x23820000, 0x24740000, 0x28cc0000)
  eden space 12416K,   0% used [0x23820000, 0x23820000, 0x24440000)
  from space 1536K, 100% used [0x245c0000, 0x24740000, 0x24740000)
  to   space 1536K,   0% used [0x24440000, 0x24440000, 0x245c0000)
 tenured generation   total 30800K, used 19553K [0x28cc0000, 0x2aad4000, 0x33620000)
   the space 30800K,  63% used [0x28cc0000, 0x29fd86f0, 0x29fd8800, 0x2aad4000)
 compacting perm gen  total 12288K, used 10173K [0x33620000, 0x34220000, 0x37620000)
   the space 12288K,  82% used [0x33620000, 0x3400f6f8, 0x3400f800, 0x34220000)
    ro space 10240K,  45% used [0x37620000, 0x37aa73d8, 0x37aa7400, 0x38020000)
    rw space 12288K,  54% used [0x38020000, 0x386aacc8, 0x386aae00, 0x38c20000)
}
Event: 57.982 GC heap before
{Heap before GC invocations=13 (full 2):
 def new generation   total 13952K, used 13710K [0x23820000, 0x24740000, 0x28cc0000)
  eden space 12416K,  98% used [0x23820000, 0x24403ab0, 0x24440000)
  from space 1536K, 100% used [0x245c0000, 0x24740000, 0x24740000)
  to   space 1536K,   0% used [0x24440000, 0x24440000, 0x245c0000)
 tenured generation   total 30800K, used 19553K [0x28cc0000, 0x2aad4000, 0x33620000)
   the space 30800K,  63% used [0x28cc0000, 0x29fd86f0, 0x29fd8800, 0x2aad4000)
 compacting perm gen  total 12288K, used 10223K [0x33620000, 0x34220000, 0x37620000)
   the space 12288K,  83% used [0x33620000, 0x3401bf90, 0x3401c000, 0x34220000)
    ro space 10240K,  45% used [0x37620000, 0x37aa73d8, 0x37aa7400, 0x38020000)
    rw space 12288K,  54% used [0x38020000, 0x386aacc8, 0x386aae00, 0x38c20000)
Event: 58.033 GC heap after
Heap after GC invocations=14 (full 2):
 def new generation   total 13952K, used 1182K [0x23820000, 0x24740000, 0x28cc0000)
  eden space 12416K,   0% used [0x23820000, 0x23820000, 0x24440000)
  from space 1536K,  77% used [0x24440000, 0x24567b78, 0x245c0000)
  to   space 1536K,   0% used [0x245c0000, 0x245c0000, 0x24740000)
 tenured generation   total 30800K, used 21945K [0x28cc0000, 0x2aad4000, 0x33620000)
   the space 30800K,  71% used [0x28cc0000, 0x2a22e4d8, 0x2a22e600, 0x2aad4000)
 compacting perm gen  total 12288K, used 10223K [0x33620000, 0x34220000, 0x37620000)
   the space 12288K,  83% used [0x33620000, 0x3401bf90, 0x3401c000, 0x34220000)
    ro space 10240K,  45% used [0x37620000, 0x37aa73d8, 0x37aa7400, 0x38020000)
    rw space 12288K,  54% used [0x38020000, 0x386aacc8, 0x386aae00, 0x38c20000)
}
Event: 58.647 GC heap before
{Heap before GC invocations=14 (full 2):
 def new generation   total 13952K, used 13598K [0x23820000, 0x24740000, 0x28cc0000)
  eden space 12416K, 100% used [0x23820000, 0x24440000, 0x24440000)
  from space 1536K,  77% used [0x24440000, 0x24567b78, 0x245c0000)
  to   space 1536K,   0% used [0x245c0000, 0x245c0000, 0x24740000)
 tenured generation   total 30800K, used 21945K [0x28cc0000, 0x2aad4000, 0x33620000)
   the space 30800K,  71% used [0x28cc0000, 0x2a22e4d8, 0x2a22e600, 0x2aad4000)
 compacting perm gen  total 12288K, used 10285K [0x33620000, 0x34220000, 0x37620000)
   the space 12288K,  83% used [0x33620000, 0x3402b708, 0x3402b800, 0x34220000)
    ro space 10240K,  45% used [0x37620000, 0x37aa73d8, 0x37aa7400, 0x38020000)
    rw space 12288K,  54% used [0x38020000, 0x386aacc8, 0x386aae00, 0x38c20000)
Event: 58.670 GC heap after
Heap after GC invocations=15 (full 2):
 def new generation   total 13952K, used 331K [0x23820000, 0x24740000, 0x28cc0000)
  eden space 12416K,   0% used [0x23820000, 0x23820000, 0x24440000)
  from space 1536K,  21% used [0x245c0000, 0x24612d98, 0x24740000)
  to   space 1536K,   0% used [0x24440000, 0x24440000, 0x245c0000)
 tenured generation   total 30800K, used 23085K [0x28cc0000, 0x2aad4000, 0x33620000)
   the space 30800K,  74% used [0x28cc0000, 0x2a34b6e8, 0x2a34b800, 0x2aad4000)
 compacting perm gen  total 12288K, used 10285K [0x33620000, 0x34220000, 0x37620000)
   the space 12288K,  83% used [0x33620000, 0x3402b708, 0x3402b800, 0x34220000)
    ro space 10240K,  45% used [0x37620000, 0x37aa73d8, 0x37aa7400, 0x38020000)
    rw space 12288K,  54% used [0x38020000, 0x386aacc8, 0x386aae00, 0x38c20000)
}
Event: 59.135 GC heap before
{Heap before GC invocations=15 (full 2):
 def new generation   total 13952K, used 12568K [0x23820000, 0x24740000, 0x28cc0000)
  eden space 12416K,  98% used [0x23820000, 0x244134b0, 0x24440000)
  from space 1536K,  21% used [0x245c0000, 0x24612d98, 0x24740000)
  to   space 1536K,   0% used [0x24440000, 0x24440000, 0x245c0000)
 tenured generation   total 30800K, used 23085K [0x28cc0000, 0x2aad4000, 0x33620000)
   the space 30800K,  74% used [0x28cc0000, 0x2a34b6e8, 0x2a34b800, 0x2aad4000)
 compacting perm gen  total 12288K, used 10293K [0x33620000, 0x34220000, 0x37620000)
   the space 12288K,  83% used [0x33620000, 0x3402d6f8, 0x3402d800, 0x34220000)
    ro space 10240K,  45% used [0x37620000, 0x37aa73d8, 0x37aa7400, 0x38020000)
    rw space 12288K,  54% used [0x38020000, 0x386aacc8, 0x386aae00, 0x38c20000)
Event: 59.145 GC heap after
Heap after GC invocations=16 (full 2):
 def new generation   total 13952K, used 233K [0x23820000, 0x24740000, 0x28cc0000)
  eden space 12416K,   0% used [0x23820000, 0x23820000, 0x24440000)
  from space 1536K,  15% used [0x24440000, 0x2447a548, 0x245c0000)
  to   space 1536K,   0% used [0x245c0000, 0x245c0000, 0x24740000)
 tenured generation   total 30800K, used 23085K [0x28cc0000, 0x2aad4000, 0x33620000)
   the space 30800K,  74% used [0x28cc0000, 0x2a34b6e8, 0x2a34b800, 0x2aad4000)
 compacting perm gen  total 12288K, used 10293K [0x33620000, 0x34220000, 0x37620000)
   the space 12288K,  83% used [0x33620000, 0x3402d6f8, 0x3402d800, 0x34220000)
    ro space 10240K,  45% used [0x37620000, 0x37aa73d8, 0x37aa7400, 0x38020000)
    rw space 12288K,  54% used [0x38020000, 0x386aacc8, 0x386aae00, 0x38c20000)
}

Deoptimization events (0 events):
No events

Internal exceptions (10 events):
Event: 58.107 Thread 0x03ec7800 Threw 0x23878130 at C:\jdk7u2_32P\jdk7u17\hotspot\src\share\vm\prims\jvm.cpp:1166
Event: 58.152 Thread 0x03ec7800 Threw 0x23907680 at C:\jdk7u2_32P\jdk7u17\hotspot\src\share\vm\prims\jvm.cpp:1166
Event: 58.231 Thread 0x03ec7800 Threw 0x2394fe50 at C:\jdk7u2_32P\jdk7u17\hotspot\src\share\vm\prims\jvm.cpp:1166
Event: 58.249 Thread 0x03ec7800 Threw 0x23959348 at C:\jdk7u2_32P\jdk7u17\hotspot\src\share\vm\prims\jvm.cpp:1166
Event: 58.278 Thread 0x03ec7800 Threw 0x2397e930 at C:\jdk7u2_32P\jdk7u17\hotspot\src\share\vm\prims\jvm.cpp:1166
Event: 58.304 Thread 0x03ec7800 Threw 0x2398f368 at C:\jdk7u2_32P\jdk7u17\hotspot\src\share\vm\prims\jvm.cpp:1166
Event: 58.327 Thread 0x03ec7800 Threw 0x239983f8 at C:\jdk7u2_32P\jdk7u17\hotspot\src\share\vm\prims\jvm.cpp:1166
Event: 58.352 Thread 0x03ec7800 Threw 0x239a1ed8 at C:\jdk7u2_32P\jdk7u17\hotspot\src\share\vm\prims\jvm.cpp:1166
Event: 58.754 Thread 0x03ec7800 Threw 0x2406f050 at C:\jdk7u2_32P\jdk7u17\hotspot\src\share\vm\prims\jvm.cpp:1166
Event: 111.134 Thread 0x03ec7800 Threw 0x23d0c110 at C:\jdk7u2_32P\jdk7u17\hotspot\src\share\vm\prims\jvm.cpp:1166

Events (10 events):
Event: 111.183 Thread 0x04004c00 Thread added: 0x04004c00
Event: 111.183 Thread 0x04005800 Thread added: 0x04005800
Event: 111.184 Thread 0x04006800 Thread added: 0x04006800
Event: 111.184 loading class 0x38c931e8
Event: 111.188 Thread 0x04005800 Thread exited: 0x04005800
Event: 111.208 loading class 0x38c93190
Event: 111.209 loading class 0x38c93190 done
Event: 111.210 loading class 0x38c931e8 done
Event: 111.210 Thread 0x04004c00 Thread exited: 0x04004c00
Event: 111.243 Thread 0x03ec7000 Thread exited: 0x03ec7000


Dynamic libraries:
0x01020000 - 0x0104f000 	C:\Program Files\Java\jdk1.7.0_17\bin\java.exe
0x77c00000 - 0x77d3c000 	C:\Windows\SYSTEM32\ntdll.dll
0x77790000 - 0x77864000 	C:\Windows\system32\kernel32.dll
0x76010000 - 0x7605b000 	C:\Windows\system32\KERNELBASE.dll
0x77b60000 - 0x77c00000 	C:\Windows\system32\ADVAPI32.dll
0x77610000 - 0x776bc000 	C:\Windows\system32\msvcrt.dll
0x77210000 - 0x77229000 	C:\Windows\SYSTEM32\sechost.dll
0x77360000 - 0x77401000 	C:\Windows\system32\RPCRT4.dll
0x776c0000 - 0x77789000 	C:\Windows\system32\USER32.dll
0x762e0000 - 0x7632e000 	C:\Windows\system32\GDI32.dll
0x77350000 - 0x7735a000 	C:\Windows\system32\LPK.dll
0x77ac0000 - 0x77b5e000 	C:\Windows\system32\USP10.dll
0x74c30000 - 0x74dce000 	C:\Windows\WinSxS\x86_microsoft.windows.common-controls_6595b64144ccf1df_6.0.7600.16661_none_420fe3fa2b8113bd\COMCTL32.dll
0x77410000 - 0x77467000 	C:\Windows\system32\SHLWAPI.dll
0x77d40000 - 0x77d5f000 	C:\Windows\system32\IMM32.DLL
0x764e0000 - 0x765ac000 	C:\Windows\system32\MSCTF.dll
0x673c0000 - 0x6747e000 	C:\Program Files\Java\jdk1.7.0_17\jre\bin\msvcr100.dll
0x61770000 - 0x61abc000 	C:\Program Files\Java\jdk1.7.0_17\jre\bin\client\jvm.dll
0x70ae0000 - 0x70ae7000 	C:\Windows\system32\WSOCK32.dll
0x778c0000 - 0x778f5000 	C:\Windows\system32\WS2_32.dll
0x77d70000 - 0x77d76000 	C:\Windows\system32\NSI.dll
0x74050000 - 0x74082000 	C:\Windows\system32\WINMM.dll
0x77d60000 - 0x77d65000 	C:\Windows\system32\PSAPI.DLL
0x70010000 - 0x7001c000 	C:\Program Files\Java\jdk1.7.0_17\jre\bin\verify.dll
0x69650000 - 0x69670000 	C:\Program Files\Java\jdk1.7.0_17\jre\bin\java.dll
0x6b7a0000 - 0x6b7b3000 	C:\Program Files\Java\jdk1.7.0_17\jre\bin\zip.dll
0x615a0000 - 0x616e2000 	C:\Program Files\Java\jdk1.7.0_17\jre\bin\awt.dll
0x76090000 - 0x7611f000 	C:\Windows\system32\OLEAUT32.dll
0x77960000 - 0x77abc000 	C:\Windows\system32\ole32.dll
0x74ab0000 - 0x74af0000 	C:\Windows\system32\uxtheme.dll
0x74670000 - 0x74683000 	C:\Windows\system32\dwmapi.dll
0x75ce0000 - 0x75cec000 	C:\Windows\system32\CRYPTBASE.dll
0x765c0000 - 0x77209000 	C:\Windows\system32\SHELL32.dll
0x61750000 - 0x61764000 	C:\Program Files\Java\jdk1.7.0_17\jre\bin\net.dll
0x757d0000 - 0x7580c000 	C:\Windows\system32\mswsock.dll
0x757c0000 - 0x757c6000 	C:\Windows\System32\wship6.dll
0x72130000 - 0x7213e000 	C:\Program Files\Java\jdk1.7.0_17\jre\bin\nio.dll
0x75810000 - 0x75826000 	C:\Windows\system32\CRYPTSP.dll
0x755b0000 - 0x755eb000 	C:\Windows\system32\rsaenh.dll
0x753b0000 - 0x753c7000 	C:\Windows\system32\USERENV.dll
0x75d60000 - 0x75d6b000 	C:\Windows\system32\profapi.dll
0x73f30000 - 0x73f40000 	C:\Windows\system32\NLAapi.dll
0x75690000 - 0x756d4000 	C:\Windows\system32\DNSAPI.dll
0x70d70000 - 0x70d78000 	C:\Windows\System32\winrnr.dll
0x70d50000 - 0x70d60000 	C:\Windows\system32\napinsp.dll
0x70d30000 - 0x70d42000 	C:\Windows\system32\pnrpnsp.dll
0x70d00000 - 0x70d27000 	C:\Program Files\Common Files\Microsoft Shared\Windows Live\WLIDNSP.DLL
0x752e0000 - 0x752e5000 	C:\Windows\System32\wshtcpip.dll
0x73820000 - 0x7383c000 	C:\Windows\system32\IPHLPAPI.DLL
0x73810000 - 0x73817000 	C:\Windows\system32\WINNSI.DLL
0x70ad0000 - 0x70ad6000 	C:\Windows\system32\rasadhlp.dll
0x736f0000 - 0x73728000 	C:\Windows\System32\fwpuclnt.dll
0x73ba0000 - 0x73bc5000 	C:\Program Files\Java\jdk1.7.0_17\jre\bin\jpeg.dll
0x61570000 - 0x6159a000 	C:\Program Files\Java\jdk1.7.0_17\jre\bin\fontmanager.dll
0x76450000 - 0x764d3000 	C:\Windows\system32\CLBCatQ.DLL
0x74510000 - 0x7460b000 	C:\Windows\system32\WindowsCodecs.dll
0x75c90000 - 0x75cdb000 	C:\Windows\system32\apphelp.dll
0x6f780000 - 0x6f7b1000 	C:\Windows\system32\EhStorShell.dll
0x77470000 - 0x7760d000 	C:\Windows\system32\SETUPAPI.dll
0x75ec0000 - 0x75ee7000 	C:\Windows\system32\CFGMGR32.dll
0x75ea0000 - 0x75eb2000 	C:\Windows\system32\DEVOBJ.dll
0x74af0000 - 0x74be5000 	C:\Windows\system32\PROPSYS.dll
0x6f710000 - 0x6f77a000 	C:\Windows\System32\cscui.dll
0x70d60000 - 0x70d69000 	C:\Windows\System32\CSCDLL.dll
0x6f700000 - 0x6f70b000 	C:\Windows\system32\CSCAPI.dll
0x6f350000 - 0x6f3bf000 	C:\Windows\system32\ntshrui.dll
0x75ac0000 - 0x75ad9000 	C:\Windows\system32\srvcli.dll
0x73e00000 - 0x73e0a000 	C:\Windows\system32\slc.dll
0x61530000 - 0x61561000 	C:\Program Files\Java\jdk1.7.0_17\jre\bin\t2k.dll
0x10000000 - 0x10015000 	C:\Windows\System32\jmutil.dll
0x04810000 - 0x0481d000 	C:\Windows\System32\jmvfw.dll
0x739b0000 - 0x739c3000 	C:\Windows\system32\AVICAP32.dll
0x75160000 - 0x75169000 	C:\Windows\system32\VERSION.dll
0x73530000 - 0x73551000 	C:\Windows\system32\MSVFW32.dll
0x70f40000 - 0x70f46000 	C:\Windows\system32\DCIMAN32.DLL
0x747a0000 - 0x747d9000 	C:\Windows\system32\MMDevAPI.DLL
0x73f50000 - 0x73f80000 	C:\Windows\system32\wdmaud.drv
0x73f40000 - 0x73f44000 	C:\Windows\system32\ksuser.dll
0x74610000 - 0x74617000 	C:\Windows\system32\AVRT.dll
0x73e60000 - 0x73e96000 	C:\Windows\system32\AUDIOSES.DLL
0x73df0000 - 0x73df8000 	C:\Windows\system32\msacm32.drv
0x73dd0000 - 0x73de4000 	C:\Windows\system32\MSACM32.dll
0x73dc0000 - 0x73dc7000 	C:\Windows\system32\midimap.dll
0x739d0000 - 0x739e1000 	C:\Windows\system32\vfwwdm32.dll
0x6ba50000 - 0x6ba64000 	C:\Windows\system32\devenum.dll
0x75090000 - 0x750b1000 	C:\Windows\system32\ntmarta.dll
0x77870000 - 0x778b5000 	C:\Windows\system32\WLDAP32.dll
0x76060000 - 0x7608d000 	C:\Windows\system32\WINTRUST.dll
0x75ef0000 - 0x7600e000 	C:\Windows\system32\CRYPT32.dll
0x75e00000 - 0x75e0c000 	C:\Windows\system32\MSASN1.dll
0x6b9d0000 - 0x6b9db000 	C:\Windows\system32\msdmo.dll
0x73850000 - 0x73883000 	C:\Windows\system32\ksproxy.ax
0x70440000 - 0x70603000 	C:\Windows\system32\d3d9.dll
0x70430000 - 0x70436000 	C:\Windows\system32\d3d8thk.dll
0x74c10000 - 0x74c19000 	C:\Windows\system32\vidcap.ax
0x73510000 - 0x7352d000 	C:\Windows\system32\kswdmcap.ax
0x6a790000 - 0x6a8ac000 	C:\Windows\system32\MFC42.dll
0x6c500000 - 0x6c58c000 	C:\Windows\system32\ODBC32.dll
0x6f980000 - 0x6f9b8000 	C:\Windows\system32\odbcint.dll
0x72c30000 - 0x72c62000 	C:\Windows\system32\qcap.dll
0x62d70000 - 0x62ee7000 	C:\Windows\system32\quartz.dll
0x74280000 - 0x74289000 	C:\Windows\system32\msyuv.dll
0x06300000 - 0x06308000 	C:\Windows\System32\jmddraw.dll
0x70610000 - 0x706f7000 	C:\Windows\system32\DDRAW.dll
0x06400000 - 0x06485000 	C:\Windows\system32\igdumdx32.dll
0x06af0000 - 0x06ea7000 	C:\Windows\system32\igdumd32.dll
0x06380000 - 0x0638b000 	C:\Windows\System32\jmvcm.dll
0x73a90000 - 0x73a96000 	C:\Program Files\Java\jdk1.7.0_17\jre\bin\jawt.dll
0x064e0000 - 0x064e9000 	C:\Windows\System32\jmfjawt.dll
0x6cb60000 - 0x6cb84000 	C:\Program Files\Java\jdk1.7.0_17\jre\bin\dcpr.dll
0x70f60000 - 0x7104b000 	C:\Windows\system32\dbghelp.dll

VM Arguments:
jvm_args: -Dfile.encoding=UTF-8 
java_command: com.freelancersteam.www.java.tomafoto.vistas.Camara
Launcher Type: SUN_STANDARD

Environment Variables:
CLASSPATH=.;.;d:\ARCHIV~1\JMF21~1.1E\lib\sound.jar;d:\ARCHIV~1\JMF21~1.1E\lib\jmf.jar;d:\ARCHIV~1\JMF21~1.1E\lib;
PATH=C:\Program Files\Common Files\Microsoft Shared\Windows Live;C:\Windows\system32;C:\Windows;C:\Windows\System32\Wbem;C:\Windows\System32\WindowsPowerShell\v1.0\;C:\Program Files\NTRU Cryptosystems\NTRU TCG Software Stack\bin\;C:\Program Files\Windows Live\Shared
USERNAME=alumno
OS=Windows_NT
PROCESSOR_IDENTIFIER=x86 Family 6 Model 28 Stepping 10, GenuineIntel



---------------  S Y S T E M  ---------------

OS: Windows 7 Build 7600 

CPU:total 2 (1 cores per cpu, 2 threads per core) family 6 model 28 stepping 10, cmov, cx8, fxsr, mmx, sse, sse2, sse3, ssse3, ht, tsc

Memory: 4k page, physical 1037744k(43884k free), swap 2086320k(463820k free)

vm_info: Java HotSpot(TM) Client VM (23.7-b01) for windows-x86 JRE (1.7.0_17-b02), built on Mar  1 2013 05:04:36 by "java_re" with unknown MS VC++:1600

time: Mon Apr 29 05:38:54 2013
elapsed time: 111 seconds

